Logs for instance 1-Insertions_4

--- Run 1 ---
Chromatic number: 5
Solution: [1, 2, 3, 2, 1, 2, 3, 1, 4, 5, 2, 1, 1, 4, 3, 4, 3, 3, 3, 2, 2, 5, 1, 4, 3, 2, 1, 1, 4, 5, 4, 3, 4, 5, 4, 5, 1, 3, 3, 4, 3, 3, 4, 1, 3, 2, 2, 2, 3, 2, 3, 5, 2, 2, 2, 3, 5, 2, 2, 2, 3, 2, 2, 2, 2, 2, 1]
Time taken: 6.87 seconds

--- Run 2 ---
Chromatic number: 5
Solution: [1, 2, 1, 2, 1, 3, 2, 4, 2, 1, 4, 5, 5, 4, 3, 2, 3, 1, 3, 3, 3, 4, 3, 3, 4, 2, 5, 5, 4, 3, 4, 4, 4, 4, 4, 4, 3, 3, 3, 3, 3, 3, 3, 4, 1, 1, 1, 1, 3, 1, 3, 1, 1, 1, 2, 1, 2, 1, 3, 1, 3, 1, 3, 5, 3, 2, 4]
Time taken: 7.14 seconds

--- Run 3 ---
Chromatic number: 5
Solution: [1, 2, 3, 2, 4, 2, 3, 3, 2, 1, 2, 4, 5, 1, 4, 5, 4, 5, 5, 2, 2, 1, 1, 2, 1, 5, 4, 2, 1, 1, 2, 1, 3, 1, 1, 3, 3, 2, 4, 2, 4, 5, 3, 3, 1, 2, 3, 2, 2, 2, 3, 1, 2, 1, 2, 4, 2, 1, 1, 2, 4, 4, 2, 4, 2, 1, 5]
Time taken: 7.24 seconds

--- Run 4 ---
Chromatic number: 5
Solution: [1, 2, 3, 3, 1, 4, 3, 1, 2, 5, 3, 1, 1, 2, 1, 4, 3, 3, 1, 3, 3, 2, 4, 4, 5, 4, 5, 4, 3, 5, 5, 1, 5, 2, 2, 5, 5, 3, 3, 5, 5, 1, 3, 5, 3, 3, 1, 3, 1, 4, 1, 1, 1, 2, 3, 1, 1, 3, 3, 3, 3, 1, 1, 2, 3, 4, 5]
Time taken: 8.55 seconds

--- Run 5 ---
Chromatic number: 5
Solution: [1, 2, 3, 3, 1, 2, 4, 4, 4, 5, 5, 5, 5, 3, 1, 3, 3, 3, 1, 1, 3, 5, 1, 2, 1, 3, 2, 1, 4, 1, 2, 5, 4, 2, 1, 4, 1, 1, 1, 1, 2, 1, 1, 2, 1, 3, 5, 3, 2, 3, 5, 5, 3, 3, 3, 5, 3, 3, 1, 3, 3, 3, 3, 3, 5, 3, 4]
Time taken: 7.76 seconds

--- Run 6 ---
Chromatic number: 5
Solution: [1, 2, 1, 3, 2, 3, 1, 1, 2, 1, 4, 4, 3, 5, 1, 3, 1, 3, 3, 3, 1, 5, 5, 3, 4, 3, 2, 3, 5, 4, 3, 4, 5, 2, 3, 5, 3, 3, 4, 3, 3, 4, 2, 4, 4, 1, 2, 1, 1, 3, 4, 4, 1, 1, 4, 1, 3, 1, 1, 2, 1, 3, 3, 3, 1, 1, 5]
Time taken: 8.12 seconds

--- Run 7 ---
Chromatic number: 5
Solution: [1, 2, 1, 3, 1, 4, 3, 4, 2, 1, 2, 4, 2, 2, 1, 2, 1, 1, 1, 5, 1, 4, 5, 5, 5, 3, 4, 4, 3, 4, 2, 1, 3, 5, 5, 3, 3, 3, 3, 3, 1, 3, 1, 4, 1, 3, 1, 1, 1, 2, 1, 1, 1, 1, 2, 5, 2, 5, 1, 5, 3, 3, 5, 5, 3, 2, 4]
Time taken: 8.65 seconds

--- Run 8 ---
Chromatic number: 5
Solution: [1, 2, 1, 3, 2, 2, 1, 4, 4, 1, 3, 5, 3, 1, 1, 3, 1, 1, 4, 4, 1, 5, 5, 2, 5, 3, 2, 4, 4, 4, 2, 5, 3, 4, 2, 3, 2, 2, 2, 2, 2, 2, 2, 2, 1, 1, 5, 3, 1, 1, 1, 4, 4, 1, 1, 1, 3, 1, 4, 1, 5, 1, 4, 1, 1, 1, 2]
Time taken: 7.27 seconds

--- Run 9 ---
Chromatic number: 5
Solution: [1, 2, 1, 2, 3, 2, 1, 4, 3, 4, 2, 4, 2, 4, 1, 1, 4, 1, 1, 1, 1, 2, 1, 5, 1, 2, 3, 2, 5, 5, 2, 5, 2, 5, 2, 5, 5, 3, 5, 3, 5, 5, 1, 2, 1, 4, 1, 4, 1, 4, 1, 1, 2, 4, 4, 4, 4, 1, 4, 1, 4, 4, 1, 1, 1, 4, 3]
Time taken: 7.37 seconds

--- Run 10 ---
Chromatic number: 5
Solution: [1, 2, 3, 4, 3, 2, 4, 5, 4, 1, 4, 2, 2, 4, 3, 2, 5, 3, 2, 2, 5, 4, 5, 2, 1, 4, 2, 2, 5, 1, 2, 1, 5, 1, 1, 1, 1, 2, 1, 1, 2, 5, 3, 1, 3, 2, 4, 3, 2, 4, 3, 3, 3, 1, 4, 2, 2, 1, 4, 2, 3, 2, 2, 3, 2, 4, 5]
Time taken: 7.39 seconds

--- Run 11 ---
Chromatic number: 5
Solution: [1, 2, 1, 2, 1, 3, 2, 1, 4, 1, 2, 1, 3, 2, 5, 2, 2, 2, 5, 3, 2, 1, 1, 2, 5, 5, 1, 4, 2, 1, 3, 5, 2, 1, 4, 4, 5, 2, 2, 2, 5, 4, 2, 4, 1, 2, 1, 2, 1, 1, 2, 1, 3, 1, 2, 1, 1, 2, 5, 2, 2, 2, 1, 2, 2, 1, 4]
Time taken: 7.16 seconds

--- Run 12 ---
Chromatic number: 5
Solution: [1, 2, 3, 3, 4, 4, 3, 5, 5, 5, 5, 5, 4, 5, 1, 1, 1, 1, 4, 4, 3, 5, 4, 2, 3, 2, 1, 4, 3, 4, 5, 3, 5, 4, 4, 2, 3, 3, 2, 1, 2, 1, 1, 2, 3, 5, 1, 5, 4, 5, 5, 4, 5, 5, 5, 5, 4, 3, 4, 5, 1, 5, 1, 4, 5, 4, 2]
Time taken: 7.38 seconds

--- Run 13 ---
Chromatic number: 5
Solution: [1, 2, 1, 3, 2, 2, 1, 1, 2, 3, 3, 2, 3, 3, 4, 5, 1, 5, 2, 2, 1, 3, 4, 5, 4, 4, 2, 4, 4, 4, 3, 4, 3, 4, 4, 1, 4, 5, 5, 4, 4, 4, 1, 3, 1, 3, 1, 3, 5, 5, 3, 3, 3, 3, 1, 3, 2, 5, 5, 1, 1, 5, 5, 5, 5, 2, 4]
Time taken: 8.45 seconds

--- Run 14 ---
Chromatic number: 5
Solution: [1, 2, 3, 3, 2, 4, 3, 4, 2, 3, 3, 5, 2, 3, 1, 2, 1, 2, 2, 2, 3, 4, 1, 5, 5, 3, 2, 2, 1, 4, 5, 5, 4, 5, 4, 1, 5, 1, 1, 3, 5, 1, 1, 5, 1, 2, 1, 3, 2, 3, 1, 2, 3, 3, 3, 2, 3, 3, 3, 2, 1, 3, 3, 3, 3, 2, 5]
Time taken: 7.33 seconds

--- Run 15 ---
Chromatic number: 5
Solution: [1, 2, 3, 3, 1, 4, 2, 1, 4, 1, 3, 1, 1, 2, 5, 2, 2, 2, 1, 3, 5, 4, 1, 2, 3, 4, 1, 5, 3, 1, 4, 5, 4, 4, 4, 5, 2, 2, 2, 5, 1, 5, 3, 4, 1, 2, 3, 2, 1, 1, 2, 1, 4, 1, 3, 1, 4, 2, 2, 2, 1, 2, 1, 2, 1, 4, 5]
Time taken: 7.12 seconds

--- Run 16 ---
Chromatic number: 5
Solution: [1, 2, 1, 3, 2, 2, 4, 1, 2, 3, 5, 1, 2, 3, 3, 4, 3, 4, 2, 2, 4, 1, 4, 4, 4, 5, 2, 2, 4, 1, 2, 5, 5, 2, 2, 4, 4, 4, 5, 4, 2, 4, 3, 5, 3, 2, 1, 3, 3, 1, 4, 3, 3, 3, 3, 2, 2, 3, 4, 4, 1, 4, 2, 3, 1, 1, 5]
Time taken: 6.79 seconds

--- Run 17 ---
Chromatic number: 5
Solution: [1, 2, 1, 3, 4, 2, 5, 5, 2, 3, 5, 2, 2, 5, 3, 1, 1, 3, 1, 1, 1, 2, 1, 4, 1, 3, 1, 2, 5, 4, 2, 3, 5, 4, 3, 5, 1, 1, 3, 1, 3, 1, 1, 5, 1, 2, 1, 5, 1, 2, 5, 2, 2, 5, 5, 2, 2, 5, 1, 2, 1, 2, 1, 1, 1, 4, 3]
Time taken: 7.22 seconds

--- Run 18 ---
Chromatic number: 5
Solution: [1, 2, 3, 3, 2, 2, 4, 1, 5, 5, 5, 1, 5, 5, 1, 2, 2, 2, 2, 2, 2, 4, 4, 4, 4, 3, 2, 2, 3, 5, 4, 5, 4, 5, 1, 5, 2, 3, 2, 2, 2, 2, 3, 5, 5, 2, 5, 1, 2, 2, 3, 5, 5, 1, 3, 1, 5, 5, 2, 2, 2, 1, 2, 2, 2, 5, 4]
Time taken: 7.50 seconds

--- Run 19 ---
Chromatic number: 5
Solution: [1, 2, 3, 2, 1, 4, 2, 3, 2, 3, 5, 3, 4, 2, 1, 1, 1, 1, 1, 4, 1, 3, 3, 2, 1, 5, 3, 5, 5, 5, 2, 3, 2, 3, 5, 5, 1, 2, 1, 1, 1, 5, 1, 3, 3, 2, 1, 1, 1, 2, 1, 3, 2, 1, 5, 2, 2, 2, 1, 1, 1, 1, 1, 1, 1, 3, 4]
Time taken: 6.99 seconds

--- Run 20 ---
Chromatic number: 5
Solution: [1, 2, 1, 3, 4, 2, 5, 4, 5, 1, 2, 4, 3, 5, 3, 2, 2, 2, 3, 2, 2, 5, 1, 5, 1, 3, 1, 3, 1, 5, 5, 1, 2, 1, 3, 1, 1, 3, 1, 1, 1, 3, 1, 1, 1, 2, 2, 2, 5, 3, 2, 2, 2, 1, 2, 2, 2, 5, 3, 3, 2, 2, 5, 2, 5, 2, 4]
Time taken: 7.24 seconds

--- Run 21 ---
Chromatic number: 5
Solution: [1, 2, 3, 3, 1, 2, 3, 4, 4, 3, 4, 2, 2, 3, 3, 2, 3, 3, 1, 2, 4, 5, 1, 2, 3, 5, 1, 1, 3, 5, 2, 3, 2, 1, 2, 3, 2, 2, 1, 1, 2, 2, 4, 5, 3, 4, 3, 3, 1, 2, 3, 3, 4, 3, 3, 2, 2, 3, 3, 2, 3, 3, 1, 2, 3, 3, 5]
Time taken: 7.98 seconds

--- Run 22 ---
Chromatic number: 5
Solution: [1, 2, 1, 2, 1, 3, 4, 4, 2, 4, 4, 3, 2, 4, 1, 1, 5, 2, 1, 1, 1, 4, 1, 2, 4, 2, 3, 3, 4, 3, 2, 5, 4, 5, 3, 2, 1, 1, 1, 2, 2, 1, 1, 3, 3, 2, 4, 2, 3, 1, 2, 4, 2, 4, 4, 3, 2, 4, 1, 4, 4, 2, 1, 4, 2, 3, 5]
Time taken: 7.47 seconds

--- Run 23 ---
Chromatic number: 5
Solution: [1, 2, 3, 2, 1, 2, 4, 5, 2, 3, 3, 3, 5, 3, 1, 2, 1, 1, 1, 2, 1, 3, 1, 2, 1, 2, 5, 5, 4, 3, 2, 5, 3, 3, 2, 5, 1, 1, 1, 1, 1, 2, 1, 4, 1, 2, 1, 2, 1, 3, 1, 3, 2, 3, 3, 3, 3, 3, 1, 1, 5, 1, 1, 1, 5, 3, 4]
Time taken: 7.79 seconds

--- Run 24 ---
Chromatic number: 5
Solution: [1, 2, 3, 3, 2, 2, 3, 4, 4, 1, 4, 4, 4, 4, 1, 2, 3, 1, 3, 3, 3, 4, 5, 2, 1, 3, 5, 2, 5, 5, 5, 5, 5, 5, 1, 5, 5, 2, 3, 3, 5, 3, 3, 5, 4, 4, 4, 4, 4, 3, 3, 4, 2, 4, 3, 4, 4, 4, 2, 3, 2, 3, 2, 2, 4, 4, 5]
Time taken: 7.17 seconds

--- Run 25 ---
Chromatic number: 5
Solution: [1, 2, 3, 3, 1, 2, 4, 4, 2, 4, 3, 5, 2, 4, 1, 2, 1, 1, 1, 2, 1, 4, 4, 2, 1, 2, 2, 2, 3, 5, 4, 1, 2, 2, 2, 4, 1, 2, 1, 2, 2, 1, 3, 3, 1, 2, 1, 1, 1, 2, 1, 1, 2, 4, 5, 4, 2, 4, 1, 4, 1, 1, 1, 2, 4, 4, 3]
Time taken: 7.37 seconds

--- Run 26 ---
Chromatic number: 5
Solution: [1, 2, 3, 2, 4, 1, 2, 1, 5, 5, 5, 4, 5, 5, 2, 2, 2, 2, 4, 2, 2, 5, 4, 4, 4, 5, 4, 4, 2, 5, 4, 4, 5, 5, 5, 3, 4, 4, 4, 3, 4, 1, 3, 5, 1, 2, 2, 2, 1, 5, 2, 2, 2, 2, 2, 4, 5, 2, 2, 2, 2, 2, 2, 2, 2, 2, 3]
Time taken: 6.94 seconds

--- Run 27 ---
Chromatic number: 5
Solution: [1, 2, 1, 2, 3, 2, 1, 4, 2, 4, 2, 4, 4, 4, 3, 1, 3, 3, 3, 2, 1, 4, 1, 5, 1, 2, 5, 5, 1, 4, 5, 3, 5, 4, 4, 1, 3, 3, 3, 5, 3, 1, 1, 5, 3, 2, 3, 3, 3, 4, 2, 4, 4, 2, 4, 3, 2, 2, 3, 1, 2, 1, 2, 4, 3, 4, 5]
Time taken: 7.36 seconds

--- Run 28 ---
Chromatic number: 5
Solution: [1, 2, 3, 4, 3, 2, 4, 1, 5, 1, 4, 2, 1, 1, 2, 5, 2, 5, 2, 2, 4, 1, 3, 5, 3, 5, 5, 5, 5, 3, 5, 3, 5, 2, 5, 5, 3, 5, 4, 5, 2, 5, 5, 3, 1, 1, 1, 1, 1, 1, 1, 1, 5, 1, 1, 4, 2, 1, 1, 5, 1, 1, 1, 4, 1, 1, 3]
Time taken: 6.98 seconds

--- Run 29 ---
Chromatic number: 6
Solution: [1, 2, 1, 2, 1, 2, 3, 1, 2, 3, 2, 4, 2, 3, 1, 2, 1, 5, 1, 1, 3, 6, 1, 6, 1, 6, 6, 5, 3, 6, 6, 6, 6, 1, 5, 6, 1, 2, 5, 5, 1, 2, 1, 6, 2, 2, 2, 2, 1, 5, 2, 1, 3, 1, 2, 2, 2, 4, 2, 1, 1, 2, 1, 5, 2, 3, 6]
Time taken: 6.52 seconds

--- Run 30 ---
Chromatic number: 5
Solution: [1, 2, 1, 3, 4, 4, 1, 4, 4, 3, 3, 4, 4, 3, 1, 1, 2, 1, 4, 5, 1, 3, 1, 5, 5, 5, 4, 4, 3, 4, 5, 3, 3, 5, 3, 3, 1, 1, 5, 5, 1, 1, 5, 3, 1, 2, 1, 3, 4, 1, 1, 3, 2, 3, 3, 1, 4, 2, 1, 1, 1, 1, 4, 1, 4, 3, 5]
Time taken: 7.25 seconds

