Logs for instance mug88_1

--- Run 1 ---
Chromatic number: 4
Solution: [1, 2, 1, 3, 2, 4, 3, 3, 2, 1, 2, 2, 4, 2, 3, 4, 4, 2, 3, 1, 4, 2, 4, 3, 2, 2, 3, 4, 1, 4, 3, 4, 1, 1, 2, 1, 4, 4, 1, 3, 4, 2, 4, 4, 3, 1, 1, 3, 4, 3, 2, 2, 3, 1, 4, 1, 2, 4, 4, 1, 3, 2, 3, 4, 4, 3, 2, 4, 2, 3, 3, 2, 1, 4, 1, 2, 1, 4, 2, 4, 1, 3, 1, 4, 3, 2, 3, 4]
Time taken: 5.79 seconds

--- Run 2 ---
Chromatic number: 4
Solution: [1, 2, 3, 1, 1, 2, 4, 2, 4, 1, 4, 2, 3, 2, 4, 1, 4, 2, 3, 2, 1, 1, 4, 3, 1, 2, 4, 3, 4, 1, 2, 3, 1, 2, 3, 1, 2, 4, 3, 1, 2, 4, 1, 2, 3, 1, 1, 2, 4, 2, 4, 1, 1, 2, 3, 3, 4, 1, 3, 2, 4, 3, 4, 2, 2, 3, 1, 3, 2, 1, 1, 4, 2, 2, 3, 1, 3, 1, 2, 3, 1, 2, 1, 2, 3, 4, 2, 1]
Time taken: 5.74 seconds

--- Run 3 ---
Chromatic number: 4
Solution: [1, 2, 3, 1, 4, 3, 4, 1, 4, 2, 1, 4, 3, 1, 3, 4, 1, 2, 3, 2, 4, 1, 3, 4, 2, 1, 3, 4, 1, 4, 3, 4, 1, 2, 1, 3, 4, 4, 3, 2, 3, 1, 4, 4, 1, 3, 2, 4, 1, 1, 4, 4, 4, 2, 1, 1, 3, 4, 2, 1, 3, 3, 4, 1, 4, 2, 3, 3, 1, 4, 3, 2, 4, 1, 2, 3, 4, 1, 3, 3, 1, 2, 3, 1, 4, 1, 4, 3]
Time taken: 5.67 seconds

--- Run 4 ---
Chromatic number: 4
Solution: [1, 2, 1, 3, 2, 3, 2, 3, 1, 4, 2, 4, 1, 4, 3, 1, 1, 4, 3, 4, 2, 4, 4, 2, 1, 4, 1, 3, 1, 4, 3, 4, 1, 2, 4, 3, 2, 3, 1, 2, 3, 1, 3, 3, 2, 1, 2, 4, 3, 2, 4, 1, 4, 3, 2, 4, 1, 3, 1, 3, 4, 3, 1, 4, 2, 3, 4, 1, 2, 3, 4, 3, 1, 4, 3, 1, 2, 4, 3, 4, 3, 1, 3, 1, 4, 3, 2, 1]
Time taken: 5.72 seconds

--- Run 5 ---
Chromatic number: 4
Solution: [1, 2, 1, 3, 2, 3, 2, 2, 3, 1, 4, 2, 1, 3, 2, 1, 2, 4, 3, 2, 3, 3, 4, 2, 1, 4, 1, 2, 1, 3, 2, 1, 3, 2, 4, 2, 1, 3, 1, 2, 2, 1, 3, 2, 1, 4, 1, 3, 2, 2, 1, 3, 4, 2, 1, 1, 3, 4, 4, 3, 1, 2, 3, 4, 3, 2, 4, 1, 3, 2, 1, 3, 4, 3, 2, 1, 2, 3, 4, 1, 3, 2, 3, 4, 2, 3, 1, 2]
Time taken: 5.85 seconds

--- Run 6 ---
Chromatic number: 5
Solution: [1, 2, 2, 1, 1, 3, 4, 4, 2, 1, 1, 5, 2, 1, 4, 2, 2, 5, 4, 2, 1, 1, 4, 1, 5, 5, 2, 4, 1, 2, 5, 4, 1, 2, 5, 4, 5, 1, 4, 2, 3, 4, 1, 2, 3, 4, 2, 5, 1, 2, 1, 4, 1, 5, 5, 4, 5, 1, 1, 2, 4, 2, 1, 5, 4, 5, 2, 4, 2, 1, 2, 4, 1, 5, 2, 4, 1, 2, 5, 5, 4, 2, 4, 1, 2, 2, 4, 1]
Time taken: 5.69 seconds

--- Run 7 ---
Chromatic number: 4
Solution: [1, 2, 3, 4, 1, 3, 3, 4, 2, 1, 4, 3, 1, 2, 4, 3, 3, 4, 1, 1, 4, 1, 3, 4, 1, 1, 3, 2, 2, 3, 1, 1, 4, 4, 2, 1, 2, 4, 1, 3, 3, 2, 3, 3, 1, 2, 4, 3, 1, 1, 2, 2, 4, 1, 3, 4, 1, 3, 1, 4, 3, 1, 4, 2, 2, 4, 1, 1, 3, 4, 3, 4, 1, 3, 1, 4, 1, 2, 4, 4, 1, 3, 4, 1, 3, 4, 1, 3]
Time taken: 5.61 seconds

--- Run 8 ---
Chromatic number: 4
Solution: [1, 2, 3, 4, 4, 2, 4, 1, 3, 2, 1, 3, 2, 3, 1, 2, 1, 4, 3, 3, 1, 2, 1, 3, 4, 4, 3, 1, 1, 4, 3, 3, 4, 1, 2, 4, 3, 3, 1, 4, 3, 4, 2, 3, 1, 2, 4, 1, 3, 1, 2, 4, 3, 2, 4, 2, 4, 3, 3, 1, 2, 3, 1, 2, 3, 4, 2, 4, 3, 2, 3, 4, 1, 3, 2, 4, 4, 3, 2, 3, 4, 1, 3, 1, 2, 2, 4, 3]
Time taken: 5.75 seconds

--- Run 9 ---
Chromatic number: 4
Solution: [1, 2, 1, 1, 2, 3, 3, 4, 2, 3, 2, 2, 3, 1, 2, 3, 2, 4, 1, 3, 2, 2, 3, 1, 2, 3, 1, 4, 2, 4, 1, 3, 2, 2, 3, 2, 3, 1, 2, 4, 3, 1, 2, 1, 4, 2, 1, 3, 4, 4, 2, 2, 3, 1, 1, 2, 4, 3, 2, 1, 3, 4, 1, 3, 2, 1, 4, 2, 4, 1, 2, 3, 4, 1, 4, 2, 4, 1, 2, 4, 1, 3, 3, 2, 1, 4, 1, 2]
Time taken: 6.57 seconds

--- Run 10 ---
Chromatic number: 5
Solution: [1, 2, 3, 3, 1, 3, 2, 1, 3, 2, 3, 4, 2, 4, 1, 3, 3, 2, 4, 1, 4, 2, 3, 4, 2, 2, 3, 4, 2, 4, 3, 2, 1, 4, 3, 4, 2, 4, 5, 2, 4, 2, 4, 4, 5, 1, 3, 4, 2, 5, 3, 2, 4, 1, 1, 4, 2, 3, 1, 4, 3, 2, 5, 3, 4, 1, 5, 5, 1, 4, 4, 5, 2, 2, 3, 1, 2, 4, 3, 3, 1, 4, 2, 3, 4, 3, 4, 2]
Time taken: 5.86 seconds

--- Run 11 ---
Chromatic number: 4
Solution: [1, 2, 3, 4, 1, 4, 3, 4, 2, 3, 1, 1, 2, 2, 4, 1, 1, 4, 2, 1, 4, 2, 4, 3, 1, 2, 4, 1, 2, 3, 4, 4, 1, 2, 4, 3, 2, 1, 3, 4, 4, 2, 4, 2, 4, 3, 2, 1, 4, 1, 3, 2, 4, 3, 3, 2, 4, 1, 1, 2, 4, 2, 1, 4, 3, 4, 1, 4, 2, 1, 1, 3, 4, 1, 2, 4, 1, 4, 2, 4, 1, 2, 1, 4, 2, 4, 1, 2]
Time taken: 5.73 seconds

--- Run 12 ---
Chromatic number: 4
Solution: [1, 2, 3, 4, 2, 4, 3, 2, 3, 1, 1, 3, 2, 3, 2, 4, 4, 3, 2, 2, 1, 2, 2, 1, 3, 2, 1, 3, 1, 2, 3, 4, 2, 1, 3, 1, 4, 3, 4, 2, 3, 1, 3, 3, 4, 2, 2, 4, 1, 1, 2, 4, 3, 2, 2, 4, 2, 3, 4, 3, 1, 1, 4, 2, 3, 4, 2, 2, 1, 3, 3, 4, 1, 4, 3, 2, 3, 4, 2, 2, 4, 1, 1, 3, 2, 1, 2, 4]
Time taken: 5.84 seconds

--- Run 13 ---
Chromatic number: 4
Solution: [1, 2, 3, 4, 2, 4, 4, 4, 3, 2, 4, 1, 3, 1, 3, 2, 1, 4, 3, 1, 2, 1, 1, 2, 3, 1, 3, 2, 2, 3, 4, 3, 1, 4, 3, 2, 4, 4, 3, 2, 4, 2, 3, 2, 4, 1, 2, 1, 3, 4, 1, 3, 3, 4, 2, 3, 1, 2, 1, 3, 4, 2, 4, 3, 3, 4, 1, 2, 1, 4, 1, 4, 3, 4, 3, 2, 4, 3, 2, 1, 3, 2, 3, 1, 2, 3, 1, 2]
Time taken: 5.84 seconds

--- Run 14 ---
Chromatic number: 4
Solution: [1, 2, 3, 4, 1, 2, 2, 4, 1, 3, 1, 3, 2, 1, 2, 3, 2, 4, 1, 2, 4, 4, 1, 4, 3, 2, 3, 1, 1, 4, 2, 2, 1, 4, 2, 4, 3, 1, 2, 4, 2, 4, 3, 4, 2, 1, 2, 3, 4, 2, 1, 4, 4, 3, 3, 4, 1, 3, 4, 2, 3, 4, 1, 2, 3, 2, 4, 2, 3, 1, 4, 1, 2, 4, 2, 1, 2, 4, 3, 3, 2, 4, 1, 3, 4, 4, 1, 3]
Time taken: 5.77 seconds

--- Run 15 ---
Chromatic number: 4
Solution: [1, 2, 2, 3, 3, 2, 3, 3, 1, 2, 3, 4, 2, 4, 3, 1, 4, 2, 3, 1, 4, 1, 2, 1, 4, 1, 2, 3, 4, 1, 2, 4, 3, 2, 3, 2, 1, 4, 2, 3, 4, 2, 3, 4, 2, 1, 2, 3, 4, 4, 1, 2, 3, 4, 4, 1, 4, 3, 2, 1, 4, 2, 3, 4, 4, 3, 2, 2, 4, 3, 3, 4, 2, 2, 4, 1, 3, 4, 2, 1, 4, 2, 3, 1, 2, 2, 4, 1]
Time taken: 5.75 seconds

--- Run 16 ---
Chromatic number: 4
Solution: [1, 2, 2, 3, 3, 4, 2, 3, 1, 4, 1, 1, 2, 3, 1, 4, 1, 3, 2, 4, 1, 1, 1, 3, 2, 3, 2, 4, 3, 2, 1, 3, 4, 2, 1, 3, 2, 3, 1, 2, 4, 2, 1, 3, 4, 2, 2, 4, 1, 2, 3, 1, 1, 3, 2, 2, 3, 1, 1, 2, 4, 3, 1, 2, 2, 4, 1, 1, 2, 3, 2, 1, 4, 1, 2, 3, 2, 4, 1, 3, 2, 1, 1, 3, 2, 1, 4, 2]
Time taken: 5.74 seconds

--- Run 17 ---
Chromatic number: 4
Solution: [1, 2, 3, 4, 1, 3, 4, 1, 3, 2, 3, 1, 2, 4, 1, 3, 3, 1, 4, 3, 1, 1, 3, 4, 1, 2, 3, 4, 3, 1, 2, 2, 1, 1, 2, 1, 3, 4, 1, 2, 4, 2, 4, 2, 4, 1, 3, 1, 4, 2, 3, 1, 3, 2, 1, 1, 2, 3, 1, 2, 4, 2, 3, 4, 2, 4, 1, 1, 3, 4, 4, 1, 3, 2, 3, 4, 4, 1, 3, 2, 1, 4, 4, 2, 3, 2, 3, 1]
Time taken: 5.74 seconds

--- Run 18 ---
Chromatic number: 4
Solution: [1, 2, 3, 3, 1, 4, 4, 4, 1, 2, 4, 4, 2, 2, 1, 4, 4, 2, 1, 1, 4, 2, 4, 1, 3, 1, 3, 4, 4, 3, 2, 3, 4, 1, 2, 3, 1, 1, 4, 3, 1, 2, 3, 1, 3, 4, 3, 4, 1, 1, 2, 4, 1, 2, 3, 1, 3, 4, 1, 4, 3, 3, 4, 1, 4, 1, 2, 1, 3, 2, 4, 1, 2, 2, 3, 1, 3, 2, 1, 2, 4, 1, 2, 3, 4, 3, 4, 1]
Time taken: 5.74 seconds

--- Run 19 ---
Chromatic number: 4
Solution: [1, 2, 3, 3, 4, 3, 2, 1, 4, 3, 3, 1, 2, 3, 1, 4, 2, 1, 3, 4, 2, 4, 3, 2, 1, 1, 3, 2, 2, 4, 1, 1, 3, 3, 2, 4, 1, 3, 4, 1, 1, 2, 3, 1, 2, 3, 2, 3, 1, 1, 2, 2, 1, 2, 3, 2, 1, 4, 4, 2, 3, 2, 3, 1, 2, 3, 1, 2, 1, 3, 3, 2, 1, 2, 4, 1, 2, 1, 3, 1, 3, 4, 2, 1, 3, 3, 1, 4]
Time taken: 5.80 seconds

--- Run 20 ---
Chromatic number: 4
Solution: [1, 2, 2, 1, 1, 3, 4, 4, 1, 2, 2, 2, 3, 3, 4, 1, 1, 4, 2, 2, 1, 3, 3, 1, 2, 2, 1, 4, 3, 1, 2, 4, 3, 1, 3, 1, 2, 3, 2, 1, 4, 1, 4, 4, 3, 2, 4, 3, 1, 1, 3, 3, 3, 4, 2, 1, 4, 2, 1, 4, 2, 1, 3, 2, 4, 2, 1, 2, 3, 1, 3, 2, 1, 4, 1, 2, 4, 2, 1, 4, 1, 2, 3, 4, 1, 4, 2, 1]
Time taken: 5.72 seconds

--- Run 21 ---
Chromatic number: 4
Solution: [1, 2, 1, 3, 2, 3, 4, 2, 3, 1, 1, 2, 4, 1, 3, 2, 4, 1, 3, 2, 3, 2, 3, 2, 1, 2, 1, 3, 2, 3, 4, 2, 1, 4, 2, 1, 3, 3, 2, 4, 1, 3, 1, 2, 3, 1, 1, 4, 3, 3, 2, 2, 3, 1, 1, 3, 2, 1, 3, 1, 4, 4, 3, 2, 2, 4, 3, 3, 4, 1, 2, 1, 3, 4, 3, 2, 1, 3, 2, 1, 4, 3, 3, 4, 2, 2, 1, 3]
Time taken: 5.64 seconds

--- Run 22 ---
Chromatic number: 4
Solution: [1, 2, 3, 3, 1, 3, 4, 1, 3, 2, 3, 1, 2, 1, 4, 3, 3, 2, 1, 1, 4, 2, 3, 2, 1, 1, 4, 3, 4, 2, 3, 1, 2, 2, 3, 1, 4, 3, 1, 2, 1, 3, 4, 1, 3, 2, 3, 2, 1, 2, 4, 3, 3, 2, 4, 1, 3, 4, 1, 4, 3, 1, 3, 2, 3, 1, 2, 2, 3, 4, 3, 2, 1, 3, 1, 4, 2, 3, 1, 1, 2, 3, 2, 1, 3, 3, 1, 2]
Time taken: 5.82 seconds

--- Run 23 ---
Chromatic number: 4
Solution: [1, 2, 3, 1, 4, 3, 4, 4, 1, 3, 4, 2, 3, 3, 4, 2, 4, 3, 1, 4, 2, 4, 1, 2, 4, 4, 2, 1, 4, 3, 1, 3, 4, 1, 2, 4, 3, 4, 1, 2, 1, 3, 2, 2, 1, 4, 1, 4, 3, 1, 2, 4, 3, 4, 2, 2, 4, 3, 3, 2, 1, 3, 1, 2, 4, 2, 3, 4, 3, 2, 2, 4, 3, 2, 1, 3, 4, 2, 3, 2, 3, 4, 1, 2, 3, 4, 1, 3]
Time taken: 5.75 seconds

--- Run 24 ---
Chromatic number: 4
Solution: [1, 2, 3, 3, 4, 3, 3, 2, 1, 3, 1, 1, 2, 3, 4, 1, 1, 4, 3, 2, 1, 1, 2, 4, 1, 3, 4, 2, 1, 3, 4, 4, 1, 1, 3, 1, 2, 4, 3, 1, 3, 1, 3, 4, 3, 1, 2, 4, 3, 1, 4, 2, 3, 2, 2, 1, 4, 3, 1, 3, 2, 2, 3, 4, 2, 3, 4, 4, 2, 1, 3, 2, 1, 3, 2, 1, 3, 1, 2, 4, 1, 3, 3, 4, 1, 1, 2, 4]
Time taken: 5.63 seconds

--- Run 25 ---
Chromatic number: 4
Solution: [1, 2, 3, 4, 2, 4, 2, 2, 4, 3, 2, 1, 3, 4, 2, 3, 2, 1, 4, 1, 4, 2, 4, 3, 2, 3, 1, 4, 2, 3, 4, 3, 2, 2, 4, 3, 4, 4, 3, 2, 1, 4, 3, 4, 3, 1, 2, 3, 4, 4, 3, 3, 1, 3, 3, 2, 3, 4, 1, 4, 3, 1, 2, 4, 3, 1, 4, 3, 4, 2, 2, 1, 4, 2, 1, 4, 2, 4, 3, 2, 4, 1, 1, 4, 3, 1, 2, 3]
Time taken: 5.89 seconds

--- Run 26 ---
Chromatic number: 4
Solution: [1, 2, 3, 3, 1, 3, 2, 1, 3, 4, 2, 2, 1, 1, 2, 3, 3, 1, 2, 1, 2, 2, 3, 1, 2, 4, 1, 3, 2, 1, 3, 1, 2, 4, 2, 3, 1, 3, 1, 2, 1, 3, 2, 1, 3, 2, 3, 2, 1, 1, 3, 2, 4, 1, 2, 4, 1, 2, 4, 2, 3, 3, 2, 4, 2, 1, 3, 3, 4, 2, 2, 3, 1, 4, 3, 1, 2, 4, 1, 3, 2, 1, 1, 4, 2, 2, 3, 1]
Time taken: 5.72 seconds

--- Run 27 ---
Chromatic number: 4
Solution: [1, 2, 3, 4, 1, 3, 2, 4, 3, 1, 2, 3, 1, 1, 3, 2, 4, 1, 3, 3, 4, 4, 4, 2, 1, 2, 1, 3, 3, 1, 4, 1, 2, 3, 2, 4, 1, 1, 4, 3, 2, 4, 1, 3, 1, 4, 1, 3, 2, 4, 1, 1, 4, 2, 2, 3, 4, 1, 1, 3, 4, 3, 2, 1, 3, 4, 1, 3, 1, 2, 4, 1, 3, 3, 1, 2, 3, 4, 1, 2, 4, 3, 1, 3, 2, 3, 1, 4]
Time taken: 5.75 seconds

--- Run 28 ---
Chromatic number: 4
Solution: [1, 2, 3, 1, 2, 4, 3, 2, 1, 3, 4, 3, 2, 1, 2, 3, 1, 4, 2, 3, 1, 1, 1, 3, 2, 2, 4, 3, 3, 1, 4, 3, 2, 2, 3, 1, 3, 1, 4, 2, 4, 2, 1, 2, 1, 3, 2, 3, 1, 2, 1, 3, 1, 2, 3, 2, 4, 1, 4, 3, 1, 1, 3, 2, 3, 4, 2, 2, 1, 3, 1, 4, 2, 4, 2, 1, 3, 1, 2, 1, 3, 2, 2, 3, 1, 4, 1, 2]
Time taken: 5.68 seconds

--- Run 29 ---
Chromatic number: 4
Solution: [1, 2, 3, 4, 1, 4, 4, 2, 3, 4, 3, 1, 2, 4, 2, 1, 1, 4, 3, 2, 1, 4, 4, 3, 2, 4, 1, 2, 2, 1, 4, 4, 2, 2, 1, 2, 4, 1, 2, 3, 2, 3, 4, 2, 3, 4, 4, 1, 2, 2, 4, 4, 3, 2, 2, 3, 4, 1, 1, 2, 4, 4, 3, 1, 4, 1, 3, 2, 4, 1, 4, 2, 1, 2, 4, 3, 1, 2, 3, 3, 1, 2, 1, 3, 4, 3, 4, 2]
Time taken: 5.95 seconds

--- Run 30 ---
Chromatic number: 4
Solution: [1, 2, 3, 4, 1, 3, 2, 2, 1, 3, 2, 1, 3, 1, 4, 2, 2, 4, 3, 3, 4, 2, 3, 4, 2, 2, 1, 4, 2, 1, 3, 4, 2, 2, 4, 1, 3, 1, 4, 3, 3, 1, 2, 3, 2, 1, 2, 3, 4, 1, 4, 2, 1, 2, 2, 1, 3, 4, 3, 2, 4, 3, 4, 2, 3, 1, 4, 3, 2, 1, 1, 2, 3, 3, 2, 4, 1, 4, 3, 1, 2, 3, 1, 3, 4, 1, 3, 2]
Time taken: 6.63 seconds

