Logs for instance myciel6

--- Run 1 ---
Chromatic number: 8
Solution: [1, 2, 3, 3, 4, 1, 5, 1, 5, 5, 6, 4, 5, 1, 6, 4, 4, 4, 1, 2, 5, 6, 3, 1, 6, 7, 7, 4, 4, 5, 7, 5, 5, 7, 7, 5, 8, 7, 7, 5, 7, 5, 5, 5, 7, 8, 2, 8, 6, 3, 3, 4, 4, 5, 3, 5, 4, 3, 4, 5, 1, 7, 6, 5, 5, 5, 5, 5, 6, 3, 7, 5, 3, 8, 7, 7, 5, 3, 5, 5, 7, 7, 5, 1, 6, 7, 7, 5, 5, 7, 5, 4, 3, 3, 2]
Time taken: 19.06 seconds

--- Run 2 ---
Chromatic number: 7
Solution: [1, 2, 3, 3, 2, 1, 2, 3, 4, 2, 5, 5, 6, 1, 3, 5, 1, 4, 3, 4, 4, 5, 2, 7, 4, 7, 7, 7, 4, 4, 7, 7, 4, 5, 5, 4, 3, 7, 5, 4, 4, 7, 4, 4, 7, 7, 2, 5, 2, 1, 3, 5, 1, 4, 1, 4, 4, 5, 5, 5, 5, 5, 1, 1, 4, 1, 4, 4, 5, 2, 5, 4, 1, 3, 5, 4, 4, 4, 7, 4, 5, 5, 4, 4, 7, 5, 4, 4, 4, 4, 4, 5, 7, 2, 6]
Time taken: 17.22 seconds

--- Run 3 ---
Chromatic number: 10
Solution: [1, 2, 1, 3, 2, 4, 5, 6, 6, 5, 1, 1, 7, 6, 8, 9, 8, 6, 7, 6, 8, 1, 3, 4, 10, 10, 6, 2, 10, 5, 5, 6, 5, 9, 7, 10, 4, 10, 7, 4, 10, 10, 6, 10, 7, 10, 1, 9, 9, 4, 6, 9, 4, 5, 6, 10, 2, 9, 9, 7, 6, 6, 9, 5, 8, 6, 5, 8, 2, 5, 9, 5, 4, 6, 2, 10, 2, 8, 6, 2, 10, 10, 9, 8, 9, 5, 6, 9, 6, 10, 6, 9, 5, 8, 1]
Time taken: 14.42 seconds

--- Run 4 ---
Chromatic number: 8
Solution: [1, 2, 3, 3, 4, 4, 2, 5, 6, 4, 1, 1, 7, 7, 7, 1, 4, 7, 5, 6, 7, 1, 3, 5, 2, 5, 6, 1, 6, 2, 5, 2, 6, 1, 5, 6, 1, 5, 1, 5, 5, 5, 5, 5, 8, 3, 4, 8, 2, 8, 8, 8, 4, 2, 5, 7, 2, 1, 5, 2, 5, 2, 1, 5, 2, 5, 2, 7, 7, 2, 5, 8, 5, 5, 8, 5, 5, 6, 5, 5, 1, 5, 2, 7, 8, 1, 5, 5, 5, 2, 5, 1, 2, 7, 3]
Time taken: 15.05 seconds

--- Run 5 ---
Chromatic number: 7
Solution: [1, 2, 3, 3, 2, 4, 2, 4, 4, 1, 5, 1, 5, 4, 6, 2, 1, 2, 4, 4, 2, 5, 3, 1, 2, 7, 7, 1, 1, 7, 4, 4, 1, 5, 7, 7, 4, 7, 6, 1, 2, 1, 4, 1, 5, 7, 3, 1, 5, 4, 5, 5, 1, 6, 4, 4, 1, 6, 5, 5, 6, 5, 1, 1, 4, 4, 4, 1, 5, 3, 1, 6, 6, 5, 5, 1, 7, 1, 4, 7, 5, 1, 7, 5, 7, 1, 1, 4, 1, 4, 1, 5, 7, 3, 2]
Time taken: 15.93 seconds

--- Run 6 ---
Chromatic number: 7
Solution: [1, 2, 3, 2, 4, 5, 6, 3, 3, 5, 2, 1, 7, 3, 3, 4, 6, 6, 6, 7, 6, 4, 2, 1, 2, 3, 3, 4, 5, 6, 3, 6, 5, 2, 4, 6, 3, 6, 4, 6, 6, 6, 6, 6, 1, 2, 7, 1, 2, 1, 2, 1, 5, 6, 5, 6, 5, 2, 1, 6, 1, 6, 5, 6, 6, 5, 6, 6, 1, 2, 1, 2, 1, 2, 1, 5, 6, 5, 6, 6, 4, 1, 6, 1, 6, 6, 6, 5, 6, 6, 6, 1, 5, 7, 3]
Time taken: 18.77 seconds

--- Run 7 ---
Chromatic number: 9
Solution: [1, 2, 3, 3, 1, 4, 5, 4, 2, 5, 3, 6, 6, 4, 2, 1, 6, 6, 4, 4, 4, 6, 7, 1, 7, 8, 7, 7, 7, 7, 7, 7, 7, 8, 6, 6, 6, 8, 6, 4, 6, 5, 6, 5, 6, 8, 3, 9, 9, 8, 8, 9, 4, 7, 9, 5, 9, 8, 6, 5, 4, 9, 6, 6, 6, 9, 9, 6, 6, 7, 7, 8, 8, 7, 9, 4, 8, 8, 8, 7, 8, 6, 8, 6, 6, 8, 8, 8, 6, 6, 6, 6, 7, 9, 2]
Time taken: 16.93 seconds

--- Run 8 ---
Chromatic number: 8
Solution: [1, 2, 3, 4, 2, 5, 4, 4, 4, 5, 1, 3, 6, 3, 3, 7, 8, 8, 5, 4, 8, 3, 1, 1, 2, 3, 4, 8, 8, 2, 4, 8, 8, 2, 8, 6, 8, 8, 8, 8, 2, 6, 8, 8, 8, 2, 7, 1, 7, 3, 4, 7, 7, 7, 4, 4, 7, 3, 3, 7, 3, 3, 6, 6, 8, 7, 6, 6, 3, 1, 1, 6, 3, 6, 6, 8, 4, 8, 8, 8, 3, 8, 6, 3, 8, 8, 8, 6, 5, 8, 5, 8, 1, 7, 2]
Time taken: 17.68 seconds

--- Run 9 ---
Chromatic number: 8
Solution: [1, 2, 3, 3, 4, 1, 5, 6, 6, 5, 7, 1, 4, 8, 3, 1, 1, 6, 6, 8, 6, 3, 7, 1, 7, 7, 7, 1, 1, 6, 8, 6, 2, 7, 1, 5, 1, 6, 1, 1, 6, 8, 5, 8, 4, 7, 3, 1, 2, 3, 3, 2, 8, 2, 8, 6, 2, 3, 1, 2, 8, 8, 1, 8, 2, 8, 6, 1, 3, 2, 7, 2, 7, 8, 2, 1, 2, 8, 2, 6, 2, 1, 8, 1, 6, 8, 1, 6, 1, 2, 2, 2, 2, 3, 5]
Time taken: 19.23 seconds

--- Run 10 ---
Chromatic number: 8
Solution: [1, 2, 1, 3, 4, 1, 2, 1, 2, 2, 4, 1, 2, 5, 3, 6, 6, 2, 6, 2, 6, 4, 7, 1, 2, 1, 7, 4, 7, 2, 1, 2, 2, 7, 6, 8, 6, 6, 6, 1, 2, 1, 8, 6, 6, 7, 5, 4, 8, 7, 8, 4, 5, 2, 3, 3, 8, 5, 5, 6, 6, 3, 6, 8, 6, 6, 6, 2, 6, 7, 6, 2, 3, 8, 8, 6, 6, 3, 2, 6, 8, 6, 2, 8, 6, 6, 6, 6, 6, 6, 8, 6, 8, 5, 1]
Time taken: 17.32 seconds

--- Run 11 ---
Chromatic number: 7
Solution: [1, 2, 3, 3, 4, 5, 2, 5, 5, 5, 3, 6, 2, 6, 2, 4, 5, 5, 6, 5, 5, 4, 1, 7, 2, 6, 2, 4, 6, 2, 6, 2, 1, 3, 4, 7, 7, 7, 7, 4, 6, 6, 2, 6, 4, 3, 5, 1, 2, 3, 2, 1, 1, 5, 6, 5, 5, 7, 7, 2, 7, 2, 7, 7, 2, 7, 6, 5, 7, 1, 7, 7, 7, 7, 7, 6, 7, 7, 7, 7, 7, 7, 2, 6, 7, 7, 7, 7, 6, 2, 7, 7, 7, 5, 4]
Time taken: 18.65 seconds

--- Run 12 ---
Chromatic number: 8
Solution: [1, 2, 3, 3, 4, 5, 6, 5, 3, 5, 1, 7, 8, 7, 2, 2, 8, 6, 8, 8, 2, 7, 3, 5, 6, 3, 3, 4, 5, 6, 5, 8, 8, 7, 5, 6, 7, 8, 8, 6, 4, 8, 8, 6, 8, 5, 2, 7, 2, 7, 3, 6, 5, 4, 5, 3, 6, 7, 7, 7, 7, 6, 4, 8, 6, 8, 6, 6, 7, 3, 7, 6, 7, 6, 6, 6, 8, 6, 6, 6, 7, 7, 6, 7, 7, 8, 6, 6, 6, 6, 6, 4, 3, 2, 1]
Time taken: 17.72 seconds

--- Run 13 ---
Chromatic number: 8
Solution: [1, 2, 3, 3, 4, 5, 2, 5, 5, 5, 4, 6, 6, 3, 7, 4, 1, 8, 5, 8, 1, 7, 2, 1, 2, 3, 2, 2, 5, 2, 3, 2, 2, 3, 6, 7, 3, 7, 6, 1, 7, 7, 5, 5, 7, 2, 8, 4, 2, 3, 7, 4, 5, 2, 5, 5, 5, 6, 7, 6, 7, 7, 4, 7, 6, 7, 5, 7, 7, 2, 4, 7, 7, 7, 2, 5, 2, 5, 2, 2, 7, 7, 6, 6, 6, 7, 6, 5, 7, 7, 5, 4, 2, 4, 8]
Time taken: 18.59 seconds

--- Run 14 ---
Chromatic number: 9
Solution: [1, 2, 3, 2, 4, 1, 5, 1, 5, 5, 6, 7, 2, 7, 8, 4, 7, 4, 1, 8, 4, 7, 5, 7, 8, 1, 6, 6, 5, 8, 5, 5, 1, 2, 7, 8, 8, 2, 8, 8, 8, 8, 8, 7, 8, 5, 4, 9, 9, 3, 3, 9, 5, 9, 5, 3, 4, 6, 3, 8, 7, 8, 8, 3, 4, 1, 8, 8, 3, 5, 7, 5, 8, 8, 9, 5, 8, 8, 8, 5, 3, 8, 9, 8, 6, 8, 8, 8, 9, 7, 8, 8, 9, 3, 2]
Time taken: 17.93 seconds

--- Run 15 ---
Chromatic number: 8
Solution: [1, 2, 3, 4, 5, 6, 2, 6, 4, 2, 3, 1, 2, 4, 4, 1, 6, 6, 6, 6, 6, 7, 5, 8, 7, 4, 7, 7, 8, 2, 8, 8, 2, 5, 7, 7, 4, 7, 7, 7, 2, 4, 7, 7, 3, 8, 1, 3, 5, 4, 4, 1, 1, 6, 8, 4, 8, 1, 6, 7, 6, 4, 1, 6, 7, 6, 6, 6, 7, 8, 3, 7, 4, 7, 7, 8, 6, 8, 6, 6, 8, 6, 8, 6, 7, 7, 6, 7, 6, 6, 6, 7, 8, 6, 2]
Time taken: 19.16 seconds

--- Run 16 ---
Chromatic number: 8
Solution: [1, 2, 3, 4, 5, 6, 5, 3, 3, 5, 1, 6, 7, 1, 4, 8, 6, 6, 6, 7, 6, 1, 5, 8, 8, 4, 2, 8, 6, 2, 3, 2, 5, 8, 6, 2, 4, 2, 2, 6, 6, 8, 2, 6, 2, 5, 7, 1, 5, 4, 4, 5, 6, 5, 6, 4, 6, 4, 6, 2, 6, 2, 6, 6, 6, 6, 6, 6, 8, 5, 8, 4, 4, 2, 2, 6, 2, 6, 2, 2, 2, 6, 4, 6, 3, 6, 3, 6, 6, 2, 6, 2, 2, 1, 7]
Time taken: 20.09 seconds

--- Run 17 ---
Chromatic number: 8
Solution: [1, 2, 1, 3, 4, 5, 4, 5, 5, 4, 2, 6, 4, 3, 7, 2, 5, 4, 5, 5, 4, 2, 1, 6, 7, 7, 7, 6, 6, 7, 7, 7, 4, 1, 7, 3, 6, 7, 7, 4, 7, 7, 7, 7, 7, 1, 2, 6, 8, 5, 3, 4, 5, 4, 5, 5, 5, 8, 6, 4, 5, 7, 4, 4, 5, 5, 7, 4, 8, 8, 6, 7, 5, 7, 4, 5, 7, 7, 7, 5, 7, 7, 7, 7, 7, 7, 7, 5, 8, 7, 7, 7, 8, 5, 2]
Time taken: 19.38 seconds

--- Run 18 ---
Chromatic number: 8
Solution: [1, 2, 3, 4, 5, 6, 2, 1, 2, 6, 5, 6, 7, 3, 4, 6, 3, 6, 4, 4, 2, 8, 5, 5, 7, 4, 4, 5, 6, 7, 1, 7, 6, 5, 8, 4, 4, 4, 8, 6, 7, 4, 6, 8, 4, 1, 2, 8, 7, 3, 4, 8, 3, 7, 3, 7, 6, 5, 3, 8, 3, 4, 8, 8, 7, 4, 6, 8, 4, 1, 5, 8, 3, 8, 7, 6, 4, 4, 4, 6, 8, 6, 4, 4, 4, 8, 1, 6, 6, 4, 6, 3, 1, 3, 2]
Time taken: 17.68 seconds

--- Run 19 ---
Chromatic number: 8
Solution: [1, 2, 3, 4, 1, 5, 6, 5, 6, 7, 1, 7, 6, 5, 4, 7, 6, 8, 5, 5, 8, 3, 1, 1, 4, 4, 4, 2, 5, 4, 4, 5, 6, 1, 5, 4, 4, 8, 2, 5, 8, 5, 5, 8, 4, 1, 7, 1, 8, 5, 4, 1, 5, 2, 8, 8, 6, 2, 3, 2, 5, 8, 8, 5, 5, 5, 4, 2, 8, 1, 1, 4, 5, 4, 8, 5, 8, 5, 5, 8, 4, 5, 6, 5, 3, 8, 5, 5, 4, 5, 6, 8, 2, 3, 7]
Time taken: 17.77 seconds

--- Run 20 ---
Chromatic number: 8
Solution: [1, 2, 3, 3, 2, 4, 4, 4, 4, 4, 5, 1, 2, 6, 3, 1, 4, 4, 4, 4, 4, 7, 5, 1, 8, 3, 8, 1, 4, 4, 4, 3, 4, 1, 7, 7, 7, 7, 7, 1, 4, 1, 4, 1, 3, 5, 2, 6, 8, 5, 8, 2, 4, 4, 6, 8, 4, 6, 1, 8, 6, 8, 7, 4, 4, 7, 8, 7, 1, 5, 1, 8, 6, 6, 7, 1, 8, 4, 6, 1, 6, 6, 8, 8, 8, 1, 1, 6, 6, 4, 6, 8, 5, 6, 3]
Time taken: 19.43 seconds

--- Run 21 ---
Chromatic number: 9
Solution: [1, 2, 3, 3, 4, 1, 5, 6, 7, 5, 3, 8, 5, 8, 7, 5, 1, 5, 8, 5, 6, 3, 2, 8, 2, 9, 7, 1, 1, 9, 9, 7, 4, 2, 8, 7, 8, 7, 4, 4, 4, 1, 7, 7, 3, 9, 5, 8, 7, 8, 9, 2, 1, 4, 8, 6, 4, 3, 6, 4, 7, 3, 8, 4, 4, 7, 7, 4, 8, 9, 4, 9, 9, 9, 4, 8, 4, 6, 9, 9, 4, 6, 9, 9, 8, 4, 8, 4, 8, 8, 4, 4, 4, 6, 5]
Time taken: 17.96 seconds

--- Run 22 ---
Chromatic number: 8
Solution: [1, 2, 3, 3, 4, 4, 4, 3, 3, 4, 5, 5, 5, 5, 5, 5, 6, 6, 6, 6, 6, 1, 3, 7, 8, 8, 2, 8, 8, 8, 7, 8, 7, 5, 6, 5, 7, 5, 6, 6, 6, 6, 6, 6, 5, 2, 3, 7, 2, 1, 3, 4, 6, 2, 7, 3, 6, 2, 6, 6, 6, 5, 4, 6, 6, 6, 6, 7, 6, 2, 7, 2, 7, 7, 2, 6, 7, 7, 6, 6, 7, 5, 7, 1, 6, 6, 1, 6, 6, 6, 6, 6, 7, 3, 8]
Time taken: 18.66 seconds

--- Run 23 ---
Chromatic number: 9
Solution: [1, 2, 3, 2, 1, 4, 5, 3, 3, 6, 7, 4, 8, 7, 9, 4, 6, 2, 4, 2, 6, 7, 5, 7, 8, 9, 5, 6, 6, 8, 6, 9, 8, 8, 6, 6, 9, 7, 1, 6, 6, 6, 9, 8, 8, 3, 2, 4, 8, 9, 3, 8, 4, 2, 9, 9, 4, 1, 6, 2, 4, 9, 8, 6, 6, 4, 4, 6, 2, 3, 6, 9, 3, 8, 5, 6, 6, 6, 9, 6, 9, 9, 8, 9, 9, 6, 6, 9, 8, 6, 6, 9, 3, 4, 7]
Time taken: 14.88 seconds

--- Run 24 ---
Chromatic number: 7
Solution: [1, 2, 3, 2, 4, 1, 2, 5, 2, 1, 3, 6, 6, 5, 2, 6, 6, 6, 6, 6, 1, 3, 4, 5, 4, 5, 5, 1, 7, 4, 1, 2, 7, 4, 6, 6, 6, 6, 6, 5, 5, 6, 2, 5, 6, 4, 3, 7, 2, 3, 3, 7, 7, 7, 7, 7, 7, 3, 6, 6, 6, 6, 7, 7, 6, 7, 6, 7, 6, 7, 7, 4, 7, 5, 4, 5, 7, 7, 5, 6, 7, 6, 6, 7, 6, 6, 6, 5, 7, 7, 6, 6, 7, 3, 1]
Time taken: 18.48 seconds

--- Run 25 ---
Chromatic number: 8
Solution: [1, 2, 3, 4, 1, 5, 6, 4, 4, 1, 2, 3, 2, 5, 4, 6, 5, 6, 6, 6, 5, 3, 1, 5, 2, 7, 2, 2, 5, 6, 7, 8, 8, 2, 5, 8, 5, 7, 8, 5, 6, 5, 5, 5, 8, 7, 4, 1, 8, 7, 7, 1, 5, 6, 5, 7, 6, 3, 5, 8, 5, 6, 5, 8, 8, 5, 8, 6, 2, 1, 5, 7, 8, 8, 1, 7, 8, 8, 5, 6, 8, 5, 6, 8, 8, 5, 5, 8, 5, 8, 5, 7, 8, 3, 4]
Time taken: 17.23 seconds

--- Run 26 ---
Chromatic number: 7
Solution: [1, 2, 3, 4, 5, 6, 6, 3, 6, 6, 4, 3, 4, 3, 2, 5, 3, 5, 3, 2, 5, 5, 6, 7, 2, 7, 7, 5, 7, 7, 7, 7, 6, 4, 5, 2, 7, 2, 2, 5, 7, 7, 2, 2, 5, 6, 1, 3, 2, 3, 4, 5, 6, 6, 7, 6, 6, 4, 3, 5, 3, 3, 2, 5, 5, 7, 2, 5, 2, 6, 7, 7, 7, 7, 7, 7, 6, 7, 7, 7, 4, 7, 7, 7, 7, 7, 7, 5, 7, 7, 7, 7, 7, 3, 1]
Time taken: 17.54 seconds

--- Run 27 ---
Chromatic number: 8
Solution: [1, 2, 3, 4, 2, 5, 4, 1, 4, 2, 3, 6, 6, 7, 4, 6, 6, 7, 6, 4, 6, 3, 2, 8, 4, 8, 8, 8, 5, 4, 8, 8, 8, 3, 8, 8, 8, 8, 7, 8, 7, 8, 8, 8, 8, 8, 6, 5, 4, 5, 4, 5, 5, 5, 5, 5, 6, 3, 5, 7, 7, 6, 6, 5, 6, 6, 6, 5, 6, 5, 8, 8, 5, 8, 5, 8, 5, 8, 5, 8, 8, 5, 8, 5, 8, 5, 8, 4, 4, 4, 5, 8, 8, 1, 2]
Time taken: 18.64 seconds

--- Run 28 ---
Chromatic number: 7
Solution: [1, 2, 3, 3, 4, 5, 4, 5, 3, 4, 2, 5, 2, 5, 2, 6, 5, 6, 5, 3, 5, 2, 4, 5, 7, 7, 3, 6, 4, 6, 5, 7, 6, 7, 5, 6, 3, 7, 6, 5, 6, 5, 3, 5, 7, 4, 2, 5, 6, 3, 3, 6, 4, 6, 3, 3, 6, 1, 5, 6, 5, 7, 6, 6, 6, 5, 3, 5, 1, 4, 7, 7, 7, 3, 6, 7, 4, 5, 7, 6, 7, 6, 7, 6, 6, 6, 6, 6, 6, 5, 5, 6, 7, 1, 2]
Time taken: 18.34 seconds

--- Run 29 ---
Chromatic number: 9
Solution: [1, 2, 3, 4, 5, 1, 6, 7, 4, 1, 8, 1, 5, 8, 6, 2, 6, 2, 6, 6, 1, 5, 4, 1, 2, 7, 7, 2, 7, 6, 1, 6, 2, 5, 8, 8, 8, 6, 8, 1, 7, 7, 7, 7, 8, 3, 4, 3, 9, 9, 3, 5, 9, 9, 3, 9, 9, 9, 8, 8, 9, 9, 9, 1, 9, 9, 9, 6, 9, 9, 7, 9, 8, 8, 1, 9, 9, 1, 6, 1, 9, 8, 8, 9, 6, 8, 9, 9, 1, 9, 1, 8, 3, 9, 4]
Time taken: 17.33 seconds

--- Run 30 ---
Chromatic number: 9
Solution: [1, 2, 3, 4, 1, 3, 2, 3, 2, 5, 4, 1, 5, 6, 4, 6, 1, 5, 7, 8, 1, 6, 2, 6, 8, 4, 8, 1, 1, 8, 9, 8, 1, 6, 1, 8, 8, 8, 1, 8, 9, 8, 6, 1, 1, 2, 5, 1, 2, 7, 9, 1, 7, 9, 7, 7, 2, 4, 1, 8, 9, 8, 1, 7, 8, 7, 9, 1, 7, 2, 1, 2, 8, 7, 1, 1, 8, 8, 8, 9, 9, 1, 7, 8, 8, 9, 1, 8, 8, 8, 1, 1, 2, 7, 6]
Time taken: 17.38 seconds

