Logs for instance myciel5

--- Run 1 ---
Chromatic number: 6
Solution: [1, 2, 3, 3, 1, 4, 4, 4, 4, 1, 5, 1, 6, 6, 6, 6, 6, 4, 4, 4, 4, 5, 3, 5, 5, 5, 5, 5, 4, 4, 4, 3, 4, 5, 5, 6, 5, 5, 6, 4, 6, 4, 6, 6, 5, 3, 1]
Time taken: 6.93 seconds

--- Run 2 ---
Chromatic number: 6
Solution: [1, 2, 3, 4, 5, 1, 2, 6, 6, 1, 5, 1, 2, 3, 4, 5, 1, 2, 1, 4, 1, 5, 6, 3, 2, 3, 3, 2, 1, 2, 1, 2, 2, 3, 1, 2, 3, 2, 2, 3, 2, 3, 2, 1, 3, 6, 4]
Time taken: 6.87 seconds

--- Run 3 ---
Chromatic number: 6
Solution: [1, 2, 1, 3, 4, 1, 2, 1, 2, 2, 3, 5, 4, 6, 6, 5, 5, 5, 5, 5, 5, 6, 2, 1, 2, 6, 6, 4, 5, 4, 1, 2, 5, 6, 4, 6, 6, 5, 6, 6, 5, 6, 6, 6, 6, 2, 3]
Time taken: 6.89 seconds

--- Run 4 ---
Chromatic number: 6
Solution: [1, 2, 3, 3, 1, 4, 5, 3, 5, 5, 2, 4, 2, 4, 2, 4, 4, 4, 3, 4, 4, 2, 6, 6, 6, 6, 2, 6, 4, 5, 6, 6, 6, 2, 4, 5, 4, 2, 2, 5, 4, 3, 5, 5, 2, 6, 1]
Time taken: 7.63 seconds

--- Run 5 ---
Chromatic number: 6
Solution: [1, 2, 3, 3, 4, 1, 5, 1, 2, 2, 3, 4, 6, 3, 6, 4, 4, 6, 6, 6, 4, 3, 5, 4, 5, 3, 6, 4, 4, 6, 5, 5, 1, 3, 6, 4, 1, 6, 4, 4, 4, 1, 6, 6, 3, 5, 2]
Time taken: 8.11 seconds

--- Run 6 ---
Chromatic number: 6
Solution: [1, 2, 3, 3, 1, 4, 2, 3, 2, 4, 1, 5, 5, 5, 5, 5, 5, 5, 3, 5, 5, 1, 2, 4, 6, 3, 2, 4, 4, 4, 3, 3, 2, 6, 5, 5, 3, 3, 4, 5, 5, 3, 5, 4, 5, 2, 1]
Time taken: 7.50 seconds

--- Run 7 ---
Chromatic number: 6
Solution: [1, 2, 3, 2, 1, 4, 4, 4, 4, 4, 5, 5, 5, 3, 2, 6, 4, 6, 3, 4, 6, 2, 1, 3, 6, 3, 3, 5, 6, 4, 4, 4, 1, 5, 3, 6, 5, 6, 5, 4, 4, 4, 4, 4, 3, 1, 2]
Time taken: 8.28 seconds

--- Run 8 ---
Chromatic number: 6
Solution: [1, 2, 3, 4, 1, 1, 5, 4, 6, 1, 3, 3, 2, 3, 2, 2, 6, 2, 6, 6, 2, 3, 4, 3, 2, 6, 5, 1, 1, 6, 6, 6, 6, 3, 3, 2, 3, 3, 5, 1, 6, 6, 5, 6, 3, 1, 4]
Time taken: 6.64 seconds

--- Run 9 ---
Chromatic number: 6
Solution: [1, 2, 1, 3, 4, 4, 5, 3, 5, 5, 6, 1, 2, 1, 3, 2, 5, 2, 1, 5, 5, 1, 6, 6, 2, 1, 6, 2, 5, 5, 5, 5, 2, 6, 1, 5, 1, 2, 2, 1, 5, 5, 5, 5, 1, 6, 3]
Time taken: 6.94 seconds

--- Run 10 ---
Chromatic number: 6
Solution: [1, 2, 1, 3, 2, 4, 3, 3, 3, 4, 1, 5, 5, 5, 5, 5, 5, 3, 5, 5, 5, 5, 1, 4, 6, 6, 3, 4, 4, 4, 4, 4, 4, 1, 5, 5, 5, 5, 5, 5, 5, 4, 5, 5, 5, 4, 2]
Time taken: 6.87 seconds

--- Run 11 ---
Chromatic number: 6
Solution: [1, 2, 3, 3, 4, 1, 4, 5, 3, 5, 2, 6, 6, 6, 6, 6, 5, 4, 5, 5, 5, 6, 2, 1, 2, 1, 2, 2, 5, 5, 5, 5, 5, 6, 5, 6, 6, 6, 6, 5, 6, 5, 5, 5, 6, 2, 4]
Time taken: 7.07 seconds

--- Run 12 ---
Chromatic number: 6
Solution: [1, 2, 1, 3, 2, 4, 2, 1, 5, 2, 3, 6, 2, 6, 6, 2, 6, 2, 5, 6, 2, 6, 4, 4, 2, 5, 3, 2, 5, 5, 5, 5, 5, 3, 6, 2, 5, 6, 2, 5, 2, 5, 5, 5, 6, 3, 1]
Time taken: 6.88 seconds

--- Run 13 ---
Chromatic number: 6
Solution: [1, 2, 3, 3, 2, 1, 4, 4, 4, 2, 3, 5, 5, 3, 3, 5, 5, 5, 5, 5, 5, 3, 4, 6, 2, 1, 4, 2, 4, 6, 6, 6, 5, 6, 6, 6, 5, 5, 5, 5, 5, 1, 6, 5, 5, 4, 3]
Time taken: 6.96 seconds

--- Run 14 ---
Chromatic number: 6
Solution: [1, 2, 3, 2, 1, 4, 2, 3, 2, 1, 5, 4, 6, 4, 2, 1, 4, 2, 4, 2, 4, 6, 3, 4, 2, 5, 2, 6, 4, 2, 4, 2, 1, 5, 1, 2, 4, 2, 4, 6, 4, 4, 2, 4, 5, 5, 3]
Time taken: 6.58 seconds

--- Run 15 ---
Chromatic number: 6
Solution: [1, 2, 3, 4, 2, 1, 2, 4, 4, 2, 3, 1, 5, 3, 5, 1, 1, 6, 6, 5, 1, 5, 2, 1, 5, 4, 5, 1, 1, 4, 4, 4, 6, 3, 5, 5, 4, 5, 1, 5, 4, 4, 4, 5, 5, 4, 2]
Time taken: 7.60 seconds

--- Run 16 ---
Chromatic number: 6
Solution: [1, 2, 3, 4, 2, 1, 2, 5, 5, 5, 4, 3, 6, 3, 3, 2, 1, 2, 3, 3, 2, 3, 5, 1, 6, 3, 6, 6, 1, 5, 5, 5, 6, 6, 3, 6, 3, 3, 6, 3, 6, 6, 3, 1, 3, 4, 2]
Time taken: 7.74 seconds

--- Run 17 ---
Chromatic number: 6
Solution: [1, 2, 3, 3, 2, 4, 4, 3, 3, 2, 5, 6, 6, 6, 3, 6, 6, 4, 6, 6, 4, 6, 1, 1, 2, 1, 3, 1, 1, 2, 1, 3, 1, 1, 6, 2, 6, 5, 6, 6, 6, 6, 3, 6, 6, 1, 4]
Time taken: 6.87 seconds

--- Run 18 ---
Chromatic number: 6
Solution: [1, 2, 3, 3, 4, 5, 2, 1, 5, 2, 3, 4, 2, 3, 3, 2, 5, 2, 5, 2, 2, 3, 1, 6, 6, 3, 6, 6, 6, 6, 6, 5, 2, 6, 6, 6, 6, 6, 6, 6, 6, 6, 6, 6, 4, 6, 1]
Time taken: 6.71 seconds

--- Run 19 ---
Chromatic number: 6
Solution: [1, 2, 3, 4, 5, 5, 2, 3, 2, 2, 6, 3, 2, 4, 4, 5, 3, 4, 4, 2, 2, 4, 1, 6, 2, 6, 6, 6, 5, 5, 3, 2, 2, 6, 6, 2, 6, 6, 6, 5, 2, 4, 3, 2, 4, 6, 1]
Time taken: 7.05 seconds

--- Run 20 ---
Chromatic number: 6
Solution: [1, 2, 1, 3, 2, 4, 5, 3, 5, 4, 1, 6, 6, 6, 6, 4, 6, 6, 6, 4, 6, 2, 1, 1, 5, 1, 5, 2, 5, 4, 5, 5, 5, 1, 4, 6, 6, 5, 6, 6, 6, 5, 6, 6, 6, 5, 3]
Time taken: 6.62 seconds

--- Run 21 ---
Chromatic number: 6
Solution: [1, 2, 3, 4, 5, 6, 6, 6, 2, 5, 1, 3, 4, 4, 4, 5, 6, 4, 4, 4, 6, 3, 1, 3, 5, 3, 4, 5, 5, 5, 6, 6, 6, 3, 5, 4, 4, 4, 5, 6, 5, 6, 6, 5, 4, 2, 1]
Time taken: 6.79 seconds

--- Run 22 ---
Chromatic number: 6
Solution: [1, 2, 3, 3, 1, 1, 2, 3, 2, 4, 5, 6, 4, 6, 3, 6, 4, 4, 6, 4, 6, 5, 2, 6, 2, 3, 2, 1, 6, 2, 3, 2, 2, 5, 6, 6, 6, 6, 6, 1, 6, 3, 3, 6, 6, 2, 4]
Time taken: 7.24 seconds

--- Run 23 ---
Chromatic number: 6
Solution: [1, 2, 3, 3, 4, 4, 5, 3, 5, 5, 2, 6, 6, 1, 3, 6, 1, 5, 5, 5, 6, 1, 2, 4, 2, 1, 2, 2, 5, 5, 5, 5, 5, 2, 1, 5, 6, 6, 1, 1, 5, 6, 6, 5, 6, 2, 3]
Time taken: 6.87 seconds

--- Run 24 ---
Chromatic number: 6
Solution: [1, 2, 1, 2, 3, 1, 4, 5, 2, 4, 3, 6, 3, 6, 6, 3, 4, 6, 1, 4, 6, 6, 2, 5, 3, 5, 5, 3, 1, 5, 5, 5, 5, 3, 3, 4, 6, 5, 6, 5, 6, 5, 5, 5, 6, 5, 2]
Time taken: 6.73 seconds

--- Run 25 ---
Chromatic number: 6
Solution: [1, 2, 1, 3, 4, 1, 2, 3, 3, 5, 4, 6, 4, 3, 3, 6, 6, 2, 1, 2, 6, 4, 5, 6, 5, 3, 3, 5, 6, 5, 5, 3, 6, 4, 4, 6, 6, 3, 6, 1, 6, 6, 6, 6, 6, 5, 2]
Time taken: 7.01 seconds

--- Run 26 ---
Chromatic number: 6
Solution: [1, 2, 3, 2, 1, 1, 2, 4, 2, 1, 3, 5, 2, 5, 6, 5, 4, 4, 4, 5, 4, 6, 1, 1, 6, 6, 6, 1, 4, 4, 4, 4, 4, 6, 4, 6, 4, 4, 6, 6, 4, 4, 4, 6, 6, 1, 5]
Time taken: 6.67 seconds

--- Run 27 ---
Chromatic number: 6
Solution: [1, 2, 3, 3, 4, 1, 5, 1, 5, 5, 4, 1, 2, 6, 6, 4, 6, 6, 6, 6, 6, 6, 3, 4, 2, 1, 2, 2, 1, 5, 1, 2, 2, 2, 1, 5, 6, 6, 6, 6, 5, 1, 6, 6, 6, 5, 3]
Time taken: 7.01 seconds

--- Run 28 ---
Chromatic number: 6
Solution: [1, 2, 3, 4, 2, 1, 2, 4, 4, 1, 3, 5, 5, 5, 4, 5, 1, 2, 4, 4, 2, 5, 6, 6, 6, 4, 6, 1, 1, 4, 1, 6, 6, 5, 1, 5, 5, 4, 5, 1, 5, 1, 5, 1, 5, 6, 3]
Time taken: 6.82 seconds

--- Run 29 ---
Chromatic number: 6
Solution: [1, 2, 3, 4, 1, 1, 2, 3, 3, 1, 4, 5, 4, 5, 5, 1, 5, 5, 5, 5, 5, 4, 3, 6, 4, 6, 6, 1, 6, 6, 5, 2, 6, 6, 5, 5, 4, 6, 5, 6, 5, 5, 6, 5, 5, 6, 3]
Time taken: 7.06 seconds

--- Run 30 ---
Chromatic number: 6
Solution: [1, 2, 3, 3, 2, 4, 4, 4, 4, 4, 5, 1, 6, 6, 6, 1, 4, 4, 4, 4, 4, 5, 2, 5, 5, 5, 6, 5, 4, 4, 4, 4, 2, 1, 5, 6, 6, 6, 6, 6, 6, 4, 6, 4, 6, 2, 3]
Time taken: 6.70 seconds

