Logs for instance queen8_12

--- Run 1 ---
Chromatic number: 15
Solution: [1, 2, 3, 4, 5, 6, 7, 8, 9, 10, 11, 12, 3, 5, 10, 13, 8, 14, 11, 4, 12, 15, 1, 2, 10, 12, 4, 9, 11, 13, 6, 15, 5, 3, 7, 8, 11, 3, 13, 6, 12, 1, 2, 7, 8, 14, 10, 4, 6, 15, 8, 14, 3, 7, 12, 11, 1, 9, 2, 5, 12, 10, 1, 2, 4, 8, 5, 9, 3, 11, 14, 6, 9, 4, 5, 8, 6, 10, 15, 13, 14, 7, 12, 3, 5, 14, 11, 3, 2, 12, 1, 10, 15, 4, 6, 9]
Time taken: 54.46 seconds

--- Run 2 ---
Chromatic number: 16
Solution: [1, 2, 3, 4, 5, 6, 7, 8, 9, 10, 11, 12, 11, 10, 8, 9, 13, 1, 3, 12, 14, 15, 4, 16, 7, 6, 13, 15, 16, 10, 14, 2, 1, 9, 5, 11, 15, 3, 4, 2, 7, 8, 5, 10, 11, 14, 12, 1, 12, 9, 5, 16, 3, 11, 13, 14, 6, 1, 8, 7, 3, 8, 11, 10, 12, 16, 6, 15, 7, 4, 9, 5, 9, 12, 1, 8, 14, 5, 11, 3, 10, 16, 7, 15, 14, 4, 16, 5, 10, 13, 8, 7, 12, 11, 1, 9]
Time taken: 48.33 seconds

--- Run 3 ---
Chromatic number: 16
Solution: [1, 2, 3, 4, 5, 6, 7, 8, 9, 10, 11, 12, 3, 12, 5, 8, 1, 4, 13, 14, 6, 2, 7, 15, 2, 6, 13, 15, 16, 12, 11, 7, 1, 4, 5, 8, 10, 11, 8, 6, 4, 2, 9, 15, 5, 3, 12, 13, 14, 4, 12, 5, 7, 13, 6, 2, 8, 15, 10, 3, 5, 1, 7, 16, 15, 10, 8, 13, 3, 12, 4, 11, 9, 15, 10, 12, 13, 1, 2, 16, 4, 5, 3, 14, 6, 13, 2, 9, 11, 14, 4, 3, 12, 1, 8, 7]
Time taken: 47.47 seconds

--- Run 4 ---
Chromatic number: 17
Solution: [1, 2, 3, 4, 5, 6, 7, 8, 9, 10, 11, 12, 9, 11, 7, 12, 13, 14, 3, 6, 2, 15, 4, 10, 13, 14, 2, 9, 15, 12, 16, 7, 3, 17, 8, 5, 12, 7, 10, 16, 17, 11, 1, 9, 14, 13, 6, 3, 6, 8, 9, 13, 7, 4, 14, 11, 15, 12, 5, 1, 14, 12, 11, 8, 6, 5, 10, 1, 7, 2, 13, 15, 2, 16, 1, 17, 4, 7, 9, 3, 10, 14, 12, 8, 15, 13, 12, 10, 1, 16, 2, 14, 6, 7, 9, 11]
Time taken: 48.79 seconds

--- Run 5 ---
Chromatic number: 16
Solution: [1, 2, 3, 4, 5, 6, 7, 8, 9, 10, 11, 12, 5, 8, 13, 10, 14, 3, 2, 4, 7, 15, 1, 9, 6, 3, 15, 12, 2, 13, 8, 9, 1, 4, 10, 11, 8, 9, 2, 6, 7, 1, 3, 12, 10, 14, 5, 13, 2, 10, 1, 9, 16, 15, 5, 11, 13, 7, 8, 6, 11, 13, 4, 15, 1, 10, 16, 7, 8, 9, 3, 2, 9, 15, 6, 5, 3, 8, 11, 14, 4, 2, 7, 1, 3, 7, 14, 8, 6, 4, 10, 2, 11, 16, 9, 15]
Time taken: 46.29 seconds

--- Run 6 ---
Chromatic number: 17
Solution: [1, 2, 3, 4, 5, 6, 7, 8, 9, 10, 11, 12, 13, 9, 12, 2, 14, 1, 15, 16, 11, 3, 7, 4, 2, 10, 17, 9, 11, 13, 12, 7, 14, 6, 16, 3, 3, 11, 16, 13, 6, 10, 1, 15, 4, 12, 9, 2, 14, 8, 6, 12, 3, 16, 4, 10, 2, 13, 1, 15, 15, 12, 9, 1, 8, 2, 17, 13, 5, 16, 10, 6, 4, 1, 13, 15, 10, 5, 6, 11, 8, 9, 14, 16, 16, 15, 2, 6, 13, 17, 14, 4, 3, 1, 8, 9]
Time taken: 44.81 seconds

--- Run 7 ---
Invalid solution found. Time taken: {run_time:.2f} seconds

--- Run 8 ---
Chromatic number: 16
Solution: [1, 2, 3, 4, 5, 6, 7, 8, 9, 10, 11, 12, 10, 8, 11, 13, 14, 9, 2, 3, 15, 12, 4, 1, 11, 1, 7, 9, 4, 15, 8, 12, 2, 5, 14, 3, 5, 6, 15, 12, 3, 11, 9, 10, 14, 16, 1, 8, 16, 3, 5, 7, 10, 14, 6, 1, 11, 8, 12, 9, 8, 15, 12, 2, 6, 16, 10, 9, 5, 1, 3, 11, 14, 11, 1, 16, 15, 8, 3, 4, 10, 2, 6, 5, 9, 7, 13, 5, 2, 4, 12, 11, 16, 15, 8, 14]
Time taken: 55.63 seconds

--- Run 9 ---
Chromatic number: 16
Solution: [1, 2, 3, 4, 5, 6, 7, 8, 9, 10, 11, 12, 13, 4, 9, 6, 14, 3, 2, 11, 15, 16, 1, 10, 2, 8, 15, 11, 13, 5, 10, 4, 12, 9, 3, 16, 5, 12, 7, 10, 6, 1, 16, 14, 3, 15, 2, 11, 7, 10, 4, 16, 2, 8, 5, 6, 1, 11, 14, 3, 12, 6, 11, 5, 3, 13, 15, 2, 10, 4, 16, 1, 9, 3, 12, 1, 8, 10, 11, 5, 16, 2, 15, 14, 10, 14, 5, 15, 7, 16, 1, 3, 4, 12, 8, 2]
Time taken: 58.99 seconds

--- Run 10 ---
Chromatic number: 15
Solution: [1, 2, 3, 4, 5, 6, 7, 8, 9, 10, 11, 12, 3, 8, 5, 12, 11, 2, 10, 6, 13, 7, 1, 9, 4, 12, 6, 7, 10, 9, 13, 11, 1, 3, 5, 2, 11, 7, 2, 3, 6, 8, 1, 4, 5, 13, 12, 10, 9, 5, 12, 1, 2, 4, 6, 13, 3, 14, 15, 7, 12, 1, 4, 5, 14, 10, 9, 2, 6, 11, 3, 8, 5, 14, 11, 6, 3, 7, 15, 10, 4, 2, 9, 1, 2, 4, 9, 13, 8, 1, 5, 12, 11, 15, 7, 6]
Time taken: 52.63 seconds

--- Run 11 ---
Chromatic number: 16
Solution: [1, 2, 3, 4, 5, 6, 7, 8, 9, 10, 11, 12, 3, 13, 11, 10, 12, 4, 14, 5, 15, 2, 7, 8, 6, 1, 9, 7, 2, 16, 11, 3, 4, 13, 14, 5, 14, 12, 2, 16, 4, 15, 9, 10, 1, 11, 3, 13, 15, 3, 5, 11, 6, 1, 13, 2, 16, 12, 10, 7, 13, 11, 12, 3, 8, 14, 5, 7, 10, 6, 4, 16, 8, 7, 4, 5, 1, 10, 15, 13, 11, 3, 9, 2, 5, 10, 6, 9, 11, 2, 4, 12, 8, 1, 13, 3]
Time taken: 57.58 seconds

--- Run 12 ---
Chromatic number: 15
Solution: [1, 2, 3, 4, 5, 6, 7, 8, 9, 10, 11, 12, 13, 11, 5, 12, 1, 9, 10, 14, 7, 8, 4, 2, 15, 7, 9, 8, 4, 3, 2, 1, 10, 6, 14, 5, 6, 8, 15, 2, 14, 5, 12, 4, 3, 1, 9, 7, 2, 4, 12, 5, 7, 15, 1, 10, 13, 11, 6, 14, 10, 6, 7, 1, 8, 12, 11, 9, 14, 3, 2, 4, 5, 1, 4, 9, 6, 14, 8, 7, 11, 15, 12, 13, 11, 3, 14, 13, 2, 10, 6, 5, 4, 7, 8, 1]
Time taken: 53.57 seconds

--- Run 13 ---
Chromatic number: 15
Solution: [1, 2, 3, 4, 5, 6, 7, 8, 9, 10, 11, 12, 13, 7, 1, 9, 3, 11, 12, 14, 15, 6, 4, 8, 11, 6, 14, 8, 1, 2, 4, 13, 5, 9, 3, 15, 8, 3, 4, 5, 7, 13, 6, 9, 1, 12, 2, 11, 2, 13, 9, 1, 6, 12, 14, 5, 7, 3, 10, 4, 12, 4, 6, 2, 14, 10, 15, 11, 8, 13, 7, 3, 6, 9, 12, 3, 8, 7, 2, 10, 4, 11, 1, 14, 14, 1, 5, 7, 11, 4, 9, 3, 6, 8, 13, 2]
Time taken: 51.33 seconds

--- Run 14 ---
Chromatic number: 15
Solution: [1, 2, 3, 4, 5, 6, 7, 8, 9, 10, 11, 12, 13, 7, 5, 14, 8, 12, 1, 11, 15, 4, 2, 3, 8, 15, 4, 7, 6, 11, 13, 5, 2, 3, 12, 1, 2, 3, 11, 9, 14, 15, 6, 1, 10, 5, 13, 7, 15, 12, 14, 5, 3, 13, 10, 9, 8, 7, 4, 11, 10, 11, 9, 6, 12, 5, 8, 7, 3, 15, 14, 13, 3, 6, 10, 8, 7, 4, 15, 12, 5, 13, 9, 2, 7, 5, 2, 3, 11, 10, 9, 13, 1, 12, 15, 4]
Time taken: 54.27 seconds

--- Run 15 ---
Chromatic number: 16
Solution: [1, 2, 3, 4, 5, 6, 7, 8, 9, 10, 11, 12, 6, 9, 8, 12, 10, 1, 13, 14, 3, 2, 4, 7, 7, 12, 13, 15, 11, 14, 2, 9, 10, 5, 6, 3, 10, 8, 14, 3, 6, 7, 16, 13, 11, 9, 12, 1, 2, 1, 10, 7, 12, 13, 5, 6, 8, 16, 3, 9, 5, 6, 9, 13, 4, 15, 3, 16, 1, 7, 2, 11, 14, 16, 1, 11, 3, 2, 4, 10, 6, 8, 9, 5, 3, 10, 2, 9, 13, 11, 8, 5, 7, 1, 15, 16]
Time taken: 50.92 seconds

--- Run 16 ---
Chromatic number: 15
Solution: [1, 2, 3, 4, 5, 6, 7, 8, 9, 10, 11, 12, 6, 13, 11, 9, 2, 14, 4, 10, 1, 12, 8, 3, 2, 7, 8, 5, 15, 1, 3, 11, 14, 6, 10, 4, 3, 11, 1, 2, 10, 7, 9, 4, 15, 5, 12, 6, 12, 4, 10, 14, 6, 3, 8, 7, 11, 1, 15, 2, 10, 1, 7, 12, 4, 5, 13, 6, 8, 9, 3, 11, 8, 12, 4, 15, 3, 10, 14, 9, 5, 11, 1, 7, 11, 15, 6, 7, 9, 8, 2, 3, 4, 14, 5, 13]
Time taken: 53.29 seconds

--- Run 17 ---
Chromatic number: 16
Solution: [1, 2, 3, 4, 5, 6, 7, 8, 9, 10, 11, 12, 7, 13, 12, 14, 15, 11, 2, 3, 4, 6, 8, 9, 11, 1, 9, 8, 6, 16, 4, 7, 14, 5, 15, 3, 2, 4, 13, 3, 10, 1, 8, 9, 15, 11, 12, 7, 3, 11, 16, 5, 7, 14, 12, 1, 8, 9, 4, 6, 9, 15, 4, 6, 16, 8, 3, 10, 11, 14, 5, 1, 4, 7, 14, 9, 3, 10, 16, 5, 13, 12, 6, 11, 15, 8, 5, 16, 14, 2, 6, 11, 7, 4, 9, 10]
Time taken: 55.03 seconds

--- Run 18 ---
Chromatic number: 16
Solution: [1, 2, 3, 4, 5, 6, 7, 8, 9, 10, 11, 12, 9, 8, 1, 6, 10, 13, 14, 15, 2, 7, 4, 5, 5, 13, 10, 15, 8, 3, 16, 4, 12, 9, 2, 1, 12, 9, 8, 2, 7, 10, 13, 6, 1, 14, 3, 11, 3, 16, 6, 1, 12, 11, 2, 7, 4, 5, 8, 13, 11, 4, 13, 7, 6, 14, 5, 1, 15, 2, 12, 3, 14, 5, 11, 3, 1, 2, 6, 9, 16, 8, 10, 7, 6, 1, 7, 10, 11, 12, 4, 3, 14, 13, 5, 8]
Time taken: 52.23 seconds

--- Run 19 ---
Chromatic number: 16
Solution: [1, 2, 3, 4, 5, 6, 7, 8, 9, 10, 11, 12, 10, 11, 5, 8, 13, 14, 9, 3, 2, 4, 7, 1, 4, 15, 7, 9, 1, 10, 11, 16, 14, 3, 2, 8, 8, 14, 2, 10, 12, 7, 1, 13, 5, 9, 4, 11, 6, 1, 12, 7, 16, 15, 10, 9, 4, 13, 8, 5, 11, 9, 6, 15, 3, 2, 4, 5, 12, 7, 14, 16, 2, 3, 1, 5, 9, 8, 14, 11, 16, 15, 12, 7, 5, 10, 8, 12, 2, 13, 16, 4, 1, 11, 3, 9]
Time taken: 49.12 seconds

--- Run 20 ---
Chromatic number: 16
Solution: [1, 2, 3, 4, 5, 6, 7, 8, 9, 10, 11, 12, 7, 6, 1, 10, 11, 8, 2, 3, 13, 12, 9, 14, 10, 12, 2, 14, 15, 7, 16, 9, 5, 4, 1, 6, 15, 14, 4, 9, 13, 2, 1, 10, 11, 6, 16, 8, 16, 7, 6, 5, 10, 12, 9, 14, 4, 15, 2, 1, 8, 11, 10, 1, 3, 16, 6, 7, 2, 9, 14, 4, 2, 9, 12, 11, 8, 1, 3, 4, 14, 16, 6, 10, 4, 13, 16, 7, 2, 9, 14, 15, 10, 8, 3, 11]
Time taken: 52.15 seconds

--- Run 21 ---
Chromatic number: 14
Solution: [1, 2, 3, 4, 5, 6, 7, 8, 9, 10, 11, 12, 7, 9, 10, 13, 11, 3, 12, 1, 2, 5, 4, 14, 10, 11, 8, 12, 6, 5, 14, 13, 3, 1, 2, 9, 5, 7, 14, 2, 1, 12, 6, 4, 11, 9, 13, 10, 12, 4, 9, 10, 13, 11, 2, 7, 1, 8, 5, 3, 2, 1, 11, 3, 8, 7, 5, 10, 12, 13, 14, 6, 13, 14, 6, 1, 12, 9, 4, 3, 7, 2, 10, 5, 3, 10, 12, 14, 2, 13, 1, 11, 6, 4, 9, 7]
Time taken: 53.89 seconds

--- Run 22 ---
Chromatic number: 15
Solution: [1, 2, 3, 4, 5, 6, 7, 8, 9, 10, 11, 12, 10, 13, 1, 11, 7, 3, 4, 6, 14, 5, 9, 2, 8, 12, 9, 13, 15, 1, 2, 7, 10, 6, 3, 4, 7, 3, 15, 6, 10, 8, 11, 9, 2, 1, 13, 14, 6, 11, 2, 9, 3, 12, 1, 13, 15, 8, 5, 7, 3, 1, 6, 5, 2, 15, 8, 10, 12, 7, 14, 11, 5, 15, 7, 3, 6, 4, 12, 11, 13, 2, 8, 10, 2, 10, 8, 12, 1, 7, 5, 4, 3, 9, 15, 6]
Time taken: 44.82 seconds

--- Run 23 ---
Chromatic number: 15
Solution: [1, 2, 3, 4, 5, 6, 7, 8, 9, 10, 11, 12, 3, 7, 11, 2, 10, 12, 13, 5, 4, 14, 15, 8, 12, 10, 8, 14, 11, 2, 3, 15, 1, 7, 5, 9, 13, 11, 2, 3, 4, 1, 12, 7, 5, 9, 10, 15, 9, 1, 15, 12, 14, 5, 6, 11, 2, 8, 4, 3, 8, 6, 9, 10, 7, 4, 1, 12, 15, 11, 2, 14, 2, 15, 7, 11, 9, 8, 10, 3, 14, 5, 1, 4, 14, 8, 1, 5, 6, 3, 11, 2, 13, 15, 7, 10]
Time taken: 46.47 seconds

--- Run 24 ---
Chromatic number: 16
Solution: [1, 2, 3, 4, 5, 6, 7, 8, 9, 10, 11, 12, 10, 6, 13, 8, 2, 9, 14, 11, 4, 12, 5, 15, 13, 5, 4, 3, 11, 1, 12, 9, 6, 15, 16, 7, 6, 10, 7, 16, 9, 15, 3, 13, 2, 8, 12, 4, 15, 9, 12, 13, 10, 8, 4, 6, 7, 3, 2, 5, 12, 13, 15, 14, 6, 2, 1, 10, 5, 11, 4, 3, 2, 3, 6, 12, 15, 16, 5, 4, 13, 9, 10, 8, 4, 8, 11, 5, 13, 3, 15, 12, 10, 6, 7, 2]
Time taken: 43.26 seconds

--- Run 25 ---
Chromatic number: 16
Solution: [1, 2, 3, 4, 5, 6, 7, 8, 9, 10, 11, 12, 5, 8, 10, 13, 1, 14, 15, 11, 12, 3, 16, 2, 14, 6, 15, 11, 8, 10, 12, 5, 2, 4, 7, 1, 8, 11, 13, 6, 12, 16, 2, 1, 10, 5, 9, 14, 6, 5, 12, 16, 2, 4, 14, 9, 8, 11, 3, 13, 2, 15, 11, 8, 3, 5, 13, 6, 16, 9, 12, 4, 4, 1, 5, 14, 10, 7, 9, 15, 11, 8, 2, 3, 3, 14, 8, 9, 15, 1, 4, 10, 5, 12, 13, 16]
Time taken: 46.60 seconds

--- Run 26 ---
Chromatic number: 15
Solution: [1, 2, 3, 4, 5, 6, 7, 8, 9, 10, 11, 12, 6, 4, 8, 10, 11, 13, 2, 5, 3, 14, 1, 9, 9, 11, 12, 5, 1, 15, 3, 13, 10, 6, 4, 14, 3, 8, 2, 14, 6, 12, 5, 9, 7, 1, 10, 13, 7, 1, 5, 13, 2, 4, 8, 14, 6, 3, 9, 11, 13, 9, 14, 1, 12, 3, 15, 7, 2, 11, 5, 6, 11, 3, 6, 2, 13, 9, 10, 1, 5, 7, 14, 8, 5, 10, 11, 12, 8, 14, 4, 15, 13, 9, 6, 1]
Time taken: 56.89 seconds

--- Run 27 ---
Chromatic number: 15
Solution: [1, 2, 3, 4, 5, 6, 7, 8, 9, 10, 11, 12, 10, 11, 12, 8, 3, 9, 13, 5, 4, 14, 15, 7, 5, 7, 13, 10, 6, 11, 2, 14, 3, 9, 12, 4, 9, 14, 4, 2, 15, 13, 12, 1, 5, 8, 10, 11, 7, 12, 8, 9, 14, 5, 10, 2, 15, 1, 13, 3, 8, 5, 6, 7, 2, 12, 1, 11, 14, 3, 4, 9, 3, 1, 10, 11, 9, 14, 5, 13, 12, 6, 7, 8, 12, 6, 15, 13, 7, 4, 3, 9, 11, 2, 5, 10]
Time taken: 50.50 seconds

--- Run 28 ---
Invalid solution found. Time taken: {run_time:.2f} seconds

--- Run 29 ---
Chromatic number: 15
Solution: [1, 2, 3, 4, 5, 6, 7, 8, 9, 10, 11, 12, 9, 6, 12, 11, 13, 14, 10, 1, 4, 3, 5, 7, 11, 15, 7, 8, 2, 1, 3, 5, 12, 13, 14, 9, 3, 8, 10, 12, 11, 15, 14, 7, 2, 5, 1, 4, 12, 5, 9, 3, 4, 7, 1, 15, 8, 11, 10, 14, 15, 4, 14, 5, 8, 10, 6, 13, 7, 12, 3, 11, 10, 12, 2, 15, 14, 11, 9, 3, 5, 8, 13, 1, 5, 7, 11, 9, 1, 3, 12, 2, 10, 14, 6, 15]
Time taken: 56.11 seconds

--- Run 30 ---
Chromatic number: 15
Solution: [1, 2, 3, 4, 5, 6, 7, 8, 9, 10, 11, 12, 3, 8, 13, 6, 7, 14, 11, 15, 12, 4, 5, 9, 6, 10, 11, 5, 9, 12, 3, 2, 14, 13, 7, 8, 12, 1, 14, 3, 4, 5, 8, 10, 7, 6, 9, 2, 8, 3, 5, 9, 13, 1, 12, 6, 11, 14, 4, 7, 10, 13, 6, 14, 11, 7, 9, 4, 3, 8, 15, 1, 11, 15, 12, 13, 8, 2, 5, 7, 10, 1, 6, 4, 2, 6, 7, 15, 1, 10, 4, 12, 8, 11, 14, 13]
Time taken: 53.06 seconds

