Logs for instance queen13_13

--- Run 1 ---
Invalid solution found. Time taken: {run_time:.2f} seconds

--- Run 2 ---
Invalid solution found. Time taken: {run_time:.2f} seconds

--- Run 3 ---
Invalid solution found. Time taken: {run_time:.2f} seconds

--- Run 4 ---
Invalid solution found. Time taken: {run_time:.2f} seconds

--- Run 5 ---
Invalid solution found. Time taken: {run_time:.2f} seconds

--- Run 6 ---
Invalid solution found. Time taken: {run_time:.2f} seconds

--- Run 7 ---
Chromatic number: 21
Solution: [1, 2, 3, 4, 5, 6, 7, 8, 9, 10, 11, 12, 13, 8, 10, 11, 14, 7, 2, 15, 16, 17, 4, 9, 18, 5, 19, 9, 17, 20, 13, 5, 11, 18, 10, 6, 3, 8, 14, 15, 8, 13, 16, 3, 7, 2, 9, 19, 21, 14, 5, 1, 11, 12, 1, 18, 14, 9, 6, 15, 8, 16, 20, 10, 7, 10, 15, 9, 5, 12, 20, 1, 19, 3, 13, 4, 11, 2, 5, 17, 2, 8, 21, 3, 4, 10, 15, 11, 19, 1, 18, 6, 19, 16, 13, 10, 15, 20, 21, 7, 18, 17, 4, 11, 4, 5, 7, 21, 17, 1, 18, 6, 2, 19, 10, 13, 16, 7, 3, 4, 11, 2, 10, 5, 13, 21, 15, 8, 9, 19, 18, 16, 10, 19, 8, 13, 9, 3, 11, 17, 7, 15, 21, 17, 1, 15, 2, 9, 21, 8, 7, 6, 3, 16, 19, 4, 20, 11, 19, 12, 15, 16, 3, 4, 1, 7, 2, 14, 9]
Time taken: 110.87 seconds

--- Run 8 ---
Chromatic number: 23
Solution: [1, 2, 3, 4, 5, 6, 7, 8, 9, 10, 11, 12, 13, 14, 7, 8, 13, 2, 4, 12, 15, 16, 17, 6, 18, 19, 8, 15, 6, 10, 17, 1, 13, 20, 3, 4, 19, 21, 9, 7, 22, 1, 19, 16, 8, 21, 6, 11, 12, 5, 13, 20, 9, 17, 12, 20, 3, 23, 5, 19, 15, 2, 4, 1, 7, 19, 8, 5, 6, 4, 2, 18, 1, 12, 22, 7, 16, 21, 6, 4, 20, 2, 18, 5, 23, 7, 21, 9, 3, 10, 8, 22, 10, 14, 23, 9, 20, 17, 5, 4, 18, 15, 7, 1, 18, 19, 21, 7, 10, 3, 2, 13, 8, 1, 9, 17, 12, 5, 12, 2, 9, 1, 7, 8, 4, 6, 20, 21, 19, 3, 4, 13, 22, 8, 23, 21, 15, 12, 17, 19, 18, 20, 2, 17, 21, 9, 1, 15, 12, 20, 22, 23, 7, 2, 4, 5, 3, 18, 19, 12, 21, 9, 4, 11, 5, 6, 1, 23, 17]
Time taken: 93.82 seconds

--- Run 9 ---
Invalid solution found. Time taken: {run_time:.2f} seconds

--- Run 10 ---
Invalid solution found. Time taken: {run_time:.2f} seconds

--- Run 11 ---
Invalid solution found. Time taken: {run_time:.2f} seconds

--- Run 12 ---
Invalid solution found. Time taken: {run_time:.2f} seconds

--- Run 13 ---
Invalid solution found. Time taken: {run_time:.2f} seconds

--- Run 14 ---
Invalid solution found. Time taken: {run_time:.2f} seconds

--- Run 15 ---
Invalid solution found. Time taken: {run_time:.2f} seconds

--- Run 16 ---
Invalid solution found. Time taken: {run_time:.2f} seconds

--- Run 17 ---
Chromatic number: 22
Solution: [1, 2, 3, 4, 5, 6, 7, 8, 9, 10, 11, 12, 13, 13, 14, 8, 10, 15, 3, 16, 11, 2, 17, 18, 6, 19, 19, 11, 16, 20, 2, 10, 6, 1, 3, 13, 7, 9, 5, 9, 8, 12, 15, 11, 1, 13, 4, 10, 5, 6, 3, 2, 15, 4, 9, 21, 10, 18, 14, 3, 22, 12, 2, 11, 8, 10, 13, 2, 7, 3, 19, 1, 12, 11, 20, 9, 21, 16, 12, 6, 17, 11, 21, 14, 9, 22, 19, 7, 13, 2, 10, 5, 22, 19, 9, 6, 2, 4, 18, 13, 15, 12, 7, 14, 3, 12, 7, 17, 8, 13, 10, 16, 4, 19, 5, 1, 21, 6, 16, 11, 19, 1, 4, 18, 14, 8, 21, 15, 20, 17, 20, 19, 10, 3, 9, 12, 2, 7, 15, 6, 8, 5, 11, 16, 18, 15, 12, 4, 5, 11, 19, 21, 1, 10, 13, 3, 4, 10, 13, 1, 19, 9, 8, 2, 16, 14, 17, 22, 12]
Time taken: 119.02 seconds

--- Run 18 ---
Invalid solution found. Time taken: {run_time:.2f} seconds

--- Run 19 ---
Invalid solution found. Time taken: {run_time:.2f} seconds

--- Run 20 ---
Chromatic number: 21
Solution: [1, 2, 3, 4, 5, 6, 7, 8, 9, 10, 11, 12, 13, 11, 8, 5, 14, 15, 4, 16, 17, 7, 18, 13, 6, 2, 7, 9, 18, 13, 19, 20, 3, 12, 16, 11, 1, 14, 4, 14, 19, 16, 2, 21, 10, 18, 6, 1, 8, 20, 13, 12, 17, 20, 15, 6, 4, 11, 1, 14, 2, 19, 3, 9, 16, 2, 10, 12, 11, 17, 13, 9, 16, 6, 15, 4, 18, 5, 18, 11, 13, 16, 9, 8, 19, 15, 5, 7, 12, 17, 6, 4, 1, 20, 12, 10, 3, 5, 11, 18, 17, 9, 16, 15, 16, 15, 4, 19, 7, 9, 2, 10, 3, 6, 21, 1, 17, 5, 7, 6, 17, 8, 16, 15, 4, 12, 14, 10, 2, 11, 10, 16, 11, 1, 12, 5, 20, 7, 8, 2, 6, 4, 18, 15, 14, 17, 9, 11, 7, 13, 5, 19, 12, 18, 10, 1, 20, 12, 19, 8, 1, 2, 10, 18, 4, 5, 17, 7, 9]
Time taken: 117.89 seconds

--- Run 21 ---
Chromatic number: 20
Solution: [1, 2, 3, 4, 5, 6, 7, 8, 9, 10, 11, 12, 13, 4, 9, 1, 14, 12, 2, 10, 15, 5, 3, 6, 7, 11, 5, 16, 8, 17, 11, 1, 6, 3, 4, 14, 15, 18, 9, 8, 15, 11, 3, 4, 7, 13, 19, 1, 16, 10, 2, 20, 10, 5, 9, 18, 16, 19, 2, 17, 14, 7, 13, 1, 12, 16, 4, 19, 2, 9, 20, 15, 12, 8, 1, 14, 5, 17, 6, 17, 14, 12, 7, 10, 5, 9, 18, 2, 3, 13, 1, 7, 19, 6, 5, 3, 17, 20, 11, 10, 15, 9, 16, 8, 3, 8, 16, 9, 1, 15, 14, 7, 6, 11, 5, 19, 4, 15, 1, 2, 20, 14, 3, 4, 16, 19, 17, 12, 9, 5, 14, 11, 4, 6, 10, 12, 9, 1, 3, 5, 2, 8, 16, 19, 6, 13, 16, 15, 4, 3, 20, 2, 8, 1, 14, 7, 11, 12, 5, 8, 2, 14, 18, 10, 7, 9, 4, 3, 19]
Time taken: 112.76 seconds

--- Run 22 ---
Chromatic number: 22
Solution: [1, 2, 3, 4, 5, 6, 7, 8, 9, 10, 11, 12, 13, 7, 4, 9, 6, 11, 14, 15, 5, 3, 16, 2, 1, 10, 8, 1, 13, 3, 15, 2, 16, 17, 4, 11, 12, 6, 7, 6, 9, 18, 17, 7, 13, 14, 10, 19, 2, 20, 21, 16, 17, 13, 12, 9, 8, 18, 5, 6, 20, 3, 10, 4, 11, 9, 16, 1, 11, 12, 7, 4, 22, 15, 6, 8, 17, 5, 3, 6, 22, 20, 17, 10, 21, 14, 2, 7, 4, 9, 8, 5, 17, 2, 13, 9, 16, 19, 11, 21, 14, 1, 15, 20, 4, 21, 6, 16, 3, 8, 13, 2, 5, 17, 7, 18, 12, 22, 12, 8, 5, 1, 15, 17, 3, 13, 9, 16, 11, 19, 2, 3, 11, 7, 16, 12, 6, 4, 10, 22, 15, 5, 9, 13, 7, 4, 8, 6, 1, 3, 19, 11, 5, 17, 22, 15, 10, 22, 5, 15, 20, 19, 11, 7, 8, 12, 18, 16, 3]
Time taken: 98.75 seconds

--- Run 23 ---
Chromatic number: 23
Solution: [1, 2, 3, 4, 5, 6, 7, 8, 9, 10, 11, 12, 13, 10, 6, 8, 9, 7, 11, 13, 14, 2, 15, 16, 17, 3, 18, 14, 19, 13, 8, 12, 20, 9, 10, 21, 6, 4, 22, 2, 8, 12, 21, 10, 4, 17, 18, 14, 11, 22, 3, 6, 23, 22, 17, 6, 18, 3, 21, 13, 16, 20, 12, 5, 8, 11, 16, 23, 3, 21, 7, 5, 12, 8, 14, 10, 18, 4, 15, 4, 6, 11, 16, 18, 14, 19, 1, 9, 21, 8, 23, 17, 10, 5, 14, 4, 1, 23, 20, 21, 19, 15, 6, 2, 5, 18, 22, 20, 15, 14, 19, 17, 4, 6, 2, 11, 7, 8, 9, 15, 19, 6, 2, 12, 10, 3, 22, 17, 20, 21, 4, 17, 10, 5, 23, 8, 9, 21, 11, 16, 13, 14, 18, 6, 21, 9, 8, 14, 17, 16, 3, 18, 23, 4, 10, 15, 9, 13, 7, 1, 3, 10, 4, 15, 12, 8, 5, 22, 17]
Time taken: 112.91 seconds

--- Run 24 ---
Chromatic number: 21
Solution: [1, 2, 3, 4, 5, 6, 7, 8, 9, 10, 11, 12, 13, 14, 10, 15, 13, 9, 1, 12, 5, 3, 8, 6, 16, 7, 11, 17, 18, 5, 4, 10, 13, 15, 6, 19, 20, 14, 1, 6, 14, 19, 3, 13, 7, 2, 9, 18, 11, 12, 10, 21, 8, 18, 20, 9, 15, 14, 5, 11, 7, 13, 16, 2, 3, 7, 12, 11, 1, 8, 20, 10, 19, 16, 3, 4, 18, 15, 9, 5, 6, 7, 12, 2, 8, 1, 20, 18, 14, 19, 10, 3, 4, 16, 19, 14, 15, 20, 12, 11, 2, 13, 17, 8, 12, 11, 17, 20, 10, 3, 9, 7, 4, 16, 1, 5, 2, 5, 3, 7, 18, 2, 13, 1, 10, 12, 14, 17, 9, 20, 15, 13, 14, 10, 7, 19, 17, 2, 5, 4, 21, 8, 11, 16, 9, 4, 15, 20, 12, 14, 3, 19, 17, 10, 7, 18, 4, 21, 2, 12, 11, 18, 16, 13, 14, 9, 8, 3, 19]
Time taken: 112.47 seconds

--- Run 25 ---
Invalid solution found. Time taken: {run_time:.2f} seconds

--- Run 26 ---
Chromatic number: 22
Solution: [1, 2, 3, 4, 5, 6, 7, 8, 9, 10, 11, 12, 13, 14, 15, 5, 16, 13, 4, 11, 1, 17, 7, 8, 18, 9, 17, 13, 6, 14, 12, 7, 2, 5, 3, 9, 4, 11, 8, 9, 12, 10, 19, 17, 11, 3, 14, 4, 2, 6, 13, 5, 8, 3, 11, 5, 4, 13, 17, 20, 21, 14, 9, 2, 22, 4, 17, 2, 7, 8, 12, 1, 6, 18, 19, 3, 5, 10, 3, 22, 12, 18, 2, 16, 10, 19, 5, 15, 7, 8, 4, 18, 6, 1, 9, 21, 5, 12, 11, 7, 4, 14, 22, 19, 21, 11, 13, 6, 1, 8, 14, 22, 2, 16, 10, 17, 18, 7, 5, 22, 17, 16, 3, 4, 9, 11, 8, 18, 20, 2, 19, 18, 20, 3, 7, 9, 16, 12, 13, 1, 5, 4, 14, 13, 7, 4, 2, 6, 20, 5, 18, 14, 3, 19, 9, 15, 11, 20, 18, 12, 15, 17, 21, 2, 6, 5, 22, 3, 16]
Time taken: 107.69 seconds

--- Run 27 ---
Chromatic number: 22
Solution: [1, 2, 3, 4, 5, 6, 7, 8, 9, 10, 11, 12, 13, 9, 5, 14, 10, 13, 3, 15, 4, 16, 2, 17, 6, 1, 18, 7, 4, 3, 16, 5, 2, 9, 19, 13, 15, 20, 14, 15, 21, 8, 14, 9, 22, 17, 6, 20, 18, 2, 16, 3, 11, 14, 12, 19, 20, 15, 5, 16, 4, 3, 10, 7, 8, 16, 17, 2, 6, 18, 7, 22, 11, 21, 1, 19, 9, 4, 6, 3, 21, 20, 15, 1, 19, 18, 7, 14, 12, 10, 16, 14, 18, 19, 12, 3, 16, 6, 13, 5, 4, 9, 11, 21, 17, 8, 10, 5, 14, 11, 9, 21, 3, 16, 1, 19, 20, 2, 16, 7, 9, 8, 19, 4, 20, 14, 15, 6, 17, 18, 3, 6, 5, 15, 17, 10, 16, 19, 13, 20, 18, 8, 9, 21, 20, 9, 18, 12, 13, 11, 3, 8, 5, 16, 2, 19, 8, 19, 15, 16, 2, 18, 20, 17, 10, 9, 7, 3, 6]
Time taken: 98.69 seconds

--- Run 28 ---
Invalid solution found. Time taken: {run_time:.2f} seconds

--- Run 29 ---
Invalid solution found. Time taken: {run_time:.2f} seconds

--- Run 30 ---
Chromatic number: 23
Solution: [1, 2, 3, 4, 5, 6, 7, 8, 9, 10, 11, 12, 13, 13, 10, 14, 8, 2, 15, 16, 5, 3, 17, 6, 18, 11, 16, 5, 6, 19, 17, 3, 18, 7, 4, 14, 1, 9, 10, 18, 20, 4, 21, 10, 1, 9, 14, 13, 15, 7, 8, 5, 15, 17, 10, 7, 14, 18, 13, 19, 8, 5, 16, 2, 6, 3, 16, 15, 17, 8, 2, 4, 9, 10, 22, 21, 13, 18, 23, 18, 8, 6, 15, 17, 22, 20, 19, 13, 4, 10, 9, 4, 11, 17, 5, 22, 14, 15, 18, 7, 2, 20, 19, 8, 2, 14, 18, 9, 4, 16, 5, 22, 15, 8, 10, 17, 7, 11, 8, 7, 16, 19, 20, 10, 3, 21, 12, 9, 15, 14, 10, 15, 23, 3, 6, 4, 14, 12, 1, 11, 8, 5, 16, 8, 7, 22, 15, 18, 10, 6, 2, 14, 21, 19, 4, 3, 6, 21, 2, 14, 7, 5, 8, 10, 18, 4, 22, 16, 17]
Time taken: 112.26 seconds

