Logs for instance queen9_9

--- Run 1 ---
Chromatic number: 14
Solution: [1, 2, 3, 4, 5, 6, 7, 8, 9, 6, 9, 5, 7, 10, 4, 11, 2, 1, 7, 12, 2, 11, 1, 9, 10, 13, 6, 2, 8, 7, 5, 12, 13, 3, 1, 14, 13, 1, 6, 2, 4, 10, 8, 5, 12, 9, 3, 10, 1, 8, 7, 6, 4, 11, 8, 7, 12, 6, 2, 11, 13, 9, 10, 14, 5, 11, 10, 7, 3, 1, 6, 8, 11, 4, 9, 13, 6, 8, 12, 10, 3]
Time taken: 40.54 seconds

--- Run 2 ---
Chromatic number: 14
Solution: [1, 2, 3, 4, 5, 6, 7, 8, 9, 10, 11, 5, 6, 3, 4, 12, 13, 1, 6, 12, 9, 7, 13, 5, 11, 10, 3, 3, 10, 11, 2, 1, 12, 8, 9, 4, 4, 5, 14, 3, 8, 11, 1, 2, 12, 8, 3, 2, 5, 4, 14, 10, 7, 6, 12, 6, 1, 14, 11, 8, 5, 4, 10, 11, 4, 12, 13, 9, 1, 14, 6, 8, 2, 7, 8, 11, 6, 10, 3, 1, 13]
Time taken: 40.32 seconds

--- Run 3 ---
Chromatic number: 14
Solution: [1, 2, 3, 4, 5, 6, 7, 8, 9, 10, 11, 6, 12, 13, 14, 3, 4, 5, 5, 8, 13, 9, 4, 12, 2, 11, 3, 13, 4, 11, 8, 7, 1, 9, 6, 10, 3, 7, 9, 2, 6, 4, 11, 1, 8, 4, 6, 1, 3, 12, 7, 13, 9, 11, 2, 5, 12, 14, 1, 9, 10, 3, 7, 6, 13, 7, 10, 8, 11, 4, 2, 1, 11, 3, 14, 6, 2, 5, 8, 13, 4]
Time taken: 41.98 seconds

--- Run 4 ---
Chromatic number: 13
Solution: [1, 2, 3, 4, 5, 6, 7, 8, 9, 10, 8, 1, 11, 7, 9, 12, 6, 2, 11, 13, 9, 10, 12, 2, 1, 7, 3, 7, 6, 11, 2, 9, 10, 8, 4, 5, 2, 3, 5, 7, 13, 12, 6, 9, 10, 9, 10, 6, 3, 4, 5, 11, 2, 13, 13, 11, 7, 5, 10, 8, 4, 3, 1, 5, 4, 13, 1, 2, 7, 9, 10, 6, 12, 9, 8, 6, 3, 4, 13, 5, 7]
Time taken: 38.12 seconds

--- Run 5 ---
Chromatic number: 15
Solution: [1, 2, 3, 4, 5, 6, 7, 8, 9, 10, 9, 8, 7, 11, 12, 5, 3, 4, 8, 7, 6, 10, 1, 13, 2, 11, 14, 5, 10, 12, 3, 4, 8, 15, 7, 1, 9, 1, 15, 6, 10, 7, 12, 2, 11, 2, 13, 14, 5, 8, 11, 9, 6, 7, 14, 11, 1, 2, 6, 4, 8, 12, 13, 3, 12, 9, 8, 7, 2, 1, 4, 5, 4, 6, 5, 12, 15, 10, 14, 9, 2]
Time taken: 36.86 seconds

--- Run 6 ---
Chromatic number: 14
Solution: [1, 2, 3, 4, 5, 6, 7, 8, 9, 9, 8, 5, 1, 10, 11, 12, 13, 6, 5, 14, 11, 12, 6, 13, 1, 10, 4, 10, 12, 8, 13, 3, 4, 2, 6, 5, 6, 1, 14, 11, 2, 9, 13, 7, 12, 13, 10, 7, 8, 4, 12, 14, 5, 1, 8, 4, 12, 5, 1, 10, 9, 11, 14, 14, 6, 1, 9, 13, 2, 5, 4, 7, 11, 13, 2, 3, 14, 8, 6, 1, 10]
Time taken: 40.46 seconds

--- Run 7 ---
Chromatic number: 14
Solution: [1, 2, 3, 4, 5, 6, 7, 8, 9, 4, 5, 6, 9, 2, 10, 3, 1, 11, 8, 11, 7, 10, 6, 1, 4, 2, 5, 9, 12, 1, 11, 13, 5, 10, 6, 7, 6, 3, 14, 2, 10, 4, 11, 5, 1, 11, 4, 5, 13, 14, 2, 1, 12, 6, 2, 10, 8, 7, 4, 13, 6, 11, 14, 7, 6, 13, 1, 8, 11, 9, 4, 3, 3, 1, 9, 12, 7, 14, 2, 10, 13]
Time taken: 37.44 seconds

--- Run 8 ---
Chromatic number: 16
Solution: [1, 2, 3, 4, 5, 6, 7, 8, 9, 6, 7, 8, 2, 10, 4, 11, 3, 5, 4, 10, 12, 1, 13, 14, 15, 2, 8, 16, 9, 13, 11, 4, 1, 12, 14, 3, 15, 4, 2, 7, 16, 3, 5, 6, 1, 8, 6, 15, 5, 14, 2, 13, 7, 11, 9, 1, 10, 8, 7, 11, 3, 12, 16, 2, 13, 6, 3, 9, 10, 16, 5, 15, 14, 11, 4, 15, 2, 7, 8, 1, 6]
Time taken: 31.22 seconds

--- Run 9 ---
Chromatic number: 14
Solution: [1, 2, 3, 4, 5, 6, 7, 8, 9, 10, 11, 12, 13, 7, 8, 9, 1, 3, 4, 5, 8, 9, 6, 13, 11, 12, 10, 8, 6, 11, 10, 14, 4, 1, 3, 13, 12, 14, 13, 1, 3, 10, 8, 11, 4, 13, 1, 5, 8, 4, 14, 6, 10, 12, 9, 4, 14, 6, 11, 7, 12, 13, 1, 11, 13, 7, 5, 10, 1, 2, 9, 8, 7, 9, 1, 12, 13, 11, 10, 6, 5]
Time taken: 42.46 seconds

--- Run 10 ---
Chromatic number: 15
Solution: [1, 2, 3, 4, 5, 6, 7, 8, 9, 3, 5, 7, 10, 9, 11, 12, 6, 13, 12, 13, 11, 3, 14, 15, 2, 10, 4, 6, 15, 12, 8, 4, 5, 3, 1, 2, 2, 11, 13, 14, 15, 1, 9, 5, 6, 4, 9, 5, 1, 6, 14, 15, 7, 11, 5, 1, 4, 12, 11, 8, 10, 9, 15, 9, 8, 15, 13, 7, 3, 1, 12, 5, 11, 7, 6, 9, 1, 2, 5, 4, 3]
Time taken: 39.40 seconds

--- Run 11 ---
Chromatic number: 13
Solution: [1, 2, 3, 4, 5, 6, 7, 8, 9, 6, 9, 7, 10, 11, 12, 13, 1, 5, 13, 1, 6, 9, 2, 5, 3, 11, 4, 2, 12, 13, 5, 3, 4, 1, 7, 10, 3, 5, 8, 7, 10, 13, 6, 9, 11, 7, 11, 1, 2, 9, 8, 4, 13, 6, 9, 10, 12, 3, 1, 11, 2, 5, 7, 11, 7, 4, 13, 6, 9, 8, 12, 1, 5, 6, 11, 1, 8, 7, 10, 2, 3]
Time taken: 46.41 seconds

--- Run 12 ---
Chromatic number: 14
Solution: [1, 2, 3, 4, 5, 6, 7, 8, 9, 10, 11, 5, 8, 12, 13, 1, 4, 7, 4, 7, 6, 3, 2, 14, 10, 9, 8, 11, 12, 1, 9, 4, 5, 3, 6, 13, 13, 9, 8, 5, 3, 12, 14, 7, 4, 5, 3, 7, 6, 14, 4, 8, 13, 2, 14, 6, 12, 13, 11, 9, 5, 10, 1, 9, 8, 4, 7, 10, 3, 6, 12, 14, 2, 1, 9, 12, 6, 8, 13, 3, 10]
Time taken: 37.21 seconds

--- Run 13 ---
Chromatic number: 14
Solution: [1, 2, 3, 4, 5, 6, 7, 8, 9, 10, 4, 5, 11, 12, 2, 9, 6, 7, 6, 9, 12, 3, 8, 5, 13, 1, 10, 3, 13, 8, 6, 10, 4, 2, 12, 14, 8, 7, 9, 1, 3, 14, 5, 10, 4, 9, 12, 2, 10, 11, 13, 8, 14, 3, 4, 14, 11, 8, 1, 3, 10, 9, 12, 13, 8, 10, 2, 4, 7, 12, 5, 11, 14, 5, 7, 12, 9, 10, 3, 4, 2]
Time taken: 39.91 seconds

--- Run 14 ---
Chromatic number: 15
Solution: [1, 2, 3, 4, 5, 6, 7, 8, 9, 5, 6, 7, 1, 10, 3, 11, 12, 13, 13, 3, 12, 5, 4, 7, 10, 2, 1, 14, 10, 4, 11, 9, 13, 15, 6, 3, 3, 11, 8, 13, 15, 10, 5, 1, 12, 2, 14, 1, 3, 12, 4, 13, 9, 6, 10, 4, 5, 9, 2, 14, 3, 15, 11, 12, 1, 11, 10, 6, 5, 9, 13, 14, 6, 5, 13, 12, 11, 8, 4, 10, 2]
Time taken: 42.03 seconds

--- Run 15 ---
Chromatic number: 14
Solution: [1, 2, 3, 4, 5, 6, 7, 8, 9, 7, 10, 6, 11, 9, 1, 12, 13, 2, 6, 9, 7, 8, 12, 14, 2, 5, 1, 12, 4, 5, 6, 1, 10, 13, 3, 8, 10, 14, 2, 3, 8, 7, 4, 6, 12, 3, 8, 9, 12, 11, 2, 10, 1, 7, 9, 7, 4, 1, 14, 12, 3, 11, 6, 4, 1, 10, 7, 13, 8, 6, 12, 3, 14, 6, 8, 9, 2, 3, 11, 4, 13]
Time taken: 42.87 seconds

--- Run 16 ---
Chromatic number: 15
Solution: [1, 2, 3, 4, 5, 6, 7, 8, 9, 5, 4, 10, 6, 9, 1, 11, 12, 3, 6, 11, 9, 7, 12, 13, 2, 5, 4, 7, 8, 4, 2, 6, 11, 10, 3, 13, 11, 13, 14, 3, 15, 4, 1, 2, 7, 2, 3, 5, 10, 8, 14, 12, 9, 6, 8, 14, 6, 15, 13, 7, 5, 11, 2, 4, 5, 12, 8, 11, 3, 9, 7, 14, 3, 9, 7, 1, 10, 8, 4, 6, 11]
Time taken: 33.16 seconds

--- Run 17 ---
Chromatic number: 14
Solution: [1, 2, 3, 4, 5, 6, 7, 8, 9, 8, 5, 6, 10, 7, 11, 1, 12, 2, 4, 10, 8, 11, 6, 3, 2, 13, 5, 11, 6, 9, 2, 14, 4, 5, 1, 8, 13, 8, 10, 12, 3, 7, 9, 11, 6, 3, 14, 4, 5, 11, 10, 13, 2, 1, 5, 9, 11, 3, 12, 2, 4, 10, 14, 2, 13, 1, 7, 10, 14, 6, 9, 4, 10, 4, 2, 6, 9, 5, 3, 14, 11]
Time taken: 35.59 seconds

--- Run 18 ---
Chromatic number: 14
Solution: [1, 2, 3, 4, 5, 6, 7, 8, 9, 5, 4, 9, 6, 10, 3, 11, 12, 2, 8, 3, 13, 7, 11, 5, 14, 10, 4, 7, 11, 14, 12, 4, 2, 3, 9, 8, 4, 13, 10, 2, 3, 14, 8, 1, 12, 3, 5, 12, 13, 1, 11, 10, 4, 14, 2, 9, 11, 5, 12, 4, 6, 3, 1, 14, 8, 4, 3, 9, 1, 12, 2, 5, 10, 6, 5, 14, 2, 8, 4, 11, 7]
Time taken: 43.61 seconds

--- Run 19 ---
Chromatic number: 15
Solution: [1, 2, 3, 4, 5, 6, 7, 8, 9, 3, 10, 9, 8, 11, 4, 12, 1, 13, 8, 6, 12, 14, 9, 3, 13, 15, 5, 13, 15, 5, 11, 6, 7, 9, 12, 10, 9, 7, 1, 15, 2, 8, 11, 13, 6, 10, 8, 2, 3, 7, 15, 4, 14, 12, 12, 9, 14, 10, 4, 2, 3, 5, 1, 14, 5, 4, 2, 1, 12, 8, 6, 7, 4, 12, 7, 6, 13, 9, 5, 11, 8]
Time taken: 36.36 seconds

--- Run 20 ---
Chromatic number: 14
Solution: [1, 2, 3, 4, 5, 6, 7, 8, 9, 4, 5, 10, 11, 1, 9, 12, 3, 13, 6, 13, 8, 3, 10, 11, 14, 5, 4, 8, 4, 5, 13, 14, 2, 6, 1, 10, 3, 9, 14, 1, 6, 4, 5, 13, 2, 14, 1, 6, 5, 3, 10, 8, 4, 7, 12, 10, 4, 2, 13, 14, 3, 9, 8, 13, 8, 9, 6, 4, 7, 2, 14, 5, 10, 14, 2, 7, 9, 5, 1, 6, 12]
Time taken: 36.18 seconds

--- Run 21 ---
Chromatic number: 15
Solution: [1, 2, 3, 4, 5, 6, 7, 8, 9, 10, 6, 1, 9, 8, 11, 5, 3, 12, 12, 8, 13, 3, 14, 2, 10, 4, 15, 9, 3, 4, 5, 6, 8, 1, 12, 2, 8, 1, 10, 12, 15, 13, 4, 9, 7, 5, 4, 15, 14, 2, 7, 12, 13, 3, 3, 7, 5, 8, 13, 15, 2, 10, 1, 4, 12, 6, 10, 3, 5, 9, 14, 8, 13, 10, 2, 1, 9, 12, 6, 5, 4]
Time taken: 32.87 seconds

--- Run 22 ---
Chromatic number: 14
Solution: [1, 2, 3, 4, 5, 6, 7, 8, 9, 10, 8, 6, 2, 7, 1, 11, 5, 12, 4, 12, 9, 11, 8, 13, 3, 10, 6, 13, 6, 14, 10, 1, 11, 2, 12, 3, 12, 3, 2, 9, 6, 7, 14, 11, 8, 8, 11, 12, 7, 13, 3, 9, 4, 14, 6, 4, 10, 8, 11, 5, 13, 3, 7, 7, 13, 11, 5, 2, 12, 6, 14, 4, 14, 5, 1, 13, 9, 4, 8, 2, 11]
Time taken: 44.49 seconds

--- Run 23 ---
Chromatic number: 14
Solution: [1, 2, 3, 4, 5, 6, 7, 8, 9, 9, 7, 10, 11, 3, 4, 12, 13, 5, 12, 3, 9, 14, 13, 10, 11, 7, 2, 11, 10, 4, 5, 7, 1, 2, 6, 3, 7, 12, 2, 1, 10, 3, 8, 14, 13, 2, 11, 14, 7, 12, 13, 4, 9, 8, 3, 13, 8, 9, 1, 5, 6, 11, 14, 5, 6, 11, 3, 2, 14, 13, 12, 1, 14, 1, 12, 10, 4, 7, 3, 2, 11]
Time taken: 44.57 seconds

--- Run 24 ---
Chromatic number: 14
Solution: [1, 2, 3, 4, 5, 6, 7, 8, 9, 4, 8, 7, 10, 11, 3, 12, 13, 1, 12, 11, 13, 5, 9, 1, 4, 3, 8, 13, 9, 8, 12, 6, 11, 14, 2, 4, 6, 1, 14, 9, 7, 8, 5, 12, 11, 14, 4, 11, 3, 12, 9, 10, 1, 6, 5, 3, 10, 6, 1, 13, 2, 11, 7, 10, 14, 9, 7, 3, 5, 1, 4, 13, 8, 5, 4, 1, 13, 10, 11, 6, 3]
Time taken: 34.25 seconds

--- Run 25 ---
Chromatic number: 14
Solution: [1, 2, 3, 4, 5, 6, 7, 8, 9, 4, 10, 1, 6, 3, 11, 5, 12, 13, 14, 3, 9, 12, 13, 10, 1, 7, 5, 6, 12, 13, 2, 9, 4, 11, 3, 8, 2, 7, 10, 11, 6, 8, 12, 13, 4, 5, 1, 4, 8, 12, 7, 3, 9, 14, 9, 13, 5, 3, 2, 14, 8, 4, 1, 12, 14, 2, 13, 10, 3, 9, 5, 6, 13, 9, 8, 7, 14, 5, 6, 1, 3]
Time taken: 47.39 seconds

--- Run 26 ---
Chromatic number: 13
Solution: [1, 2, 3, 4, 5, 6, 7, 8, 9, 10, 8, 9, 11, 7, 4, 5, 6, 3, 7, 12, 13, 5, 9, 10, 3, 2, 8, 5, 9, 8, 10, 3, 2, 6, 12, 4, 4, 3, 5, 6, 11, 8, 1, 9, 10, 9, 11, 4, 12, 1, 7, 13, 5, 2, 3, 1, 10, 7, 4, 5, 9, 11, 6, 2, 5, 11, 9, 8, 13, 4, 3, 7, 8, 4, 6, 2, 12, 9, 10, 13, 5]
Time taken: 43.06 seconds

--- Run 27 ---
Invalid solution found. Time taken: {run_time:.2f} seconds

--- Run 28 ---
Chromatic number: 15
Solution: [1, 2, 3, 4, 5, 6, 7, 8, 9, 7, 10, 1, 11, 12, 4, 3, 13, 5, 11, 6, 14, 8, 9, 13, 1, 2, 4, 5, 3, 2, 13, 7, 10, 11, 12, 14, 8, 7, 12, 14, 6, 15, 5, 3, 11, 3, 14, 11, 5, 1, 2, 13, 6, 8, 10, 5, 7, 6, 14, 8, 9, 4, 2, 6, 8, 10, 3, 4, 7, 15, 11, 12, 14, 12, 6, 7, 15, 1, 10, 5, 3]
Time taken: 39.53 seconds

--- Run 29 ---
Chromatic number: 14
Solution: [1, 2, 3, 4, 5, 6, 7, 8, 9, 8, 5, 10, 9, 11, 2, 3, 6, 7, 4, 12, 2, 7, 13, 9, 8, 11, 1, 3, 8, 4, 14, 1, 12, 13, 9, 10, 11, 9, 12, 2, 10, 14, 5, 1, 13, 5, 10, 7, 11, 6, 3, 4, 2, 12, 9, 11, 1, 10, 7, 5, 6, 3, 8, 14, 4, 9, 8, 12, 10, 11, 7, 5, 7, 3, 6, 13, 14, 1, 9, 10, 4]
Time taken: 43.15 seconds

--- Run 30 ---
Chromatic number: 14
Solution: [1, 2, 3, 4, 5, 6, 7, 8, 9, 5, 6, 10, 8, 11, 4, 1, 12, 3, 4, 11, 12, 3, 1, 10, 2, 13, 6, 12, 10, 1, 9, 13, 7, 5, 14, 2, 7, 8, 5, 6, 3, 12, 10, 9, 1, 9, 3, 4, 1, 10, 5, 8, 2, 7, 8, 7, 14, 11, 9, 3, 13, 1, 4, 3, 4, 6, 2, 14, 8, 12, 7, 5, 10, 1, 11, 5, 12, 2, 3, 4, 8]
Time taken: 39.48 seconds

