Logs for instance queen11_11

--- Run 1 ---
Chromatic number: 18
Solution: [1, 2, 3, 4, 5, 6, 7, 8, 9, 10, 11, 3, 12, 9, 1, 13, 14, 15, 6, 16, 8, 5, 16, 15, 4, 7, 17, 11, 12, 5, 1, 3, 18, 13, 11, 16, 8, 1, 5, 14, 15, 4, 9, 12, 6, 14, 1, 13, 15, 3, 4, 7, 2, 17, 16, 8, 10, 6, 17, 12, 2, 18, 13, 5, 1, 9, 5, 18, 8, 9, 6, 10, 16, 4, 11, 2, 3, 9, 16, 7, 5, 11, 12, 6, 3, 13, 15, 8, 18, 8, 13, 16, 3, 1, 2, 17, 10, 5, 7, 4, 3, 12, 10, 2, 13, 5, 9, 18, 6, 14, 14, 9, 5, 18, 8, 15, 11, 16, 3, 4, 13]
Time taken: 57.16 seconds

--- Run 2 ---
Chromatic number: 17
Solution: [1, 2, 3, 4, 5, 6, 7, 8, 9, 10, 11, 5, 12, 10, 13, 8, 14, 9, 3, 15, 6, 1, 9, 16, 11, 7, 4, 1, 6, 17, 14, 12, 5, 15, 7, 1, 10, 12, 8, 3, 4, 5, 16, 2, 8, 4, 15, 6, 17, 16, 12, 7, 11, 13, 9, 10, 9, 2, 5, 11, 7, 17, 1, 16, 8, 4, 2, 17, 16, 8, 1, 3, 13, 15, 10, 9, 7, 16, 10, 7, 2, 13, 17, 4, 5, 6, 11, 12, 11, 13, 8, 16, 7, 10, 2, 12, 4, 5, 17, 14, 5, 4, 15, 9, 12, 11, 16, 8, 2, 13, 17, 11, 9, 1, 16, 2, 10, 6, 12, 7, 8]
Time taken: 69.46 seconds

--- Run 3 ---
Chromatic number: 18
Solution: [1, 2, 3, 4, 5, 6, 7, 8, 9, 10, 11, 9, 12, 7, 13, 3, 14, 15, 1, 2, 5, 16, 14, 5, 17, 18, 12, 10, 4, 3, 16, 11, 13, 11, 4, 15, 8, 9, 2, 13, 10, 18, 12, 7, 15, 9, 10, 3, 13, 1, 8, 7, 6, 2, 18, 7, 11, 13, 16, 17, 18, 5, 9, 14, 15, 1, 16, 18, 5, 7, 1, 13, 2, 17, 4, 8, 3, 6, 17, 4, 14, 15, 3, 16, 5, 13, 1, 9, 3, 14, 6, 10, 4, 5, 11, 18, 7, 16, 15, 12, 15, 9, 5, 6, 7, 3, 13, 1, 4, 14, 4, 3, 16, 1, 10, 15, 12, 14, 5, 7, 6]
Time taken: 60.75 seconds

--- Run 4 ---
Chromatic number: 17
Solution: [1, 2, 3, 4, 5, 6, 7, 8, 9, 10, 11, 10, 7, 6, 9, 12, 11, 3, 4, 13, 5, 1, 9, 1, 8, 5, 13, 14, 2, 15, 10, 3, 6, 5, 3, 11, 12, 9, 8, 6, 13, 4, 1, 15, 6, 10, 16, 15, 11, 4, 17, 5, 14, 2, 9, 2, 9, 13, 6, 14, 3, 11, 10, 7, 16, 12, 14, 5, 1, 8, 15, 12, 13, 3, 11, 17, 4, 4, 17, 12, 16, 2, 5, 9, 14, 1, 6, 3, 15, 16, 9, 13, 7, 1, 12, 2, 17, 8, 14, 3, 6, 15, 2, 4, 13, 14, 7, 5, 9, 10, 12, 14, 4, 11, 3, 9, 15, 6, 2, 13, 5]
Time taken: 77.10 seconds

--- Run 5 ---
Chromatic number: 18
Solution: [1, 2, 3, 4, 5, 6, 7, 8, 9, 10, 11, 5, 4, 9, 12, 10, 13, 11, 2, 14, 6, 15, 16, 6, 17, 18, 8, 5, 14, 4, 12, 13, 2, 12, 14, 8, 15, 4, 10, 13, 1, 5, 11, 18, 8, 13, 2, 16, 12, 17, 15, 11, 7, 1, 14, 15, 12, 14, 1, 9, 2, 6, 5, 3, 4, 8, 17, 18, 15, 5, 13, 3, 10, 14, 6, 2, 12, 10, 11, 7, 3, 2, 18, 4, 13, 1, 14, 6, 4, 8, 5, 10, 6, 15, 17, 12, 16, 3, 13, 2, 10, 16, 14, 17, 1, 3, 6, 11, 8, 7, 14, 17, 12, 6, 3, 4, 2, 10, 15, 18, 5]
Time taken: 58.45 seconds

--- Run 6 ---
Invalid solution found. Time taken: {run_time:.2f} seconds

--- Run 7 ---
Chromatic number: 18
Solution: [1, 2, 3, 4, 5, 6, 7, 8, 9, 10, 11, 5, 12, 6, 13, 14, 3, 10, 15, 4, 1, 16, 11, 10, 14, 15, 4, 17, 8, 1, 13, 5, 3, 8, 1, 17, 18, 16, 2, 12, 6, 14, 11, 13, 7, 11, 8, 1, 3, 13, 5, 9, 16, 4, 12, 4, 13, 5, 6, 11, 16, 1, 17, 10, 14, 7, 14, 9, 12, 16, 7, 8, 13, 11, 6, 3, 17, 6, 17, 7, 3, 12, 18, 15, 4, 5, 9, 8, 13, 14, 4, 11, 15, 9, 17, 2, 8, 12, 1, 17, 8, 13, 7, 1, 10, 4, 5, 18, 15, 14, 2, 4, 1, 5, 8, 14, 11, 13, 12, 7, 6]
Time taken: 70.26 seconds

--- Run 8 ---
Chromatic number: 17
Solution: [1, 2, 3, 4, 5, 6, 7, 8, 9, 10, 11, 4, 8, 7, 6, 12, 3, 13, 14, 2, 5, 15, 11, 13, 2, 1, 15, 14, 16, 5, 10, 4, 6, 9, 10, 16, 17, 3, 8, 6, 15, 12, 2, 5, 14, 3, 13, 10, 6, 9, 4, 2, 11, 7, 8, 2, 11, 15, 3, 17, 12, 8, 10, 13, 6, 16, 10, 16, 4, 13, 2, 7, 15, 6, 17, 8, 9, 6, 5, 1, 7, 16, 4, 11, 3, 15, 13, 17, 17, 4, 6, 11, 13, 2, 9, 1, 14, 16, 7, 16, 1, 17, 12, 10, 15, 14, 7, 5, 9, 4, 3, 6, 14, 16, 7, 13, 2, 4, 1, 15, 10]
Time taken: 76.41 seconds

--- Run 9 ---
Chromatic number: 16
Solution: [1, 2, 3, 4, 5, 6, 7, 8, 9, 10, 11, 4, 10, 12, 11, 1, 3, 2, 13, 14, 8, 9, 9, 6, 2, 14, 10, 7, 8, 15, 5, 1, 4, 7, 15, 11, 9, 13, 14, 12, 10, 4, 6, 2, 14, 8, 4, 10, 6, 5, 1, 11, 2, 3, 12, 10, 1, 16, 5, 2, 4, 6, 9, 13, 14, 8, 8, 4, 10, 13, 12, 15, 11, 1, 6, 2, 7, 5, 12, 8, 15, 3, 1, 14, 16, 7, 4, 6, 15, 7, 6, 2, 16, 10, 13, 12, 8, 9, 5, 11, 3, 13, 7, 9, 2, 5, 6, 1, 12, 10, 16, 14, 5, 6, 4, 11, 9, 2, 10, 7, 13]
Time taken: 76.59 seconds

--- Run 10 ---
Chromatic number: 17
Solution: [1, 2, 3, 4, 5, 6, 7, 8, 9, 10, 11, 12, 13, 7, 9, 8, 4, 14, 2, 3, 5, 15, 6, 5, 11, 10, 14, 7, 3, 4, 16, 13, 8, 10, 3, 9, 15, 1, 16, 13, 17, 8, 12, 5, 4, 7, 17, 3, 6, 11, 8, 12, 13, 2, 1, 3, 16, 2, 14, 15, 12, 6, 1, 11, 8, 13, 13, 9, 5, 1, 10, 17, 2, 3, 12, 14, 6, 11, 12, 8, 6, 16, 9, 1, 10, 5, 7, 3, 8, 6, 1, 2, 11, 14, 5, 7, 17, 16, 10, 17, 15, 10, 5, 12, 2, 4, 11, 6, 9, 14, 2, 14, 6, 8, 3, 1, 12, 9, 15, 11, 16]
Time taken: 74.22 seconds

--- Run 11 ---
Chromatic number: 18
Solution: [1, 2, 3, 4, 5, 6, 7, 8, 9, 10, 11, 12, 10, 13, 8, 14, 1, 4, 6, 15, 16, 7, 8, 7, 17, 10, 6, 9, 18, 13, 2, 11, 15, 17, 9, 5, 11, 18, 15, 8, 4, 10, 14, 6, 2, 3, 18, 14, 13, 11, 12, 5, 6, 8, 4, 11, 4, 15, 2, 17, 7, 14, 10, 3, 13, 18, 15, 1, 16, 7, 10, 2, 9, 17, 18, 6, 3, 6, 11, 14, 13, 8, 4, 10, 15, 7, 1, 2, 3, 12, 9, 6, 7, 18, 1, 11, 5, 4, 14, 16, 6, 4, 17, 15, 8, 2, 7, 13, 18, 1, 18, 13, 8, 5, 2, 10, 6, 14, 11, 3, 16]
Time taken: 58.73 seconds

--- Run 12 ---
Chromatic number: 18
Solution: [1, 2, 3, 4, 5, 6, 7, 8, 9, 10, 11, 5, 12, 13, 8, 14, 15, 3, 16, 2, 17, 6, 9, 17, 11, 3, 16, 5, 12, 1, 14, 15, 2, 6, 14, 1, 10, 4, 17, 8, 3, 11, 5, 7, 3, 11, 8, 9, 18, 7, 2, 12, 1, 4, 17, 16, 1, 18, 15, 6, 8, 5, 4, 3, 14, 9, 13, 15, 2, 5, 1, 16, 9, 6, 12, 7, 10, 2, 7, 9, 6, 3, 12, 14, 5, 17, 18, 16, 8, 3, 4, 7, 10, 13, 6, 2, 16, 12, 15, 11, 5, 14, 16, 2, 4, 1, 7, 15, 3, 8, 7, 8, 17, 1, 9, 3, 15, 14, 18, 11, 13]
Time taken: 66.98 seconds

--- Run 13 ---
Chromatic number: 18
Solution: [1, 2, 3, 4, 5, 6, 7, 8, 9, 10, 11, 3, 7, 8, 12, 2, 9, 11, 10, 6, 13, 4, 2, 5, 9, 7, 4, 14, 15, 1, 3, 16, 12, 12, 16, 14, 10, 15, 1, 17, 6, 7, 2, 9, 7, 1, 11, 17, 14, 12, 9, 5, 4, 8, 15, 10, 14, 6, 13, 8, 15, 3, 7, 1, 18, 16, 15, 9, 12, 2, 1, 13, 5, 4, 16, 7, 3, 5, 6, 4, 8, 9, 17, 16, 2, 18, 11, 10, 16, 15, 5, 14, 3, 18, 10, 11, 12, 6, 2, 11, 17, 1, 16, 6, 4, 8, 14, 2, 3, 5, 14, 12, 10, 11, 7, 2, 6, 3, 15, 1, 13]
Time taken: 58.88 seconds

--- Run 14 ---
Chromatic number: 17
Solution: [1, 2, 3, 4, 5, 6, 7, 8, 9, 10, 11, 7, 6, 12, 11, 8, 9, 2, 10, 13, 14, 3, 11, 1, 9, 5, 15, 10, 4, 14, 3, 6, 8, 6, 15, 13, 16, 17, 8, 5, 12, 11, 4, 2, 4, 3, 8, 14, 12, 11, 6, 2, 10, 7, 15, 9, 14, 11, 3, 6, 7, 16, 1, 17, 13, 4, 10, 13, 6, 12, 9, 4, 11, 15, 7, 1, 16, 15, 11, 16, 17, 1, 2, 12, 3, 8, 9, 7, 14, 8, 4, 15, 7, 16, 10, 11, 5, 3, 13, 3, 10, 14, 13, 11, 12, 9, 7, 16, 8, 6, 8, 7, 5, 1, 2, 17, 3, 4, 6, 15, 14]
Time taken: 63.11 seconds

--- Run 15 ---
Chromatic number: 18
Solution: [1, 2, 3, 4, 5, 6, 7, 8, 9, 10, 11, 7, 8, 12, 6, 2, 13, 3, 5, 4, 1, 14, 4, 9, 7, 11, 15, 16, 2, 17, 8, 3, 5, 14, 3, 16, 9, 1, 12, 11, 10, 7, 18, 2, 13, 7, 10, 14, 11, 18, 9, 15, 3, 4, 12, 15, 5, 11, 7, 12, 3, 8, 1, 13, 14, 10, 11, 13, 14, 3, 6, 4, 10, 7, 17, 5, 9, 10, 4, 6, 12, 17, 11, 5, 13, 15, 7, 3, 6, 14, 2, 16, 9, 10, 15, 3, 5, 13, 4, 5, 18, 9, 13, 3, 2, 4, 16, 11, 15, 6, 16, 11, 4, 15, 10, 7, 6, 12, 14, 2, 18]
Time taken: 69.86 seconds

--- Run 16 ---
Chromatic number: 17
Solution: [1, 2, 3, 4, 5, 6, 7, 8, 9, 10, 11, 5, 12, 7, 8, 13, 3, 10, 2, 14, 15, 6, 9, 16, 15, 10, 17, 1, 14, 5, 8, 12, 7, 10, 13, 2, 14, 9, 5, 12, 17, 7, 4, 3, 7, 9, 16, 13, 10, 15, 4, 3, 2, 14, 12, 3, 8, 12, 15, 6, 13, 5, 9, 10, 7, 17, 12, 5, 4, 2, 7, 9, 3, 16, 15, 11, 8, 15, 7, 9, 3, 8, 11, 1, 4, 13, 2, 14, 16, 3, 14, 1, 12, 4, 2, 10, 11, 8, 13, 8, 10, 11, 5, 2, 14, 16, 1, 12, 9, 4, 6, 4, 13, 9, 11, 12, 15, 7, 17, 3, 2]
Time taken: 62.80 seconds

--- Run 17 ---
Chromatic number: 17
Solution: [1, 2, 3, 4, 5, 6, 7, 8, 9, 10, 11, 5, 4, 11, 6, 1, 10, 12, 13, 2, 14, 8, 6, 1, 10, 12, 8, 7, 2, 3, 5, 15, 4, 16, 13, 7, 9, 14, 4, 15, 6, 11, 8, 12, 2, 8, 15, 11, 12, 16, 9, 5, 14, 13, 6, 4, 14, 6, 8, 9, 2, 1, 16, 3, 12, 5, 11, 15, 16, 7, 4, 12, 6, 10, 17, 9, 13, 17, 5, 14, 3, 13, 9, 8, 11, 15, 7, 2, 3, 12, 13, 2, 7, 17, 5, 4, 8, 6, 14, 13, 10, 9, 15, 6, 1, 3, 2, 16, 5, 7, 8, 6, 1, 5, 3, 13, 4, 9, 12, 2, 15]
Time taken: 63.72 seconds

--- Run 18 ---
Chromatic number: 18
Solution: [1, 2, 3, 4, 5, 6, 7, 8, 9, 10, 11, 4, 12, 13, 6, 11, 2, 14, 3, 15, 1, 16, 7, 6, 2, 17, 4, 18, 1, 13, 8, 9, 15, 3, 11, 5, 8, 15, 7, 6, 18, 17, 13, 14, 8, 15, 16, 9, 18, 3, 17, 14, 4, 2, 6, 18, 9, 17, 14, 8, 15, 5, 2, 1, 7, 4, 17, 10, 6, 1, 2, 13, 11, 4, 14, 16, 8, 2, 13, 14, 12, 7, 1, 15, 10, 6, 18, 3, 15, 7, 4, 2, 17, 11, 3, 1, 5, 14, 13, 11, 5, 1, 3, 6, 4, 8, 15, 2, 17, 7, 6, 3, 7, 13, 1, 17, 2, 5, 18, 12, 9]
Time taken: 64.18 seconds

--- Run 19 ---
Chromatic number: 17
Solution: [1, 2, 3, 4, 5, 6, 7, 8, 9, 10, 11, 12, 8, 13, 14, 10, 2, 15, 11, 16, 6, 3, 10, 17, 11, 12, 6, 9, 16, 3, 14, 2, 7, 2, 9, 4, 16, 3, 10, 8, 7, 13, 17, 15, 7, 3, 1, 11, 4, 17, 5, 15, 12, 9, 6, 5, 11, 17, 6, 2, 15, 9, 4, 7, 3, 10, 17, 13, 2, 15, 8, 5, 10, 16, 11, 12, 9, 14, 15, 9, 17, 16, 11, 3, 2, 4, 13, 5, 13, 5, 12, 10, 15, 4, 14, 9, 3, 11, 2, 11, 10, 6, 3, 17, 16, 13, 12, 15, 5, 14, 9, 4, 5, 8, 13, 3, 6, 10, 17, 7, 12]
Time taken: 71.42 seconds

--- Run 20 ---
Chromatic number: 18
Solution: [1, 2, 3, 4, 5, 6, 7, 8, 9, 10, 11, 12, 13, 1, 9, 10, 14, 2, 15, 16, 7, 3, 16, 3, 4, 15, 17, 5, 10, 11, 14, 1, 2, 10, 15, 7, 11, 13, 12, 18, 2, 4, 16, 6, 11, 4, 9, 1, 6, 8, 16, 12, 13, 15, 17, 3, 18, 11, 7, 2, 15, 6, 14, 1, 9, 8, 15, 9, 2, 13, 3, 17, 8, 7, 6, 11, 1, 4, 1, 6, 12, 7, 10, 11, 16, 3, 2, 15, 14, 7, 10, 16, 15, 3, 1, 6, 17, 4, 18, 9, 6, 15, 3, 8, 7, 14, 4, 10, 12, 16, 8, 10, 12, 2, 11, 4, 9, 1, 5, 13, 14]
Time taken: 69.56 seconds

--- Run 21 ---
Chromatic number: 17
Solution: [1, 2, 3, 4, 5, 6, 7, 8, 9, 10, 11, 12, 6, 5, 1, 10, 2, 13, 14, 4, 8, 15, 5, 15, 8, 14, 16, 1, 11, 12, 3, 6, 10, 10, 17, 7, 11, 9, 12, 6, 15, 8, 2, 14, 11, 12, 4, 10, 7, 15, 14, 17, 1, 3, 6, 16, 9, 11, 8, 17, 13, 12, 6, 15, 7, 5, 15, 7, 6, 3, 12, 9, 16, 10, 2, 11, 13, 6, 13, 9, 7, 1, 14, 5, 4, 17, 15, 12, 17, 11, 10, 5, 3, 7, 9, 1, 12, 13, 4, 7, 1, 13, 9, 6, 10, 15, 11, 14, 17, 3, 9, 10, 15, 12, 11, 8, 17, 5, 6, 4, 2]
Time taken: 59.57 seconds

--- Run 22 ---
Chromatic number: 19
Solution: [1, 2, 3, 4, 5, 6, 7, 8, 9, 10, 11, 7, 12, 9, 13, 14, 10, 15, 5, 2, 16, 1, 8, 5, 17, 1, 11, 12, 13, 7, 10, 4, 2, 2, 9, 4, 8, 3, 18, 19, 1, 16, 6, 12, 12, 10, 5, 6, 4, 13, 9, 2, 17, 1, 8, 11, 16, 7, 14, 17, 2, 6, 12, 13, 9, 18, 17, 19, 1, 11, 7, 9, 5, 10, 6, 8, 4, 4, 6, 15, 5, 12, 1, 8, 16, 7, 14, 10, 16, 14, 18, 10, 8, 5, 4, 3, 15, 12, 17, 5, 4, 8, 7, 2, 17, 14, 6, 1, 3, 16, 6, 18, 10, 3, 1, 16, 2, 4, 12, 11, 9]
Time taken: 59.31 seconds

--- Run 23 ---
Chromatic number: 17
Solution: [1, 2, 3, 4, 5, 6, 7, 8, 9, 10, 11, 5, 4, 12, 13, 8, 11, 14, 15, 6, 2, 7, 6, 13, 2, 14, 1, 15, 10, 12, 4, 5, 3, 8, 7, 4, 15, 3, 5, 11, 16, 2, 17, 1, 3, 11, 10, 1, 6, 9, 15, 14, 13, 4, 2, 15, 14, 9, 12, 16, 17, 4, 11, 10, 6, 5, 16, 10, 11, 7, 9, 3, 8, 6, 12, 13, 4, 11, 3, 5, 6, 17, 4, 12, 13, 1, 7, 9, 4, 17, 7, 9, 12, 13, 5, 10, 11, 15, 6, 13, 5, 15, 10, 14, 1, 6, 3, 8, 12, 17, 12, 8, 6, 3, 4, 7, 13, 5, 15, 14, 10]
Time taken: 71.86 seconds

--- Run 24 ---
Chromatic number: 17
Solution: [1, 2, 3, 4, 5, 6, 7, 8, 9, 10, 11, 12, 6, 13, 9, 7, 14, 3, 2, 15, 16, 4, 9, 14, 12, 5, 6, 1, 10, 4, 3, 2, 13, 6, 3, 2, 11, 16, 7, 8, 13, 5, 9, 1, 13, 16, 10, 15, 4, 12, 5, 3, 1, 8, 6, 8, 4, 5, 6, 1, 17, 9, 16, 12, 3, 7, 16, 10, 1, 3, 15, 8, 14, 7, 4, 11, 9, 4, 13, 11, 12, 10, 5, 16, 9, 8, 1, 2, 15, 5, 6, 7, 3, 9, 2, 10, 16, 4, 8, 7, 9, 15, 2, 13, 10, 1, 12, 6, 5, 3, 2, 1, 4, 14, 8, 16, 6, 11, 13, 7, 10]
Time taken: 65.90 seconds

--- Run 25 ---
Invalid solution found. Time taken: {run_time:.2f} seconds

--- Run 26 ---
Chromatic number: 17
Solution: [1, 2, 3, 4, 5, 6, 7, 8, 9, 10, 11, 12, 13, 14, 15, 1, 10, 11, 5, 16, 4, 2, 5, 8, 10, 17, 11, 7, 1, 15, 14, 9, 16, 11, 12, 9, 14, 15, 2, 5, 3, 4, 1, 17, 14, 7, 2, 10, 4, 3, 12, 11, 8, 13, 6, 10, 1, 4, 13, 7, 17, 8, 14, 3, 11, 9, 15, 5, 11, 2, 6, 14, 9, 7, 10, 8, 13, 3, 10, 1, 8, 12, 4, 16, 2, 13, 7, 14, 16, 14, 5, 7, 10, 9, 15, 4, 6, 12, 8, 8, 9, 13, 11, 2, 12, 3, 17, 15, 16, 4, 13, 3, 17, 5, 9, 11, 4, 10, 7, 2, 12]
Time taken: 59.89 seconds

--- Run 27 ---
Chromatic number: 19
Solution: [1, 2, 3, 4, 5, 6, 7, 8, 9, 10, 11, 4, 12, 13, 14, 2, 15, 1, 16, 17, 7, 8, 13, 9, 11, 7, 12, 14, 10, 18, 4, 2, 19, 7, 8, 18, 9, 11, 17, 16, 2, 13, 14, 3, 10, 16, 2, 17, 8, 5, 15, 6, 1, 11, 12, 11, 14, 6, 1, 7, 13, 12, 5, 18, 19, 4, 6, 18, 5, 3, 14, 11, 17, 15, 7, 12, 13, 2, 11, 4, 12, 1, 16, 8, 10, 6, 18, 7, 18, 13, 1, 16, 6, 2, 9, 3, 15, 17, 10, 12, 6, 7, 15, 9, 8, 14, 19, 5, 4, 1, 16, 3, 9, 6, 4, 1, 2, 12, 11, 13, 5]
Time taken: 66.79 seconds

--- Run 28 ---
Chromatic number: 17
Solution: [1, 2, 3, 4, 5, 6, 7, 8, 9, 10, 11, 12, 7, 13, 6, 10, 11, 1, 14, 15, 5, 2, 16, 10, 8, 17, 12, 15, 13, 11, 6, 3, 7, 11, 12, 5, 15, 7, 2, 16, 3, 8, 13, 17, 15, 13, 1, 16, 11, 3, 8, 17, 10, 7, 12, 3, 8, 9, 7, 2, 16, 11, 15, 5, 14, 13, 10, 11, 16, 5, 17, 14, 12, 6, 7, 9, 1, 17, 3, 14, 1, 6, 4, 15, 13, 16, 11, 8, 8, 6, 15, 13, 14, 10, 2, 4, 17, 1, 5, 7, 14, 10, 8, 4, 9, 17, 5, 13, 6, 15, 9, 15, 6, 14, 16, 8, 3, 7, 11, 17, 10]
Time taken: 61.01 seconds

--- Run 29 ---
Chromatic number: 17
Solution: [1, 2, 3, 4, 5, 6, 7, 8, 9, 10, 11, 4, 11, 10, 6, 2, 9, 5, 3, 12, 13, 14, 9, 6, 13, 8, 11, 15, 10, 4, 5, 16, 1, 5, 3, 11, 16, 17, 8, 9, 15, 2, 6, 4, 10, 15, 2, 13, 12, 14, 16, 11, 8, 7, 9, 14, 12, 4, 5, 3, 7, 15, 9, 6, 11, 8, 8, 9, 6, 1, 4, 17, 3, 12, 10, 14, 16, 3, 14, 7, 17, 9, 10, 1, 2, 13, 5, 12, 7, 8, 12, 3, 14, 11, 6, 5, 4, 9, 2, 2, 10, 5, 11, 8, 4, 17, 7, 14, 15, 3, 6, 4, 16, 9, 7, 12, 2, 10, 11, 8, 5]
Time taken: 72.22 seconds

--- Run 30 ---
Chromatic number: 18
Solution: [1, 2, 3, 4, 5, 6, 7, 8, 9, 10, 11, 12, 13, 9, 6, 8, 1, 2, 4, 14, 5, 15, 5, 7, 15, 13, 2, 9, 3, 16, 6, 4, 10, 6, 11, 1, 8, 12, 15, 5, 2, 10, 13, 3, 8, 9, 12, 5, 6, 17, 10, 3, 11, 18, 2, 11, 16, 4, 2, 9, 12, 1, 18, 17, 8, 5, 4, 15, 5, 3, 16, 8, 17, 11, 7, 2, 12, 18, 10, 13, 15, 11, 7, 6, 5, 3, 16, 1, 16, 12, 8, 9, 4, 2, 13, 15, 18, 7, 17, 2, 1, 7, 12, 10, 11, 8, 17, 4, 9, 6, 17, 5, 2, 16, 1, 4, 9, 12, 15, 11, 7]
Time taken: 57.41 seconds

