Logs for instance queen8_8

--- Run 1 ---
Chromatic number: 12
Solution: [1, 2, 3, 4, 5, 6, 7, 8, 7, 6, 8, 9, 10, 11, 3, 4, 8, 3, 12, 5, 4, 2, 9, 7, 5, 7, 4, 3, 12, 1, 6, 10, 4, 9, 5, 6, 7, 10, 12, 1, 3, 1, 7, 2, 11, 8, 4, 6, 12, 4, 10, 8, 6, 9, 5, 3, 10, 5, 9, 7, 3, 12, 8, 11]
Time taken: 30.97 seconds

--- Run 2 ---
Chromatic number: 11
Solution: [1, 2, 3, 4, 5, 6, 7, 8, 8, 4, 5, 1, 9, 10, 3, 6, 5, 11, 6, 3, 4, 2, 9, 1, 9, 3, 2, 8, 6, 5, 11, 4, 2, 8, 1, 9, 11, 7, 10, 5, 11, 9, 4, 2, 10, 3, 8, 7, 3, 5, 7, 6, 8, 1, 2, 11, 7, 1, 8, 5, 2, 11, 6, 10]
Time taken: 32.02 seconds

--- Run 3 ---
Chromatic number: 13
Solution: [1, 2, 3, 4, 5, 6, 7, 8, 9, 4, 10, 6, 8, 11, 1, 12, 10, 5, 2, 1, 9, 12, 3, 7, 12, 8, 7, 3, 11, 2, 9, 1, 11, 10, 1, 13, 7, 4, 12, 2, 2, 6, 9, 11, 10, 5, 8, 4, 5, 7, 4, 2, 3, 1, 6, 9, 4, 1, 5, 7, 6, 9, 2, 10]
Time taken: 22.87 seconds

--- Run 4 ---
Chromatic number: 12
Solution: [1, 2, 3, 4, 5, 6, 7, 8, 8, 4, 9, 6, 10, 11, 1, 5, 9, 10, 12, 1, 2, 5, 6, 7, 2, 11, 7, 5, 12, 8, 3, 10, 7, 9, 6, 3, 11, 10, 4, 2, 5, 8, 10, 12, 4, 2, 11, 1, 10, 6, 1, 11, 3, 9, 8, 4, 11, 7, 8, 9, 1, 4, 5, 3]
Time taken: 27.47 seconds

--- Run 5 ---
Chromatic number: 13
Solution: [1, 2, 3, 4, 5, 6, 7, 8, 9, 10, 1, 11, 12, 4, 13, 5, 7, 5, 6, 10, 2, 9, 3, 1, 13, 9, 2, 5, 3, 7, 11, 6, 10, 4, 8, 6, 11, 13, 12, 7, 5, 13, 7, 12, 4, 3, 6, 10, 12, 1, 4, 3, 13, 8, 9, 11, 4, 6, 12, 9, 10, 5, 1, 13]
Time taken: 26.80 seconds

--- Run 6 ---
Chromatic number: 12
Solution: [1, 2, 3, 4, 5, 6, 7, 8, 9, 6, 10, 8, 7, 1, 2, 11, 2, 1, 9, 11, 6, 3, 12, 5, 6, 4, 12, 10, 1, 9, 11, 2, 7, 9, 8, 6, 2, 4, 10, 1, 8, 12, 7, 1, 10, 5, 6, 4, 4, 10, 5, 12, 11, 2, 3, 9, 12, 8, 2, 3, 4, 10, 5, 7]
Time taken: 26.68 seconds

--- Run 7 ---
Chromatic number: 12
Solution: [1, 2, 3, 4, 5, 6, 7, 8, 8, 9, 6, 1, 2, 3, 10, 5, 11, 3, 8, 10, 6, 5, 1, 12, 7, 4, 1, 5, 3, 10, 11, 6, 6, 5, 10, 11, 12, 1, 4, 7, 9, 8, 12, 2, 4, 7, 5, 11, 2, 1, 11, 3, 9, 12, 6, 4, 4, 6, 5, 12, 11, 8, 9, 10]
Time taken: 28.89 seconds

--- Run 8 ---
Chromatic number: 12
Solution: [1, 2, 3, 4, 5, 6, 7, 8, 9, 5, 8, 7, 1, 10, 2, 3, 6, 3, 2, 10, 11, 5, 9, 4, 7, 12, 5, 9, 6, 4, 11, 2, 3, 4, 1, 11, 8, 12, 10, 6, 12, 8, 9, 2, 7, 11, 5, 1, 5, 7, 11, 1, 4, 8, 6, 9, 4, 10, 6, 12, 2, 9, 1, 7]
Time taken: 22.94 seconds

--- Run 9 ---
Chromatic number: 12
Solution: [1, 2, 3, 4, 5, 6, 7, 8, 3, 9, 10, 11, 7, 1, 2, 6, 5, 8, 6, 1, 4, 11, 9, 3, 11, 10, 12, 3, 6, 5, 1, 7, 4, 3, 2, 9, 10, 7, 12, 5, 8, 5, 7, 12, 2, 4, 3, 1, 12, 1, 11, 6, 3, 10, 5, 9, 10, 7, 5, 8, 1, 9, 6, 12]
Time taken: 25.63 seconds

--- Run 10 ---
Chromatic number: 11
Solution: [1, 2, 3, 4, 5, 6, 7, 8, 7, 6, 9, 10, 2, 8, 5, 11, 4, 5, 11, 3, 6, 7, 10, 2, 6, 7, 4, 9, 10, 2, 11, 1, 9, 11, 5, 6, 7, 1, 4, 10, 5, 3, 2, 1, 9, 10, 6, 7, 10, 1, 8, 7, 11, 3, 2, 4, 11, 4, 10, 2, 1, 9, 8, 5]
Time taken: 28.55 seconds

--- Run 11 ---
Chromatic number: 12
Solution: [1, 2, 3, 4, 5, 6, 7, 8, 4, 8, 9, 7, 2, 10, 11, 3, 7, 3, 2, 11, 12, 5, 4, 9, 8, 4, 10, 3, 1, 11, 12, 6, 6, 5, 8, 9, 10, 4, 1, 7, 9, 11, 4, 1, 7, 12, 8, 5, 5, 6, 7, 10, 3, 1, 9, 12, 3, 9, 1, 8, 11, 2, 5, 4]
Time taken: 31.64 seconds

--- Run 12 ---
Chromatic number: 12
Solution: [1, 2, 3, 4, 5, 6, 7, 8, 6, 5, 9, 7, 2, 3, 10, 4, 7, 3, 8, 10, 4, 9, 6, 1, 10, 1, 11, 6, 12, 8, 5, 7, 4, 8, 2, 5, 10, 7, 11, 6, 3, 9, 1, 11, 8, 2, 4, 5, 8, 6, 5, 2, 9, 1, 3, 11, 11, 7, 4, 1, 3, 12, 2, 9]
Time taken: 30.28 seconds

--- Run 13 ---
Chromatic number: 12
Solution: [1, 2, 3, 4, 5, 6, 7, 8, 9, 6, 7, 1, 8, 10, 2, 5, 8, 5, 4, 11, 2, 12, 1, 9, 2, 10, 12, 8, 1, 4, 5, 7, 12, 4, 5, 7, 10, 3, 6, 11, 5, 1, 9, 6, 4, 11, 8, 10, 6, 3, 2, 10, 9, 1, 12, 4, 11, 8, 1, 5, 6, 7, 10, 2]
Time taken: 27.79 seconds

--- Run 14 ---
Chromatic number: 12
Solution: [1, 2, 3, 4, 5, 6, 7, 8, 4, 9, 1, 10, 11, 12, 2, 3, 7, 6, 4, 5, 8, 1, 9, 12, 12, 3, 9, 2, 6, 7, 8, 1, 6, 8, 11, 3, 12, 9, 5, 2, 3, 1, 5, 6, 7, 8, 12, 9, 9, 12, 8, 1, 2, 5, 3, 11, 10, 5, 2, 11, 9, 4, 1, 7]
Time taken: 32.89 seconds

--- Run 15 ---
Chromatic number: 11
Solution: [1, 2, 3, 4, 5, 6, 7, 8, 9, 4, 10, 1, 7, 2, 3, 11, 2, 11, 8, 9, 10, 1, 4, 5, 5, 3, 4, 11, 6, 7, 9, 10, 10, 1, 5, 7, 3, 4, 8, 2, 3, 6, 2, 10, 8, 5, 11, 4, 4, 5, 9, 6, 11, 10, 2, 3, 11, 8, 1, 2, 4, 9, 5, 6]
Time taken: 28.20 seconds

--- Run 16 ---
Chromatic number: 12
Solution: [1, 2, 3, 4, 5, 6, 7, 8, 5, 6, 9, 10, 8, 1, 3, 11, 10, 11, 8, 5, 6, 9, 12, 1, 8, 7, 1, 12, 11, 4, 5, 9, 6, 3, 11, 7, 2, 8, 1, 10, 11, 8, 10, 6, 3, 5, 4, 7, 3, 5, 7, 2, 4, 12, 11, 6, 4, 1, 12, 11, 7, 2, 8, 3]
Time taken: 30.54 seconds

--- Run 17 ---
Chromatic number: 11
Solution: [1, 2, 3, 4, 5, 6, 7, 8, 6, 4, 9, 10, 8, 11, 5, 2, 11, 8, 2, 7, 9, 1, 4, 3, 3, 9, 4, 5, 6, 8, 2, 7, 7, 5, 1, 3, 11, 10, 6, 9, 2, 3, 11, 6, 7, 9, 8, 1, 8, 7, 10, 1, 4, 2, 3, 5, 4, 1, 8, 2, 10, 7, 11, 6]
Time taken: 32.57 seconds

--- Run 18 ---
Chromatic number: 12
Solution: [1, 2, 3, 4, 5, 6, 7, 8, 9, 8, 1, 2, 10, 4, 3, 5, 4, 3, 9, 11, 8, 2, 1, 10, 2, 1, 5, 6, 4, 11, 8, 9, 8, 4, 12, 10, 3, 9, 5, 11, 3, 5, 11, 8, 1, 7, 10, 4, 10, 9, 4, 5, 2, 8, 11, 3, 5, 7, 6, 1, 9, 10, 4, 2]
Time taken: 27.13 seconds

--- Run 19 ---
Chromatic number: 12
Solution: [1, 2, 3, 4, 5, 6, 7, 8, 7, 5, 6, 2, 9, 3, 4, 10, 8, 9, 11, 7, 10, 5, 12, 2, 5, 6, 8, 12, 1, 7, 3, 9, 9, 3, 2, 10, 4, 8, 1, 7, 10, 8, 7, 9, 6, 2, 11, 5, 6, 12, 5, 11, 7, 1, 9, 4, 2, 11, 9, 6, 12, 10, 5, 3]
Time taken: 28.76 seconds

--- Run 20 ---
Chromatic number: 12
Solution: [1, 2, 3, 4, 5, 6, 7, 8, 4, 6, 1, 7, 8, 3, 2, 5, 2, 3, 9, 10, 4, 1, 8, 11, 5, 4, 2, 11, 6, 10, 3, 12, 10, 12, 8, 5, 2, 4, 6, 7, 3, 9, 7, 12, 1, 8, 5, 2, 6, 10, 4, 2, 7, 9, 12, 3, 9, 1, 6, 3, 11, 5, 10, 4]
Time taken: 25.91 seconds

--- Run 21 ---
Chromatic number: 12
Solution: [1, 2, 3, 4, 5, 6, 7, 8, 3, 9, 6, 1, 10, 2, 5, 11, 6, 5, 11, 8, 12, 3, 1, 7, 8, 7, 12, 6, 11, 5, 2, 3, 4, 1, 5, 2, 7, 9, 6, 12, 5, 3, 7, 9, 4, 12, 10, 2, 10, 12, 2, 5, 1, 7, 3, 4, 9, 4, 1, 11, 3, 10, 8, 5]
Time taken: 28.06 seconds

--- Run 22 ---
Chromatic number: 12
Solution: [1, 2, 3, 4, 5, 6, 7, 8, 3, 4, 9, 10, 8, 1, 2, 5, 11, 10, 8, 7, 6, 3, 12, 4, 2, 7, 5, 11, 4, 8, 10, 6, 6, 9, 4, 12, 7, 5, 1, 11, 4, 12, 1, 3, 9, 2, 6, 7, 5, 11, 2, 8, 12, 7, 9, 1, 9, 6, 7, 5, 3, 10, 8, 12]
Time taken: 31.60 seconds

--- Run 23 ---
Chromatic number: 13
Solution: [1, 2, 3, 4, 5, 6, 7, 8, 9, 10, 6, 11, 3, 8, 12, 1, 5, 11, 7, 1, 6, 2, 9, 3, 3, 1, 2, 12, 7, 4, 6, 11, 6, 4, 11, 3, 13, 5, 1, 9, 7, 3, 5, 2, 1, 9, 8, 10, 2, 9, 8, 7, 4, 10, 3, 12, 13, 7, 10, 5, 11, 12, 4, 2]
Time taken: 28.20 seconds

--- Run 24 ---
Chromatic number: 12
Solution: [1, 2, 3, 4, 5, 6, 7, 8, 4, 9, 7, 1, 8, 10, 5, 3, 8, 5, 11, 3, 4, 12, 1, 7, 3, 7, 1, 5, 10, 8, 9, 12, 12, 11, 2, 6, 7, 1, 10, 5, 5, 1, 9, 12, 11, 3, 8, 6, 6, 3, 5, 2, 9, 7, 12, 11, 7, 4, 6, 8, 1, 11, 3, 2]
Time taken: 33.51 seconds

--- Run 25 ---
Chromatic number: 12
Solution: [1, 2, 3, 4, 5, 6, 7, 8, 8, 9, 1, 6, 2, 10, 11, 3, 6, 3, 7, 10, 4, 12, 2, 9, 12, 10, 11, 3, 9, 5, 1, 6, 2, 4, 8, 1, 11, 3, 10, 5, 3, 11, 2, 7, 6, 8, 12, 1, 9, 7, 10, 11, 1, 2, 6, 4, 10, 6, 12, 9, 3, 4, 5, 2]
Time taken: 31.84 seconds

--- Run 26 ---
Chromatic number: 12
Solution: [1, 2, 3, 4, 5, 6, 7, 8, 4, 7, 6, 2, 9, 1, 5, 10, 5, 3, 4, 1, 11, 7, 8, 9, 7, 1, 10, 5, 3, 4, 2, 11, 6, 4, 8, 9, 12, 11, 1, 3, 3, 10, 1, 6, 7, 9, 4, 5, 2, 6, 11, 3, 4, 8, 10, 7, 10, 9, 5, 7, 6, 3, 11, 2]
Time taken: 25.98 seconds

--- Run 27 ---
Chromatic number: 13
Solution: [1, 2, 3, 4, 5, 6, 7, 8, 9, 8, 7, 10, 11, 12, 2, 6, 7, 3, 11, 12, 1, 13, 9, 5, 5, 1, 2, 13, 9, 7, 3, 11, 4, 7, 5, 6, 2, 11, 8, 12, 13, 9, 12, 11, 7, 3, 4, 2, 2, 4, 8, 1, 10, 5, 12, 3, 11, 12, 9, 7, 3, 8, 13, 4]
Time taken: 27.92 seconds

--- Run 28 ---
Chromatic number: 11
Solution: [1, 2, 3, 4, 5, 6, 7, 8, 7, 5, 9, 6, 10, 11, 1, 2, 6, 3, 4, 7, 2, 9, 8, 10, 11, 8, 2, 9, 6, 1, 3, 7, 9, 1, 10, 11, 7, 5, 4, 6, 8, 6, 7, 3, 9, 2, 11, 5, 5, 10, 11, 2, 1, 4, 6, 3, 2, 9, 6, 8, 3, 7, 5, 11]
Time taken: 32.88 seconds

--- Run 29 ---
Chromatic number: 13
Solution: [1, 2, 3, 4, 5, 6, 7, 8, 6, 5, 8, 1, 9, 3, 2, 10, 11, 7, 9, 3, 4, 5, 6, 1, 9, 10, 4, 6, 7, 12, 8, 11, 3, 1, 5, 13, 8, 10, 9, 2, 12, 8, 11, 9, 3, 2, 4, 5, 2, 4, 7, 5, 1, 11, 3, 9, 10, 11, 2, 12, 6, 8, 5, 4]
Time taken: 33.00 seconds

--- Run 30 ---
Chromatic number: 12
Solution: [1, 2, 3, 4, 5, 6, 7, 8, 4, 7, 9, 10, 1, 3, 11, 5, 8, 10, 6, 5, 2, 9, 4, 3, 6, 9, 11, 8, 7, 12, 5, 2, 2, 8, 4, 6, 9, 11, 1, 7, 7, 1, 2, 3, 12, 4, 6, 9, 9, 4, 8, 7, 11, 5, 10, 1, 5, 6, 1, 9, 4, 7, 3, 11]
Time taken: 23.52 seconds

