Logs for instance queen7_7

--- Run 1 ---
Chromatic number: 10
Solution: [1, 2, 3, 4, 5, 6, 7, 8, 9, 6, 7, 3, 10, 5, 6, 3, 4, 10, 1, 2, 9, 7, 1, 2, 6, 4, 5, 10, 2, 8, 5, 9, 10, 1, 6, 5, 4, 1, 2, 6, 7, 3, 9, 6, 7, 3, 8, 4, 2]
Time taken: 25.09 seconds

--- Run 2 ---
Chromatic number: 10
Solution: [1, 2, 3, 4, 5, 6, 7, 5, 8, 6, 9, 2, 1, 4, 6, 10, 7, 5, 8, 9, 3, 2, 1, 4, 10, 7, 5, 8, 4, 7, 2, 1, 9, 10, 6, 3, 5, 10, 8, 6, 4, 1, 9, 6, 1, 3, 10, 7, 2]
Time taken: 19.99 seconds

--- Run 3 ---
Chromatic number: 10
Solution: [1, 2, 3, 4, 5, 6, 7, 8, 9, 6, 7, 1, 10, 5, 10, 5, 8, 3, 4, 2, 1, 7, 4, 2, 5, 8, 9, 3, 2, 10, 9, 1, 3, 5, 8, 5, 8, 4, 2, 10, 7, 9, 3, 7, 5, 8, 6, 4, 2]
Time taken: 19.58 seconds

--- Run 4 ---
Chromatic number: 11
Solution: [1, 2, 3, 4, 5, 6, 7, 8, 5, 9, 7, 10, 4, 2, 7, 6, 10, 1, 8, 5, 9, 2, 8, 5, 6, 3, 10, 1, 3, 9, 2, 10, 4, 7, 11, 11, 1, 6, 3, 2, 9, 5, 5, 4, 7, 8, 6, 1, 3]
Time taken: 23.52 seconds

--- Run 5 ---
Chromatic number: 10
Solution: [1, 2, 3, 4, 5, 6, 7, 7, 8, 9, 6, 2, 1, 5, 4, 5, 10, 1, 8, 3, 2, 6, 3, 8, 2, 4, 10, 9, 8, 10, 6, 9, 7, 5, 4, 3, 4, 2, 5, 1, 9, 8, 5, 7, 1, 8, 10, 4, 3]
Time taken: 20.53 seconds

--- Run 6 ---
Chromatic number: 10
Solution: [1, 2, 3, 4, 5, 6, 7, 3, 8, 9, 1, 2, 10, 5, 5, 10, 2, 3, 6, 8, 1, 6, 4, 7, 5, 10, 9, 3, 7, 5, 8, 9, 3, 1, 4, 10, 3, 4, 2, 8, 7, 6, 2, 1, 5, 7, 9, 4, 10]
Time taken: 22.67 seconds

--- Run 7 ---
Chromatic number: 10
Solution: [1, 2, 3, 4, 5, 6, 7, 7, 5, 8, 1, 9, 2, 10, 8, 6, 2, 7, 10, 5, 3, 3, 4, 10, 8, 6, 7, 2, 10, 8, 1, 2, 4, 3, 5, 2, 3, 9, 6, 8, 10, 4, 4, 1, 5, 10, 7, 9, 6]
Time taken: 21.93 seconds

--- Run 8 ---
Chromatic number: 10
Solution: [1, 2, 3, 4, 5, 6, 7, 6, 8, 5, 9, 7, 2, 4, 2, 7, 4, 3, 8, 5, 9, 9, 1, 2, 10, 6, 7, 3, 7, 5, 9, 8, 3, 4, 6, 4, 6, 7, 5, 1, 9, 10, 5, 9, 8, 6, 4, 3, 2]
Time taken: 19.87 seconds

--- Run 9 ---
Chromatic number: 10
Solution: [1, 2, 3, 4, 5, 6, 7, 4, 7, 8, 9, 3, 10, 1, 9, 3, 10, 5, 2, 7, 4, 2, 4, 7, 3, 10, 5, 8, 8, 1, 5, 2, 9, 4, 10, 10, 9, 4, 6, 1, 8, 3, 6, 5, 1, 10, 7, 9, 2]
Time taken: 20.87 seconds

--- Run 10 ---
Chromatic number: 10
Solution: [1, 2, 3, 4, 5, 6, 7, 3, 5, 6, 2, 8, 1, 9, 7, 10, 9, 1, 6, 2, 3, 9, 1, 2, 3, 4, 8, 6, 6, 3, 8, 5, 7, 10, 1, 5, 9, 10, 6, 1, 4, 8, 10, 6, 1, 8, 9, 7, 2]
Time taken: 16.72 seconds

--- Run 11 ---
Chromatic number: 10
Solution: [1, 2, 3, 4, 5, 6, 7, 5, 8, 9, 6, 3, 2, 10, 6, 7, 2, 1, 4, 9, 8, 3, 1, 8, 10, 7, 5, 6, 7, 10, 5, 2, 6, 8, 1, 2, 9, 1, 7, 10, 3, 5, 8, 6, 10, 5, 2, 1, 4]
Time taken: 22.68 seconds

--- Run 12 ---
Chromatic number: 11
Solution: [1, 2, 3, 4, 5, 6, 7, 4, 5, 6, 8, 9, 2, 10, 6, 1, 9, 7, 4, 5, 3, 7, 3, 5, 11, 1, 9, 6, 2, 10, 8, 9, 6, 4, 11, 11, 9, 4, 2, 8, 10, 5, 5, 6, 10, 1, 7, 11, 8]
Time taken: 19.45 seconds

--- Run 13 ---
Chromatic number: 10
Solution: [1, 2, 3, 4, 5, 6, 7, 7, 4, 5, 8, 2, 1, 9, 2, 3, 6, 7, 9, 5, 10, 10, 7, 1, 5, 3, 2, 8, 3, 8, 4, 2, 7, 10, 1, 5, 10, 7, 1, 6, 3, 4, 6, 1, 8, 3, 10, 9, 2]
Time taken: 21.57 seconds

--- Run 14 ---
Chromatic number: 10
Solution: [1, 2, 3, 4, 5, 6, 7, 3, 5, 8, 6, 7, 2, 9, 4, 6, 7, 5, 1, 10, 3, 7, 1, 2, 9, 3, 4, 8, 2, 4, 10, 1, 8, 7, 5, 10, 8, 5, 7, 4, 3, 6, 6, 7, 9, 3, 2, 8, 4]
Time taken: 21.90 seconds

--- Run 15 ---
Chromatic number: 11
Solution: [1, 2, 3, 4, 5, 6, 7, 5, 8, 7, 9, 1, 10, 4, 9, 6, 2, 10, 11, 8, 1, 11, 3, 9, 5, 6, 4, 10, 7, 4, 8, 1, 3, 11, 6, 8, 1, 10, 2, 7, 9, 5, 2, 9, 6, 8, 10, 3, 11]
Time taken: 20.80 seconds

--- Run 16 ---
Chromatic number: 10
Solution: [1, 2, 3, 4, 5, 6, 7, 3, 4, 5, 1, 2, 8, 9, 2, 1, 6, 3, 9, 7, 4, 6, 9, 4, 2, 1, 10, 3, 10, 5, 1, 6, 3, 4, 2, 7, 6, 2, 5, 8, 9, 10, 5, 3, 9, 10, 4, 2, 8]
Time taken: 19.81 seconds

--- Run 17 ---
Chromatic number: 11
Solution: [1, 2, 3, 4, 5, 6, 7, 4, 8, 6, 9, 1, 3, 10, 7, 11, 4, 5, 8, 2, 1, 9, 6, 10, 2, 4, 11, 5, 11, 3, 5, 7, 6, 1, 2, 2, 1, 8, 10, 3, 7, 11, 10, 9, 2, 6, 11, 5, 3]
Time taken: 22.04 seconds

--- Run 18 ---
Chromatic number: 11
Solution: [1, 2, 3, 4, 5, 6, 7, 8, 5, 9, 7, 3, 2, 10, 2, 6, 4, 1, 11, 7, 3, 10, 3, 11, 6, 8, 4, 2, 6, 9, 1, 5, 2, 3, 8, 7, 8, 2, 10, 1, 11, 4, 3, 4, 5, 11, 7, 10, 9]
Time taken: 20.75 seconds

--- Run 19 ---
Chromatic number: 11
Solution: [1, 2, 3, 4, 5, 6, 7, 5, 7, 1, 2, 8, 9, 4, 9, 8, 10, 7, 6, 1, 2, 7, 6, 11, 8, 10, 4, 9, 8, 9, 4, 6, 3, 5, 10, 2, 10, 8, 5, 4, 11, 3, 3, 5, 9, 10, 2, 7, 6]
Time taken: 21.40 seconds

--- Run 20 ---
Chromatic number: 10
Solution: [1, 2, 3, 4, 5, 6, 7, 8, 7, 6, 1, 3, 2, 4, 5, 3, 2, 8, 6, 7, 1, 7, 9, 4, 5, 1, 8, 10, 3, 5, 8, 10, 9, 4, 2, 2, 1, 9, 6, 7, 3, 5, 10, 8, 7, 3, 4, 1, 6]
Time taken: 21.01 seconds

--- Run 21 ---
Chromatic number: 11
Solution: [1, 2, 3, 4, 5, 6, 7, 4, 7, 8, 2, 9, 10, 11, 2, 3, 9, 10, 11, 5, 8, 9, 11, 1, 8, 3, 7, 2, 8, 5, 6, 7, 10, 9, 1, 7, 4, 10, 3, 6, 2, 5, 3, 9, 2, 1, 7, 8, 4]
Time taken: 17.69 seconds

--- Run 22 ---
Chromatic number: 11
Solution: [1, 2, 3, 4, 5, 6, 7, 3, 5, 7, 2, 8, 1, 4, 7, 6, 8, 1, 9, 5, 3, 5, 4, 2, 10, 3, 11, 1, 6, 3, 11, 9, 2, 8, 5, 11, 8, 1, 5, 4, 3, 9, 2, 10, 4, 11, 1, 7, 6]
Time taken: 20.87 seconds

--- Run 23 ---
Chromatic number: 10
Solution: [1, 2, 3, 4, 5, 6, 7, 8, 6, 7, 9, 1, 10, 4, 10, 5, 4, 3, 8, 2, 9, 3, 1, 10, 2, 6, 4, 8, 6, 4, 5, 1, 7, 9, 2, 2, 3, 9, 8, 4, 5, 10, 4, 10, 2, 6, 9, 7, 3]
Time taken: 22.76 seconds

--- Run 24 ---
Chromatic number: 10
Solution: [1, 2, 3, 4, 5, 6, 7, 8, 5, 9, 6, 3, 4, 2, 6, 10, 7, 5, 8, 1, 3, 3, 4, 1, 2, 7, 9, 5, 10, 9, 5, 3, 6, 8, 4, 7, 3, 4, 8, 2, 10, 6, 9, 6, 2, 7, 1, 5, 8]
Time taken: 21.41 seconds

--- Run 25 ---
Chromatic number: 10
Solution: [1, 2, 3, 4, 5, 6, 7, 8, 9, 1, 6, 10, 2, 4, 2, 6, 4, 5, 1, 8, 3, 5, 3, 7, 10, 9, 4, 6, 7, 1, 8, 3, 6, 10, 2, 4, 5, 6, 7, 2, 3, 8, 6, 7, 2, 8, 4, 9, 5]
Time taken: 20.99 seconds

--- Run 26 ---
Chromatic number: 11
Solution: [1, 2, 3, 4, 5, 6, 7, 3, 4, 8, 9, 1, 10, 5, 9, 5, 10, 7, 6, 3, 4, 7, 6, 9, 11, 4, 2, 10, 2, 3, 5, 6, 8, 9, 1, 4, 9, 2, 3, 11, 5, 6, 8, 1, 6, 5, 10, 4, 2]
Time taken: 18.42 seconds

--- Run 27 ---
Chromatic number: 10
Solution: [1, 2, 3, 4, 5, 6, 7, 3, 7, 8, 6, 9, 10, 2, 10, 1, 9, 5, 2, 8, 3, 5, 8, 2, 3, 1, 7, 10, 2, 10, 5, 7, 6, 3, 8, 7, 9, 4, 2, 8, 5, 6, 8, 5, 10, 1, 7, 9, 4]
Time taken: 20.01 seconds

--- Run 28 ---
Chromatic number: 10
Solution: [1, 2, 3, 4, 5, 6, 7, 8, 6, 7, 9, 3, 1, 2, 5, 9, 8, 10, 4, 7, 3, 3, 1, 4, 5, 9, 2, 6, 4, 7, 2, 1, 10, 3, 5, 9, 8, 5, 6, 2, 4, 1, 6, 3, 1, 8, 7, 5, 9]
Time taken: 18.70 seconds

--- Run 29 ---
Chromatic number: 11
Solution: [1, 2, 3, 4, 5, 6, 7, 6, 8, 9, 1, 7, 4, 3, 4, 3, 7, 5, 6, 8, 10, 7, 9, 8, 2, 4, 5, 1, 8, 4, 1, 10, 3, 11, 2, 10, 5, 11, 7, 2, 9, 6, 3, 7, 2, 6, 10, 1, 4]
Time taken: 19.49 seconds

--- Run 30 ---
Chromatic number: 10
Solution: [1, 2, 3, 4, 5, 6, 7, 4, 5, 6, 8, 7, 3, 9, 9, 3, 7, 10, 1, 5, 4, 7, 1, 5, 9, 4, 2, 6, 2, 9, 4, 6, 3, 8, 5, 3, 6, 2, 5, 9, 10, 1, 5, 10, 1, 3, 6, 7, 8]
Time taken: 21.24 seconds

