Logs for instance queen13_13

--- Run 1 ---
Invalid solution found. Time taken: {run_time:.2f} seconds

--- Run 2 ---
Invalid solution found. Time taken: {run_time:.2f} seconds

--- Run 3 ---
Invalid solution found. Time taken: {run_time:.2f} seconds

--- Run 4 ---
Chromatic number: 21
Time taken: 101.63 seconds

--- Run 5 ---
Invalid solution found. Time taken: {run_time:.2f} seconds

--- Run 6 ---
Invalid solution found. Time taken: {run_time:.2f} seconds

--- Run 7 ---
Invalid solution found. Time taken: {run_time:.2f} seconds

--- Run 8 ---
Invalid solution found. Time taken: {run_time:.2f} seconds

--- Run 9 ---
Invalid solution found. Time taken: {run_time:.2f} seconds

--- Run 10 ---
Chromatic number: 23
Time taken: 98.36 seconds

