Logs for instance queen6_6

--- Run 1 ---
Chromatic number: 10
Time taken: 19.91 seconds

--- Run 2 ---
Chromatic number: 9
Time taken: 16.91 seconds

--- Run 3 ---
Chromatic number: 8
Time taken: 17.96 seconds

--- Run 4 ---
Chromatic number: 9
Time taken: 19.19 seconds

--- Run 5 ---
Chromatic number: 9
Time taken: 18.05 seconds

--- Run 6 ---
Chromatic number: 9
Time taken: 17.41 seconds

--- Run 7 ---
Chromatic number: 9
Time taken: 14.86 seconds

--- Run 8 ---
Chromatic number: 9
Time taken: 18.00 seconds

--- Run 9 ---
Chromatic number: 9
Time taken: 17.91 seconds

--- Run 10 ---
Chromatic number: 9
Time taken: 15.50 seconds




Logs for instance queen6_6

--- Run 1 ---
Chromatic number: 26
Time taken: 10.60 seconds

--- Run 2 ---
Chromatic number: 8
Time taken: 9.23 seconds

--- Run 3 ---
Chromatic number: 10
Time taken: 11.86 seconds

--- Run 4 ---
Chromatic number: 8
Time taken: 9.58 seconds

--- Run 5 ---
Chromatic number: 8
Time taken: 9.03 seconds

--- Run 6 ---
Chromatic number: 8
Time taken: 9.00 seconds

--- Run 7 ---
Chromatic number: 10
Time taken: 9.76 seconds

--- Run 8 ---
Chromatic number: 9
Time taken: 9.56 seconds

--- Run 9 ---
Chromatic number: 9
Time taken: 12.73 seconds

--- Run 10 ---
Chromatic number: 10
Time taken: 9.62 seconds

Logs for instance queen6_6

--- Run 1 ---
Chromatic number: 9
Time taken: 10.36 seconds

--- Run 2 ---
Chromatic number: 9
Time taken: 11.14 seconds

--- Run 3 ---
Chromatic number: 8
Time taken: 10.85 seconds

--- Run 4 ---
Chromatic number: 10
Time taken: 11.08 seconds

--- Run 5 ---
Chromatic number: 8
Time taken: 11.64 seconds

--- Run 6 ---
Chromatic number: 10
Time taken: 9.76 seconds

--- Run 7 ---
Chromatic number: 10
Time taken: 9.76 seconds

--- Run 8 ---
Chromatic number: 9
Time taken: 9.49 seconds

--- Run 9 ---
Chromatic number: 9
Time taken: 9.09 seconds

--- Run 10 ---
Chromatic number: 9
Time taken: 8.87 seconds

Logs for instance queen6_6

--- Run 1 ---
Invalid solution found.

--- Run 2 ---
Invalid solution found.

--- Run 3 ---
Invalid solution found.

--- Run 4 ---
Invalid solution found.

--- Run 5 ---
Invalid solution found.

--- Run 6 ---
Invalid solution found.

--- Run 7 ---
Chromatic number: 9
Time taken: 11.67 seconds

--- Run 8 ---
Invalid solution found.

--- Run 9 ---
Invalid solution found.

--- Run 10 ---
Chromatic number: 8
Time taken: 11.58 seconds

Logs for instance queen6_6

--- Run 1 ---
Invalid solution found. Time taken: {run_time:.2f} seconds

Logs for instance queen6_6

--- Run 1 ---
Invalid solution found. Time taken: {run_time:.2f} seconds

Logs for instance queen6_6

Logs for instance queen6_6

Logs for instance queen6_6

--- Run 1 ---
Invalid solution found. Time taken: {run_time:.2f} seconds

Logs for instance queen6_6

--- Run 1 ---
Invalid solution found. Time taken: {run_time:.2f} seconds

--- Run 2 ---
Invalid solution found. Time taken: {run_time:.2f} seconds

--- Run 3 ---
Invalid solution found. Time taken: {run_time:.2f} seconds

--- Run 4 ---
Invalid solution found. Time taken: {run_time:.2f} seconds

--- Run 5 ---
Invalid solution found. Time taken: {run_time:.2f} seconds

--- Run 6 ---
Chromatic number: 9
Time taken: 10.70 seconds

--- Run 7 ---
Chromatic number: 9
Time taken: 11.06 seconds

--- Run 8 ---
Invalid solution found. Time taken: {run_time:.2f} seconds

--- Run 9 ---
Invalid solution found. Time taken: {run_time:.2f} seconds

--- Run 10 ---
Invalid solution found. Time taken: {run_time:.2f} seconds

Logs for instance queen6_6

--- Run 1 ---
Chromatic number: 9
Time taken: 17.20 seconds

--- Run 2 ---
Chromatic number: 9
Time taken: 15.78 seconds

--- Run 3 ---
Chromatic number: 8
Time taken: 17.25 seconds

--- Run 4 ---
Chromatic number: 9
Time taken: 16.43 seconds

--- Run 5 ---
Invalid solution found. Time taken: {run_time:.2f} seconds

--- Run 6 ---
Chromatic number: 9
Time taken: 19.87 seconds

--- Run 7 ---
Invalid solution found. Time taken: {run_time:.2f} seconds

--- Run 8 ---
Invalid solution found. Time taken: {run_time:.2f} seconds

--- Run 9 ---
Invalid solution found. Time taken: {run_time:.2f} seconds

--- Run 10 ---
Invalid solution found. Time taken: {run_time:.2f} seconds

Logs for instance queen6_6

--- Run 1 ---
Chromatic number: 9
Time taken: 22.03 seconds

--- Run 2 ---
Invalid solution found. Time taken: {run_time:.2f} seconds

--- Run 3 ---
Chromatic number: 9
Time taken: 18.94 seconds

--- Run 4 ---
Chromatic number: 9
Time taken: 19.70 seconds

--- Run 5 ---
Chromatic number: 9
Time taken: 24.14 seconds

--- Run 6 ---
Chromatic number: 9
Time taken: 18.80 seconds

--- Run 7 ---
Chromatic number: 9
Time taken: 18.86 seconds

--- Run 8 ---
Invalid solution found. Time taken: {run_time:.2f} seconds

--- Run 9 ---
Chromatic number: 10
Time taken: 20.08 seconds

--- Run 10 ---
Chromatic number: 8
Time taken: 22.05 seconds

Logs for instance queen6_6

--- Run 1 ---
Chromatic number: 9
Time taken: 21.27 seconds

--- Run 2 ---
Chromatic number: 8
Time taken: 21.21 seconds

--- Run 3 ---
Chromatic number: 8
Time taken: 21.29 seconds

--- Run 4 ---
Chromatic number: 8
Time taken: 20.36 seconds

--- Run 5 ---
Chromatic number: 9
Time taken: 20.38 seconds

--- Run 6 ---
Chromatic number: 9
Time taken: 21.03 seconds

--- Run 7 ---
Chromatic number: 8
Time taken: 20.86 seconds

--- Run 8 ---
Chromatic number: 9
Time taken: 20.92 seconds

--- Run 9 ---
Chromatic number: 8
Time taken: 21.50 seconds

--- Run 10 ---
Chromatic number: 8
Time taken: 21.42 seconds

Logs for instance queen6_6

--- Run 1 ---
Chromatic number: 9
Time taken: 22.19 seconds

--- Run 2 ---
Chromatic number: 9
Time taken: 22.45 seconds

--- Run 3 ---
Chromatic number: 9
Time taken: 22.22 seconds

--- Run 4 ---
Chromatic number: 9
Time taken: 23.88 seconds

--- Run 5 ---
Chromatic number: 8
Time taken: 24.87 seconds

--- Run 6 ---
Chromatic number: 8
Time taken: 26.25 seconds

--- Run 7 ---
Chromatic number: 9
Time taken: 26.60 seconds

--- Run 8 ---
Chromatic number: 10
Time taken: 25.68 seconds

--- Run 9 ---
Chromatic number: 9
Time taken: 19.75 seconds

--- Run 10 ---
Chromatic number: 9
Time taken: 20.66 seconds

Logs for instance queen6_6

--- Run 1 ---
Chromatic number: 8
Time taken: 23.31 seconds

--- Run 2 ---
Chromatic number: 9
Time taken: 22.15 seconds

--- Run 3 ---
Chromatic number: 9
Time taken: 21.48 seconds

--- Run 4 ---
Chromatic number: 9
Time taken: 21.38 seconds

--- Run 5 ---
Chromatic number: 9
Time taken: 21.19 seconds

--- Run 6 ---
Chromatic number: 9
Time taken: 25.18 seconds

--- Run 7 ---
Chromatic number: 8
Time taken: 21.66 seconds

--- Run 8 ---
Chromatic number: 9
Time taken: 21.60 seconds

--- Run 9 ---
Chromatic number: 9
Time taken: 21.52 seconds

--- Run 10 ---
Chromatic number: 9
Time taken: 24.87 seconds

Logs for instance queen6_6

--- Run 1 ---
Chromatic number: 8
Time taken: 21.52 seconds

--- Run 2 ---
Chromatic number: 9
Time taken: 21.42 seconds

--- Run 3 ---
Chromatic number: 9
Time taken: 21.12 seconds

--- Run 4 ---
Chromatic number: 9
Time taken: 21.23 seconds

--- Run 5 ---
Chromatic number: 9
Time taken: 21.38 seconds

--- Run 6 ---
Chromatic number: 9
Time taken: 22.41 seconds

--- Run 7 ---
Chromatic number: 9
Time taken: 21.33 seconds

--- Run 8 ---
Chromatic number: 8
Time taken: 22.75 seconds

--- Run 9 ---
Chromatic number: 9
Time taken: 21.84 seconds

--- Run 10 ---
Chromatic number: 9
Time taken: 22.63 seconds

Logs for instance queen6_6

--- Run 1 ---
Invalid solution found. Time taken: {run_time:.2f} seconds

--- Run 2 ---
Chromatic number: 8
Time taken: 13.79 seconds

--- Run 3 ---
Chromatic number: 8
Time taken: 15.13 seconds

--- Run 4 ---
Invalid solution found. Time taken: {run_time:.2f} seconds

--- Run 5 ---
Chromatic number: 9
Time taken: 11.85 seconds

--- Run 6 ---
Chromatic number: 9
Time taken: 16.88 seconds

--- Run 7 ---
Chromatic number: 9
Time taken: 12.45 seconds

--- Run 8 ---
Invalid solution found. Time taken: {run_time:.2f} seconds

--- Run 9 ---
Chromatic number: 10
Time taken: 12.79 seconds

--- Run 10 ---
Invalid solution found. Time taken: {run_time:.2f} seconds

Logs for instance queen6_6

--- Run 1 ---
Chromatic number: 9
Time taken: 15.83 seconds

--- Run 2 ---
Chromatic number: 9
Time taken: 17.35 seconds

--- Run 3 ---
Chromatic number: 9
Time taken: 16.71 seconds

--- Run 4 ---
Chromatic number: 9
Time taken: 13.60 seconds

--- Run 5 ---
Chromatic number: 8
Time taken: 13.37 seconds

--- Run 6 ---
Chromatic number: 9
Time taken: 10.62 seconds

--- Run 7 ---
Chromatic number: 9
Time taken: 13.89 seconds

--- Run 8 ---
Chromatic number: 8
Time taken: 15.71 seconds

--- Run 9 ---
Chromatic number: 9
Time taken: 14.37 seconds

--- Run 10 ---
Chromatic number: 9
Time taken: 12.77 seconds

Logs for instance queen6_6

--- Run 1 ---
Chromatic number: 9
Time taken: 18.09 seconds

--- Run 2 ---
Chromatic number: 9
Time taken: 16.17 seconds

--- Run 3 ---
Chromatic number: 8
Time taken: 16.08 seconds

--- Run 4 ---
Chromatic number: 9
Time taken: 16.78 seconds

--- Run 5 ---
Chromatic number: 9
Time taken: 16.93 seconds

--- Run 6 ---
Chromatic number: 8
Time taken: 16.22 seconds

--- Run 7 ---
Chromatic number: 8
Time taken: 16.76 seconds

--- Run 8 ---
Chromatic number: 9
Time taken: 15.56 seconds

--- Run 9 ---
Chromatic number: 9
Time taken: 18.07 seconds

--- Run 10 ---
Chromatic number: 8
Time taken: 18.74 seconds

