Logs for instance queen5_5

--- Run 1 ---
Chromatic number: 8
Time taken: 12.56 seconds

--- Run 2 ---
Chromatic number: 7
Time taken: 13.49 seconds

--- Run 3 ---
Chromatic number: 7
Time taken: 12.39 seconds

--- Run 4 ---
Chromatic number: 7
Time taken: 11.86 seconds

--- Run 5 ---
Chromatic number: 7
Time taken: 12.35 seconds

--- Run 6 ---
Chromatic number: 6
Time taken: 15.46 seconds

--- Run 7 ---
Chromatic number: 7
Time taken: 13.54 seconds



Logs for instance queen5_5

--- Run 1 ---
Chromatic number: 5
Time taken: 11.08 seconds

--- Run 2 ---
Chromatic number: 8
Time taken: 11.62 seconds

--- Run 3 ---
Chromatic number: 7
Time taken: 11.64 seconds

--- Run 4 ---
Chromatic number: 7
Time taken: 11.85 seconds

--- Run 5 ---
Chromatic number: 7
Time taken: 11.17 seconds

--- Run 6 ---
Chromatic number: 7
Time taken: 11.25 seconds

--- Run 7 ---
Chromatic number: 7
Time taken: 11.31 seconds

--- Run 8 ---
Chromatic number: 7
Time taken: 11.80 seconds

--- Run 9 ---
Chromatic number: 7
Time taken: 12.62 seconds

--- Run 10 ---
Chromatic number: 8
Time taken: 18.99 seconds

Logs for instance queen5_5

--- Run 1 ---
Chromatic number: 8
Time taken: 11.43 seconds

--- Run 2 ---
Chromatic number: 5
Time taken: 13.23 seconds

--- Run 3 ---
Chromatic number: 8
Time taken: 11.01 seconds

--- Run 4 ---
Chromatic number: 7
Time taken: 10.91 seconds

--- Run 5 ---
Chromatic number: 7
Time taken: 11.14 seconds

--- Run 6 ---
Chromatic number: 7
Time taken: 10.57 seconds

--- Run 7 ---
Chromatic number: 8
Time taken: 11.39 seconds

--- Run 8 ---
Chromatic number: 8
Time taken: 10.45 seconds

--- Run 9 ---
Chromatic number: 7
Time taken: 10.85 seconds

--- Run 10 ---
Chromatic number: 7
Time taken: 9.55 seconds




paralel



Logs for instance queen5_5

Logs for instance queen5_5

Logs for instance queen5_5

Logs for instance queen5_5

Logs for instance queen5_5

--- Run 8 ---
Chromatic number: 7
Time taken: 29.23 seconds

--- Run 7 ---
Chromatic number: 5
Time taken: 34.61 seconds

--- Run 3 ---
Chromatic number: 7
Time taken: 35.78 seconds

--- Run 4 ---
Chromatic number: 7
Time taken: 37.16 seconds

--- Run 1 ---
Chromatic number: 7
Time taken: 37.25 seconds

--- Run 2 ---
Chromatic number: 7
Time taken: 37.61 seconds

--- Run 6 ---
Chromatic number: 7
Time taken: 37.55 seconds

--- Run 5 ---
Chromatic number: 8
Time taken: 37.83 seconds

--- Run 9 ---
Chromatic number: 7
Time taken: 21.47 seconds

--- Run 10 ---
Chromatic number: 6
Time taken: 18.02 seconds

Logs for instance queen5_5

--- Run 7 ---
Chromatic number: 6
Time taken: 27.63 seconds

--- Run 4 ---
Chromatic number: 6
Time taken: 28.16 seconds

--- Run 5 ---
Chromatic number: 5
Time taken: 28.67 seconds

--- Run 2 ---
Chromatic number: 7
Time taken: 29.50 seconds

--- Run 1 ---
Chromatic number: 6
Time taken: 30.11 seconds

--- Run 3 ---
Chromatic number: 5
Time taken: 30.14 seconds

--- Run 8 ---
Chromatic number: 8
Time taken: 30.23 seconds

--- Run 6 ---
Chromatic number: 8
Time taken: 30.34 seconds

--- Run 10 ---
Chromatic number: 7
Time taken: 16.04 seconds

--- Run 9 ---
Chromatic number: 7
Time taken: 16.49 seconds

Logs for instance queen5_5

--- Run 1 ---
Chromatic number: 5
Time taken: 11.09 seconds

--- Run 2 ---
Chromatic number: 5
Time taken: 11.13 seconds

Logs for instance queen5_5

Logs for instance queen5_5

--- Run 1 ---
Chromatic number: 5
Time taken: 5.74 seconds

--- Run 2 ---
Chromatic number: 20
Time taken: 6.03 seconds

--- Run 3 ---
Chromatic number: 6
Time taken: 5.74 seconds

--- Run 4 ---
Chromatic number: 5
Time taken: 7.07 seconds

--- Run 5 ---
Chromatic number: 6
Time taken: 7.80 seconds

--- Run 6 ---
Chromatic number: 8
Time taken: 5.81 seconds

--- Run 7 ---
Chromatic number: 6
Time taken: 5.94 seconds

--- Run 8 ---
Chromatic number: 6
Time taken: 5.79 seconds

--- Run 9 ---
Chromatic number: 5
Time taken: 5.96 seconds

--- Run 10 ---
Chromatic number: 7
Time taken: 6.45 seconds

Logs for instance queen5_5

--- Run 1 ---
Chromatic number: 8
Time taken: 10.98 seconds

--- Run 2 ---
Chromatic number: 7
Time taken: 11.14 seconds

Logs for instance queen5_5

--- Run 1 ---
Chromatic number: 7
Time taken: 6.38 seconds

--- Run 2 ---
Chromatic number: 7
Time taken: 6.10 seconds

--- Run 3 ---
Chromatic number: 7
Time taken: 6.23 seconds

--- Run 4 ---
Chromatic number: 9
Time taken: 5.88 seconds

--- Run 5 ---
Chromatic number: 7
Time taken: 6.61 seconds

--- Run 6 ---
Chromatic number: 5
Time taken: 6.03 seconds

--- Run 7 ---
Chromatic number: 7
Time taken: 5.81 seconds

--- Run 8 ---
Chromatic number: 6
Time taken: 6.32 seconds

--- Run 9 ---
Chromatic number: 6
Time taken: 6.52 seconds

--- Run 10 ---
Chromatic number: 6
Time taken: 6.62 seconds

Logs for instance queen5_5

--- Run 1 ---
Chromatic number: 6
Time taken: 6.59 seconds

--- Run 2 ---
Chromatic number: 7
Time taken: 6.60 seconds

Logs for instance queen5_5

--- Run 1 ---
Chromatic number: 5
Time taken: 6.67 seconds

--- Run 2 ---
Chromatic number: 7
Time taken: 6.49 seconds

--- Run 3 ---
Chromatic number: 18
Time taken: 6.15 seconds

--- Run 4 ---
Chromatic number: 8
Time taken: 6.54 seconds

--- Run 5 ---
Invalid solution found.

--- Run 6 ---
Chromatic number: 8
Time taken: 6.10 seconds

--- Run 7 ---
Invalid solution found.

--- Run 8 ---
Chromatic number: 7
Time taken: 6.64 seconds

--- Run 9 ---
Invalid solution found.

--- Run 10 ---
Chromatic number: 7
Time taken: 8.14 seconds

Logs for instance queen5_5

--- Run 1 ---
Invalid solution found. Time taken: {run_time:.2f} seconds

--- Run 2 ---
Invalid solution found. Time taken: {run_time:.2f} seconds

--- Run 3 ---
Chromatic number: 19
Time taken: 5.85 seconds

--- Run 4 ---
Invalid solution found. Time taken: {run_time:.2f} seconds

--- Run 5 ---
Invalid solution found. Time taken: {run_time:.2f} seconds

--- Run 6 ---
Chromatic number: 8
Time taken: 6.68 seconds

--- Run 7 ---
Chromatic number: 19
Time taken: 6.48 seconds

--- Run 8 ---
Invalid solution found. Time taken: {run_time:.2f} seconds

--- Run 9 ---
Invalid solution found. Time taken: {run_time:.2f} seconds

--- Run 10 ---
Invalid solution found. Time taken: {run_time:.2f} seconds

Logs for instance queen5_5

--- Run 1 ---
Invalid solution found. Time taken: {run_time:.2f} seconds

--- Run 2 ---
Invalid solution found. Time taken: {run_time:.2f} seconds

--- Run 3 ---
Invalid solution found. Time taken: {run_time:.2f} seconds

--- Run 4 ---
Invalid solution found. Time taken: {run_time:.2f} seconds

--- Run 5 ---
Invalid solution found. Time taken: {run_time:.2f} seconds

--- Run 6 ---
Invalid solution found. Time taken: {run_time:.2f} seconds

--- Run 7 ---
Invalid solution found. Time taken: {run_time:.2f} seconds

--- Run 8 ---
Invalid solution found. Time taken: {run_time:.2f} seconds

--- Run 9 ---
Invalid solution found. Time taken: {run_time:.2f} seconds

--- Run 10 ---
Invalid solution found. Time taken: {run_time:.2f} seconds

Logs for instance queen5_5

--- Run 1 ---
Invalid solution found. Time taken: {run_time:.2f} seconds

--- Run 2 ---
Invalid solution found. Time taken: {run_time:.2f} seconds

--- Run 3 ---
Invalid solution found. Time taken: {run_time:.2f} seconds

Logs for instance queen5_5

--- Run 1 ---
Chromatic number: 5
Time taken: 10.75 seconds

--- Run 2 ---
Chromatic number: 7
Time taken: 10.96 seconds

--- Run 3 ---
Chromatic number: 7
Time taken: 11.06 seconds

--- Run 4 ---
Chromatic number: 7
Time taken: 10.44 seconds

--- Run 5 ---
Chromatic number: 7
Time taken: 13.46 seconds

--- Run 6 ---
Chromatic number: 7
Time taken: 11.89 seconds

--- Run 7 ---
Chromatic number: 7
Time taken: 11.80 seconds

--- Run 8 ---
Invalid solution found. Time taken: {run_time:.2f} seconds

--- Run 9 ---
Chromatic number: 7
Time taken: 12.17 seconds

--- Run 10 ---
Chromatic number: 8
Time taken: 13.44 seconds

Logs for instance queen5_5

--- Run 1 ---
Invalid solution found. Time taken: {run_time:.2f} seconds

--- Run 2 ---
Invalid solution found. Time taken: {run_time:.2f} seconds

--- Run 3 ---
Invalid solution found. Time taken: {run_time:.2f} seconds

--- Run 4 ---
Invalid solution found. Time taken: {run_time:.2f} seconds

--- Run 5 ---
Invalid solution found. Time taken: {run_time:.2f} seconds

--- Run 6 ---
Invalid solution found. Time taken: {run_time:.2f} seconds

--- Run 7 ---
Invalid solution found. Time taken: {run_time:.2f} seconds

--- Run 8 ---
Chromatic number: 17
Time taken: 6.70 seconds

--- Run 9 ---
Invalid solution found. Time taken: {run_time:.2f} seconds

--- Run 10 ---
Invalid solution found. Time taken: {run_time:.2f} seconds

Logs for instance queen5_5

--- Run 1 ---
Invalid solution found. Time taken: {run_time:.2f} seconds

--- Run 2 ---
Invalid solution found. Time taken: {run_time:.2f} seconds

--- Run 3 ---
Invalid solution found. Time taken: {run_time:.2f} seconds

--- Run 4 ---
Invalid solution found. Time taken: {run_time:.2f} seconds

--- Run 5 ---
Invalid solution found. Time taken: {run_time:.2f} seconds

--- Run 6 ---
Chromatic number: 17
Time taken: 6.46 seconds

--- Run 7 ---
Invalid solution found. Time taken: {run_time:.2f} seconds

--- Run 8 ---
Invalid solution found. Time taken: {run_time:.2f} seconds

--- Run 9 ---
Invalid solution found. Time taken: {run_time:.2f} seconds

--- Run 10 ---
Invalid solution found. Time taken: {run_time:.2f} seconds

Logs for instance queen5_5

--- Run 1 ---
Chromatic number: 7
Time taken: 7.44 seconds

--- Run 2 ---
Chromatic number: 5
Time taken: 7.30 seconds

--- Run 3 ---
Chromatic number: 7
Time taken: 7.48 seconds

--- Run 4 ---
Chromatic number: 5
Time taken: 7.68 seconds

--- Run 5 ---
Chromatic number: 7
Time taken: 7.96 seconds

--- Run 6 ---
Chromatic number: 5
Time taken: 7.57 seconds

--- Run 7 ---
Chromatic number: 7
Time taken: 6.60 seconds

--- Run 8 ---
Chromatic number: 7
Time taken: 7.82 seconds

--- Run 9 ---
Chromatic number: 5
Time taken: 7.02 seconds

--- Run 10 ---
Invalid solution found. Time taken: {run_time:.2f} seconds

Logs for instance queen5_5

--- Run 1 ---
Chromatic number: 7
Time taken: 13.57 seconds

--- Run 2 ---
Chromatic number: 7
Time taken: 12.15 seconds

--- Run 3 ---
Chromatic number: 7
Time taken: 14.30 seconds

Logs for instance queen5_5

--- Run 1 ---
Chromatic number: 7
Time taken: 10.45 seconds

--- Run 2 ---
Chromatic number: 7
Time taken: 10.52 seconds

--- Run 3 ---
Chromatic number: 5
Time taken: 10.64 seconds

--- Run 4 ---
Chromatic number: 5
Time taken: 11.43 seconds

--- Run 5 ---
Chromatic number: 7
Time taken: 11.67 seconds

--- Run 6 ---
Chromatic number: 6
Time taken: 12.77 seconds

--- Run 7 ---
Chromatic number: 7
Time taken: 12.85 seconds

--- Run 8 ---
Chromatic number: 7
Time taken: 12.32 seconds

--- Run 9 ---
Invalid solution found. Time taken: {run_time:.2f} seconds

--- Run 10 ---
Chromatic number: 6
Time taken: 11.30 seconds

Logs for instance queen5_5

--- Run 1 ---
Chromatic number: 5
Time taken: 10.61 seconds

--- Run 2 ---
Chromatic number: 6
Time taken: 11.21 seconds

--- Run 3 ---
Chromatic number: 7
Time taken: 11.10 seconds

Logs for instance queen5_5

--- Run 1 ---
Chromatic number: 7
Time taken: 10.33 seconds

--- Run 2 ---
Chromatic number: 7
Time taken: 10.00 seconds

--- Run 3 ---
Chromatic number: 7
Time taken: 10.48 seconds

--- Run 4 ---
Chromatic number: 6
Time taken: 11.39 seconds

--- Run 5 ---
Chromatic number: 5
Time taken: 10.87 seconds

--- Run 6 ---
Chromatic number: 8
Time taken: 10.43 seconds

--- Run 7 ---
Chromatic number: 5
Time taken: 14.49 seconds

--- Run 8 ---
Chromatic number: 9
Time taken: 12.35 seconds

--- Run 9 ---
Chromatic number: 5
Time taken: 14.28 seconds

--- Run 10 ---
Chromatic number: 5
Time taken: 13.44 seconds

Logs for instance queen5_5

--- Run 1 ---
Chromatic number: 7
Time taken: 11.11 seconds

--- Run 2 ---
Chromatic number: 5
Time taken: 10.75 seconds

--- Run 3 ---
Chromatic number: 5
Time taken: 11.13 seconds

Logs for instance queen5_5

Logs for instance queen5_5

--- Run 1 ---
Chromatic number: 7
Time taken: 13.00 seconds

--- Run 2 ---
Chromatic number: 7
Time taken: 12.70 seconds

--- Run 3 ---
Chromatic number: 5
Time taken: 13.83 seconds

--- Run 4 ---
Chromatic number: 7
Time taken: 13.16 seconds

--- Run 5 ---
Chromatic number: 6
Time taken: 12.41 seconds

--- Run 6 ---
Chromatic number: 5
Time taken: 12.12 seconds

--- Run 7 ---
Chromatic number: 7
Time taken: 12.28 seconds

--- Run 8 ---
Chromatic number: 5
Time taken: 12.24 seconds

--- Run 9 ---
Chromatic number: 5
Time taken: 12.31 seconds

--- Run 10 ---
Chromatic number: 7
Time taken: 12.27 seconds

Logs for instance queen5_5

Logs for instance queen5_5

Logs for instance queen5_5

--- Run 1 ---
Chromatic number: 7
Time taken: 17.82 seconds

--- Run 2 ---
Chromatic number: 8
Time taken: 14.88 seconds

--- Run 3 ---
Chromatic number: 8
Time taken: 17.44 seconds

Logs for instance queen5_5

--- Run 1 ---
Chromatic number: 8
Time taken: 15.54 seconds

--- Run 2 ---
Chromatic number: 6
Time taken: 16.63 seconds

--- Run 3 ---
Chromatic number: 8
Time taken: 14.27 seconds

--- Run 4 ---
Chromatic number: 6
Time taken: 15.10 seconds

Logs for instance queen5_5

--- Run 1 ---
Chromatic number: 7
Time taken: 15.60 seconds

--- Run 2 ---
Chromatic number: 8
Time taken: 16.92 seconds

--- Run 3 ---
Invalid solution found. Time taken: {run_time:.2f} seconds

--- Run 4 ---
Chromatic number: 7
Time taken: 15.05 seconds

Logs for instance queen5_5

--- Run 1 ---
Chromatic number: 6
Time taken: 20.99 seconds

--- Run 2 ---
Chromatic number: 7
Time taken: 20.12 seconds

--- Run 3 ---
Chromatic number: 5
Time taken: 20.72 seconds

--- Run 4 ---
Chromatic number: 7
Time taken: 19.76 seconds

--- Run 5 ---
Chromatic number: 7
Time taken: 19.82 seconds

--- Run 6 ---
Chromatic number: 7
Time taken: 20.10 seconds

--- Run 7 ---
Chromatic number: 6
Time taken: 20.42 seconds

--- Run 8 ---
Chromatic number: 7
Time taken: 22.94 seconds

Logs for instance queen5_5

--- Run 1 ---
Chromatic number: 8
Time taken: 14.92 seconds

--- Run 2 ---
Chromatic number: 7
Time taken: 12.61 seconds

--- Run 3 ---
Chromatic number: 7
Time taken: 12.11 seconds

--- Run 4 ---
Chromatic number: 5
Time taken: 12.84 seconds

--- Run 5 ---
Chromatic number: 6
Time taken: 12.31 seconds

--- Run 6 ---
Chromatic number: 5
Time taken: 12.73 seconds

--- Run 7 ---
Chromatic number: 7
Time taken: 13.05 seconds

--- Run 8 ---
Chromatic number: 7
Time taken: 12.38 seconds

--- Run 9 ---
Chromatic number: 5
Time taken: 12.84 seconds

--- Run 10 ---
Chromatic number: 5
Time taken: 15.92 seconds

Logs for instance queen5_5

--- Run 1 ---
Chromatic number: 7
Time taken: 24.29 seconds

--- Run 2 ---
Chromatic number: 6
Time taken: 23.86 seconds

--- Run 3 ---
Chromatic number: 7
Time taken: 21.94 seconds

--- Run 4 ---
Chromatic number: 7
Time taken: 21.96 seconds

Logs for instance queen5_5

--- Run 1 ---
Chromatic number: 7
Time taken: 12.67 seconds

--- Run 2 ---
Chromatic number: 5
Time taken: 13.17 seconds

--- Run 3 ---
Chromatic number: 7
Time taken: 13.31 seconds

--- Run 4 ---
Chromatic number: 5
Time taken: 13.91 seconds

--- Run 5 ---
Chromatic number: 5
Time taken: 13.17 seconds

--- Run 6 ---
Chromatic number: 7
Time taken: 13.03 seconds

--- Run 7 ---
Chromatic number: 7
Time taken: 13.21 seconds

--- Run 8 ---
Chromatic number: 7
Time taken: 12.80 seconds

--- Run 9 ---
Chromatic number: 7
Time taken: 12.92 seconds

--- Run 10 ---
Chromatic number: 5
Time taken: 13.34 seconds

Logs for instance queen5_5

--- Run 1 ---
Chromatic number: 7
Time taken: 13.28 seconds

--- Run 2 ---
Chromatic number: 7
Time taken: 13.38 seconds

--- Run 3 ---
Chromatic number: 7
Time taken: 13.21 seconds

--- Run 4 ---
Chromatic number: 7
Time taken: 13.04 seconds

--- Run 5 ---
Chromatic number: 7
Time taken: 13.07 seconds

--- Run 6 ---
Chromatic number: 7
Time taken: 13.30 seconds

--- Run 7 ---
Chromatic number: 7
Time taken: 13.41 seconds

Logs for instance queen5_5

--- Run 1 ---
Chromatic number: 7
Time taken: 12.92 seconds

--- Run 2 ---
Chromatic number: 7
Time taken: 13.09 seconds

--- Run 3 ---
Chromatic number: 7
Time taken: 12.59 seconds

Logs for instance queen5_5

--- Run 1 ---
Chromatic number: 7
Time taken: 14.20 seconds

--- Run 2 ---
Chromatic number: 7
Time taken: 13.25 seconds

--- Run 3 ---
Chromatic number: 7
Time taken: 12.58 seconds

--- Run 4 ---
Chromatic number: 5
Time taken: 13.04 seconds

--- Run 5 ---
Chromatic number: 7
Time taken: 13.86 seconds

--- Run 6 ---
Chromatic number: 5
Time taken: 13.19 seconds

--- Run 7 ---
Chromatic number: 7
Time taken: 13.03 seconds

--- Run 8 ---
Chromatic number: 5
Time taken: 13.20 seconds

--- Run 9 ---
Chromatic number: 7
Time taken: 13.99 seconds

--- Run 10 ---
Chromatic number: 5
Time taken: 13.05 seconds

Logs for instance queen5_5

--- Run 1 ---
Chromatic number: 7
Time taken: 11.68 seconds

--- Run 2 ---
Chromatic number: 5
Time taken: 11.84 seconds

--- Run 3 ---
Chromatic number: 7
Time taken: 12.31 seconds

--- Run 4 ---
Chromatic number: 7
Time taken: 11.38 seconds

--- Run 5 ---
Chromatic number: 5
Time taken: 11.76 seconds

Logs for instance queen5_5

--- Run 1 ---
Chromatic number: 7
Time taken: 9.02 seconds

--- Run 2 ---
Chromatic number: 7
Time taken: 9.33 seconds

--- Run 3 ---
Chromatic number: 5
Time taken: 9.07 seconds

--- Run 4 ---
Chromatic number: 5
Time taken: 8.35 seconds

--- Run 5 ---
Chromatic number: 7
Time taken: 8.87 seconds

Logs for instance queen5_5

--- Run 1 ---
Chromatic number: 8
Time taken: 6.64 seconds

--- Run 2 ---
Chromatic number: 7
Time taken: 7.27 seconds

--- Run 3 ---
Invalid solution found. Time taken: {run_time:.2f} seconds

--- Run 4 ---
Chromatic number: 8
Time taken: 7.23 seconds

--- Run 5 ---
Chromatic number: 5
Time taken: 8.10 seconds

--- Run 6 ---
Chromatic number: 7
Time taken: 10.48 seconds

--- Run 7 ---
Chromatic number: 5
Time taken: 7.61 seconds

--- Run 8 ---
Chromatic number: 5
Time taken: 8.43 seconds

--- Run 9 ---
Chromatic number: 7
Time taken: 8.73 seconds

--- Run 10 ---
Chromatic number: 7
Time taken: 8.35 seconds

Logs for instance queen5_5

--- Run 1 ---
Chromatic number: 6
Time taken: 9.21 seconds

--- Run 2 ---
Chromatic number: 6
Time taken: 8.20 seconds

--- Run 3 ---
Chromatic number: 5
Time taken: 8.91 seconds

--- Run 4 ---
Chromatic number: 7
Time taken: 8.88 seconds

--- Run 5 ---
Chromatic number: 5
Time taken: 8.72 seconds

--- Run 6 ---
Chromatic number: 5
Time taken: 8.74 seconds

--- Run 7 ---
Chromatic number: 5
Time taken: 11.08 seconds

--- Run 8 ---
Chromatic number: 7
Time taken: 11.74 seconds

--- Run 9 ---
Chromatic number: 5
Time taken: 10.60 seconds

--- Run 10 ---
Chromatic number: 7
Time taken: 9.10 seconds

Logs for instance queen5_5

--- Run 1 ---
Chromatic number: 7
Time taken: 12.79 seconds

--- Run 2 ---
Chromatic number: 7
Time taken: 12.02 seconds

--- Run 3 ---
Chromatic number: 5
Time taken: 12.02 seconds

--- Run 4 ---
Chromatic number: 5
Time taken: 10.89 seconds

--- Run 5 ---
Chromatic number: 7
Time taken: 11.08 seconds

--- Run 6 ---
Chromatic number: 5
Time taken: 10.81 seconds

--- Run 7 ---
Chromatic number: 7
Time taken: 10.69 seconds

--- Run 8 ---
Chromatic number: 7
Time taken: 11.41 seconds

--- Run 9 ---
Chromatic number: 5
Time taken: 10.15 seconds

--- Run 10 ---
Chromatic number: 5
Time taken: 10.76 seconds

